<?xml version="1.0" encoding="UTF-8"?>
<testsuite xmlns:xsi="http://www.w3.org/2001/XMLSchema-instance" xsi:noNamespaceSchemaLocation="https://maven.apache.org/surefire/maven-surefire-plugin/xsd/surefire-test-report.xsd" name="mflix.lessons.MongoClientLesson" time="16.234" tests="4" errors="0" skipped="0" failures="2">
  <properties>
    <property name="sun.desktop" value="gnome"/>
    <property name="awt.toolkit" value="sun.awt.X11.XToolkit"/>
    <property name="java.specification.version" value="11"/>
    <property name="sun.cpu.isalist" value=""/>
    <property name="sun.jnu.encoding" value="UTF-8"/>
    <property name="java.class.path" value="/home/pratyush/Documents/mongo-course/mflix/target/test-classes:/home/pratyush/Documents/mongo-course/mflix/target/classes:/home/pratyush/.m2/repository/org/springframework/boot/spring-boot-starter-web/2.0.3.RELEASE/spring-boot-starter-web-2.0.3.RELEASE.jar:/home/pratyush/.m2/repository/org/springframework/boot/spring-boot-starter/2.0.3.RELEASE/spring-boot-starter-2.0.3.RELEASE.jar:/home/pratyush/.m2/repository/org/springframework/boot/spring-boot-starter-logging/2.0.3.RELEASE/spring-boot-starter-logging-2.0.3.RELEASE.jar:/home/pratyush/.m2/repository/ch/qos/logback/logback-classic/1.2.3/logback-classic-1.2.3.jar:/home/pratyush/.m2/repository/ch/qos/logback/logback-core/1.2.3/logback-core-1.2.3.jar:/home/pratyush/.m2/repository/org/apache/logging/log4j/log4j-to-slf4j/2.10.0/log4j-to-slf4j-2.10.0.jar:/home/pratyush/.m2/repository/org/apache/logging/log4j/log4j-api/2.10.0/log4j-api-2.10.0.jar:/home/pratyush/.m2/repository/org/slf4j/jul-to-slf4j/1.7.25/jul-to-slf4j-1.7.25.jar:/home/pratyush/.m2/repository/javax/annotation/javax.annotation-api/1.3.2/javax.annotation-api-1.3.2.jar:/home/pratyush/.m2/repository/org/yaml/snakeyaml/1.19/snakeyaml-1.19.jar:/home/pratyush/.m2/repository/org/springframework/boot/spring-boot-starter-json/2.0.3.RELEASE/spring-boot-starter-json-2.0.3.RELEASE.jar:/home/pratyush/.m2/repository/com/fasterxml/jackson/datatype/jackson-datatype-jdk8/2.9.6/jackson-datatype-jdk8-2.9.6.jar:/home/pratyush/.m2/repository/com/fasterxml/jackson/datatype/jackson-datatype-jsr310/2.9.6/jackson-datatype-jsr310-2.9.6.jar:/home/pratyush/.m2/repository/com/fasterxml/jackson/module/jackson-module-parameter-names/2.9.6/jackson-module-parameter-names-2.9.6.jar:/home/pratyush/.m2/repository/org/springframework/boot/spring-boot-starter-tomcat/2.0.3.RELEASE/spring-boot-starter-tomcat-2.0.3.RELEASE.jar:/home/pratyush/.m2/repository/org/apache/tomcat/embed/tomcat-embed-core/8.5.31/tomcat-embed-core-8.5.31.jar:/home/pratyush/.m2/repository/org/apache/tomcat/embed/tomcat-embed-el/8.5.31/tomcat-embed-el-8.5.31.jar:/home/pratyush/.m2/repository/org/apache/tomcat/embed/tomcat-embed-websocket/8.5.31/tomcat-embed-websocket-8.5.31.jar:/home/pratyush/.m2/repository/org/hibernate/validator/hibernate-validator/6.0.10.Final/hibernate-validator-6.0.10.Final.jar:/home/pratyush/.m2/repository/javax/validation/validation-api/2.0.1.Final/validation-api-2.0.1.Final.jar:/home/pratyush/.m2/repository/org/jboss/logging/jboss-logging/3.3.2.Final/jboss-logging-3.3.2.Final.jar:/home/pratyush/.m2/repository/com/fasterxml/classmate/1.3.4/classmate-1.3.4.jar:/home/pratyush/.m2/repository/org/springframework/spring-webmvc/5.0.7.RELEASE/spring-webmvc-5.0.7.RELEASE.jar:/home/pratyush/.m2/repository/org/springframework/boot/spring-boot-starter-test/2.0.3.RELEASE/spring-boot-starter-test-2.0.3.RELEASE.jar:/home/pratyush/.m2/repository/org/springframework/boot/spring-boot-test/2.0.3.RELEASE/spring-boot-test-2.0.3.RELEASE.jar:/home/pratyush/.m2/repository/org/springframework/boot/spring-boot-test-autoconfigure/2.0.3.RELEASE/spring-boot-test-autoconfigure-2.0.3.RELEASE.jar:/home/pratyush/.m2/repository/com/jayway/jsonpath/json-path/2.4.0/json-path-2.4.0.jar:/home/pratyush/.m2/repository/net/minidev/json-smart/2.3/json-smart-2.3.jar:/home/pratyush/.m2/repository/net/minidev/accessors-smart/1.2/accessors-smart-1.2.jar:/home/pratyush/.m2/repository/org/ow2/asm/asm/5.0.4/asm-5.0.4.jar:/home/pratyush/.m2/repository/org/slf4j/slf4j-api/1.7.25/slf4j-api-1.7.25.jar:/home/pratyush/.m2/repository/junit/junit/4.12/junit-4.12.jar:/home/pratyush/.m2/repository/org/assertj/assertj-core/3.9.1/assertj-core-3.9.1.jar:/home/pratyush/.m2/repository/org/mockito/mockito-core/2.15.0/mockito-core-2.15.0.jar:/home/pratyush/.m2/repository/net/bytebuddy/byte-buddy/1.7.9/byte-buddy-1.7.9.jar:/home/pratyush/.m2/repository/net/bytebuddy/byte-buddy-agent/1.7.9/byte-buddy-agent-1.7.9.jar:/home/pratyush/.m2/repository/org/objenesis/objenesis/2.6/objenesis-2.6.jar:/home/pratyush/.m2/repository/org/hamcrest/hamcrest-core/1.3/hamcrest-core-1.3.jar:/home/pratyush/.m2/repository/org/hamcrest/hamcrest-library/1.3/hamcrest-library-1.3.jar:/home/pratyush/.m2/repository/org/skyscreamer/jsonassert/1.5.0/jsonassert-1.5.0.jar:/home/pratyush/.m2/repository/com/vaadin/external/google/android-json/0.0.20131108.vaadin1/android-json-0.0.20131108.vaadin1.jar:/home/pratyush/.m2/repository/org/springframework/spring-test/5.0.7.RELEASE/spring-test-5.0.7.RELEASE.jar:/home/pratyush/.m2/repository/org/xmlunit/xmlunit-core/2.5.1/xmlunit-core-2.5.1.jar:/home/pratyush/.m2/repository/org/springframework/boot/spring-boot-starter-security/2.0.4.RELEASE/spring-boot-starter-security-2.0.4.RELEASE.jar:/home/pratyush/.m2/repository/org/springframework/spring-aop/5.0.8.RELEASE/spring-aop-5.0.8.RELEASE.jar:/home/pratyush/.m2/repository/org/springframework/security/spring-security-config/5.0.7.RELEASE/spring-security-config-5.0.7.RELEASE.jar:/home/pratyush/.m2/repository/org/springframework/security/spring-security-core/5.0.7.RELEASE/spring-security-core-5.0.7.RELEASE.jar:/home/pratyush/.m2/repository/org/springframework/security/spring-security-web/5.0.7.RELEASE/spring-security-web-5.0.7.RELEASE.jar:/home/pratyush/.m2/repository/org/springframework/boot/spring-boot/2.0.4.RELEASE/spring-boot-2.0.4.RELEASE.jar:/home/pratyush/.m2/repository/org/springframework/spring-context/5.0.7.RELEASE/spring-context-5.0.7.RELEASE.jar:/home/pratyush/.m2/repository/org/springframework/spring-beans/5.0.7.RELEASE/spring-beans-5.0.7.RELEASE.jar:/home/pratyush/.m2/repository/org/springframework/spring-expression/5.0.7.RELEASE/spring-expression-5.0.7.RELEASE.jar:/home/pratyush/.m2/repository/org/springframework/spring-core/5.0.7.RELEASE/spring-core-5.0.7.RELEASE.jar:/home/pratyush/.m2/repository/org/springframework/spring-jcl/5.0.7.RELEASE/spring-jcl-5.0.7.RELEASE.jar:/home/pratyush/.m2/repository/org/springframework/boot/spring-boot-autoconfigure/2.0.3.RELEASE/spring-boot-autoconfigure-2.0.3.RELEASE.jar:/home/pratyush/.m2/repository/org/springframework/spring-web/5.0.7.RELEASE/spring-web-5.0.7.RELEASE.jar:/home/pratyush/.m2/repository/io/jsonwebtoken/jjwt/0.9.1/jjwt-0.9.1.jar:/home/pratyush/.m2/repository/com/fasterxml/jackson/core/jackson-databind/2.9.6/jackson-databind-2.9.6.jar:/home/pratyush/.m2/repository/com/fasterxml/jackson/core/jackson-annotations/2.9.0/jackson-annotations-2.9.0.jar:/home/pratyush/.m2/repository/com/fasterxml/jackson/core/jackson-core/2.9.6/jackson-core-2.9.6.jar:/home/pratyush/.m2/repository/org/junit/jupiter/junit-jupiter-api/5.1.0/junit-jupiter-api-5.1.0.jar:/home/pratyush/.m2/repository/org/apiguardian/apiguardian-api/1.0.0/apiguardian-api-1.0.0.jar:/home/pratyush/.m2/repository/org/opentest4j/opentest4j/1.0.0/opentest4j-1.0.0.jar:/home/pratyush/.m2/repository/org/junit/platform/junit-platform-commons/1.1.0/junit-platform-commons-1.1.0.jar:/home/pratyush/.m2/repository/org/mongodb/mongodb-driver-sync/3.9.1/mongodb-driver-sync-3.9.1.jar:/home/pratyush/.m2/repository/org/mongodb/bson/3.9.1/bson-3.9.1.jar:/home/pratyush/.m2/repository/org/mongodb/mongodb-driver-core/3.9.1/mongodb-driver-core-3.9.1.jar:"/>
    <property name="java.vm.vendor" value="Ubuntu"/>
    <property name="sun.arch.data.model" value="64"/>
    <property name="java.vendor.url" value="https://ubuntu.com/"/>
    <property name="user.timezone" value=""/>
    <property name="java.vm.specification.version" value="11"/>
    <property name="os.name" value="Linux"/>
    <property name="sun.java.launcher" value="SUN_STANDARD"/>
    <property name="user.country" value="IN"/>
    <property name="sun.boot.library.path" value="/usr/lib/jvm/java-11-openjdk-amd64/lib"/>
    <property name="sun.java.command" value="/home/pratyush/Documents/mongo-course/mflix/target/surefire/surefirebooter17481993544028134499.jar /home/pratyush/Documents/mongo-course/mflix/target/surefire 2020-05-06T14-51-38_402-jvmRun1 surefire5312124000640109134tmp surefire_07130572334154003780tmp"/>
    <property name="jdk.debug" value="release"/>
    <property name="test" value="MongoClientLesson"/>
    <property name="surefire.test.class.path" value="/home/pratyush/Documents/mongo-course/mflix/target/test-classes:/home/pratyush/Documents/mongo-course/mflix/target/classes:/home/pratyush/.m2/repository/org/springframework/boot/spring-boot-starter-web/2.0.3.RELEASE/spring-boot-starter-web-2.0.3.RELEASE.jar:/home/pratyush/.m2/repository/org/springframework/boot/spring-boot-starter/2.0.3.RELEASE/spring-boot-starter-2.0.3.RELEASE.jar:/home/pratyush/.m2/repository/org/springframework/boot/spring-boot-starter-logging/2.0.3.RELEASE/spring-boot-starter-logging-2.0.3.RELEASE.jar:/home/pratyush/.m2/repository/ch/qos/logback/logback-classic/1.2.3/logback-classic-1.2.3.jar:/home/pratyush/.m2/repository/ch/qos/logback/logback-core/1.2.3/logback-core-1.2.3.jar:/home/pratyush/.m2/repository/org/apache/logging/log4j/log4j-to-slf4j/2.10.0/log4j-to-slf4j-2.10.0.jar:/home/pratyush/.m2/repository/org/apache/logging/log4j/log4j-api/2.10.0/log4j-api-2.10.0.jar:/home/pratyush/.m2/repository/org/slf4j/jul-to-slf4j/1.7.25/jul-to-slf4j-1.7.25.jar:/home/pratyush/.m2/repository/javax/annotation/javax.annotation-api/1.3.2/javax.annotation-api-1.3.2.jar:/home/pratyush/.m2/repository/org/yaml/snakeyaml/1.19/snakeyaml-1.19.jar:/home/pratyush/.m2/repository/org/springframework/boot/spring-boot-starter-json/2.0.3.RELEASE/spring-boot-starter-json-2.0.3.RELEASE.jar:/home/pratyush/.m2/repository/com/fasterxml/jackson/datatype/jackson-datatype-jdk8/2.9.6/jackson-datatype-jdk8-2.9.6.jar:/home/pratyush/.m2/repository/com/fasterxml/jackson/datatype/jackson-datatype-jsr310/2.9.6/jackson-datatype-jsr310-2.9.6.jar:/home/pratyush/.m2/repository/com/fasterxml/jackson/module/jackson-module-parameter-names/2.9.6/jackson-module-parameter-names-2.9.6.jar:/home/pratyush/.m2/repository/org/springframework/boot/spring-boot-starter-tomcat/2.0.3.RELEASE/spring-boot-starter-tomcat-2.0.3.RELEASE.jar:/home/pratyush/.m2/repository/org/apache/tomcat/embed/tomcat-embed-core/8.5.31/tomcat-embed-core-8.5.31.jar:/home/pratyush/.m2/repository/org/apache/tomcat/embed/tomcat-embed-el/8.5.31/tomcat-embed-el-8.5.31.jar:/home/pratyush/.m2/repository/org/apache/tomcat/embed/tomcat-embed-websocket/8.5.31/tomcat-embed-websocket-8.5.31.jar:/home/pratyush/.m2/repository/org/hibernate/validator/hibernate-validator/6.0.10.Final/hibernate-validator-6.0.10.Final.jar:/home/pratyush/.m2/repository/javax/validation/validation-api/2.0.1.Final/validation-api-2.0.1.Final.jar:/home/pratyush/.m2/repository/org/jboss/logging/jboss-logging/3.3.2.Final/jboss-logging-3.3.2.Final.jar:/home/pratyush/.m2/repository/com/fasterxml/classmate/1.3.4/classmate-1.3.4.jar:/home/pratyush/.m2/repository/org/springframework/spring-webmvc/5.0.7.RELEASE/spring-webmvc-5.0.7.RELEASE.jar:/home/pratyush/.m2/repository/org/springframework/boot/spring-boot-starter-test/2.0.3.RELEASE/spring-boot-starter-test-2.0.3.RELEASE.jar:/home/pratyush/.m2/repository/org/springframework/boot/spring-boot-test/2.0.3.RELEASE/spring-boot-test-2.0.3.RELEASE.jar:/home/pratyush/.m2/repository/org/springframework/boot/spring-boot-test-autoconfigure/2.0.3.RELEASE/spring-boot-test-autoconfigure-2.0.3.RELEASE.jar:/home/pratyush/.m2/repository/com/jayway/jsonpath/json-path/2.4.0/json-path-2.4.0.jar:/home/pratyush/.m2/repository/net/minidev/json-smart/2.3/json-smart-2.3.jar:/home/pratyush/.m2/repository/net/minidev/accessors-smart/1.2/accessors-smart-1.2.jar:/home/pratyush/.m2/repository/org/ow2/asm/asm/5.0.4/asm-5.0.4.jar:/home/pratyush/.m2/repository/org/slf4j/slf4j-api/1.7.25/slf4j-api-1.7.25.jar:/home/pratyush/.m2/repository/junit/junit/4.12/junit-4.12.jar:/home/pratyush/.m2/repository/org/assertj/assertj-core/3.9.1/assertj-core-3.9.1.jar:/home/pratyush/.m2/repository/org/mockito/mockito-core/2.15.0/mockito-core-2.15.0.jar:/home/pratyush/.m2/repository/net/bytebuddy/byte-buddy/1.7.9/byte-buddy-1.7.9.jar:/home/pratyush/.m2/repository/net/bytebuddy/byte-buddy-agent/1.7.9/byte-buddy-agent-1.7.9.jar:/home/pratyush/.m2/repository/org/objenesis/objenesis/2.6/objenesis-2.6.jar:/home/pratyush/.m2/repository/org/hamcrest/hamcrest-core/1.3/hamcrest-core-1.3.jar:/home/pratyush/.m2/repository/org/hamcrest/hamcrest-library/1.3/hamcrest-library-1.3.jar:/home/pratyush/.m2/repository/org/skyscreamer/jsonassert/1.5.0/jsonassert-1.5.0.jar:/home/pratyush/.m2/repository/com/vaadin/external/google/android-json/0.0.20131108.vaadin1/android-json-0.0.20131108.vaadin1.jar:/home/pratyush/.m2/repository/org/springframework/spring-test/5.0.7.RELEASE/spring-test-5.0.7.RELEASE.jar:/home/pratyush/.m2/repository/org/xmlunit/xmlunit-core/2.5.1/xmlunit-core-2.5.1.jar:/home/pratyush/.m2/repository/org/springframework/boot/spring-boot-starter-security/2.0.4.RELEASE/spring-boot-starter-security-2.0.4.RELEASE.jar:/home/pratyush/.m2/repository/org/springframework/spring-aop/5.0.8.RELEASE/spring-aop-5.0.8.RELEASE.jar:/home/pratyush/.m2/repository/org/springframework/security/spring-security-config/5.0.7.RELEASE/spring-security-config-5.0.7.RELEASE.jar:/home/pratyush/.m2/repository/org/springframework/security/spring-security-core/5.0.7.RELEASE/spring-security-core-5.0.7.RELEASE.jar:/home/pratyush/.m2/repository/org/springframework/security/spring-security-web/5.0.7.RELEASE/spring-security-web-5.0.7.RELEASE.jar:/home/pratyush/.m2/repository/org/springframework/boot/spring-boot/2.0.4.RELEASE/spring-boot-2.0.4.RELEASE.jar:/home/pratyush/.m2/repository/org/springframework/spring-context/5.0.7.RELEASE/spring-context-5.0.7.RELEASE.jar:/home/pratyush/.m2/repository/org/springframework/spring-beans/5.0.7.RELEASE/spring-beans-5.0.7.RELEASE.jar:/home/pratyush/.m2/repository/org/springframework/spring-expression/5.0.7.RELEASE/spring-expression-5.0.7.RELEASE.jar:/home/pratyush/.m2/repository/org/springframework/spring-core/5.0.7.RELEASE/spring-core-5.0.7.RELEASE.jar:/home/pratyush/.m2/repository/org/springframework/spring-jcl/5.0.7.RELEASE/spring-jcl-5.0.7.RELEASE.jar:/home/pratyush/.m2/repository/org/springframework/boot/spring-boot-autoconfigure/2.0.3.RELEASE/spring-boot-autoconfigure-2.0.3.RELEASE.jar:/home/pratyush/.m2/repository/org/springframework/spring-web/5.0.7.RELEASE/spring-web-5.0.7.RELEASE.jar:/home/pratyush/.m2/repository/io/jsonwebtoken/jjwt/0.9.1/jjwt-0.9.1.jar:/home/pratyush/.m2/repository/com/fasterxml/jackson/core/jackson-databind/2.9.6/jackson-databind-2.9.6.jar:/home/pratyush/.m2/repository/com/fasterxml/jackson/core/jackson-annotations/2.9.0/jackson-annotations-2.9.0.jar:/home/pratyush/.m2/repository/com/fasterxml/jackson/core/jackson-core/2.9.6/jackson-core-2.9.6.jar:/home/pratyush/.m2/repository/org/junit/jupiter/junit-jupiter-api/5.1.0/junit-jupiter-api-5.1.0.jar:/home/pratyush/.m2/repository/org/apiguardian/apiguardian-api/1.0.0/apiguardian-api-1.0.0.jar:/home/pratyush/.m2/repository/org/opentest4j/opentest4j/1.0.0/opentest4j-1.0.0.jar:/home/pratyush/.m2/repository/org/junit/platform/junit-platform-commons/1.1.0/junit-platform-commons-1.1.0.jar:/home/pratyush/.m2/repository/org/mongodb/mongodb-driver-sync/3.9.1/mongodb-driver-sync-3.9.1.jar:/home/pratyush/.m2/repository/org/mongodb/bson/3.9.1/bson-3.9.1.jar:/home/pratyush/.m2/repository/org/mongodb/mongodb-driver-core/3.9.1/mongodb-driver-core-3.9.1.jar:"/>
    <property name="sun.cpu.endian" value="little"/>
    <property name="user.home" value="/home/pratyush"/>
    <property name="user.language" value="en"/>
    <property name="java.specification.vendor" value="Oracle Corporation"/>
    <property name="java.version.date" value="2020-04-14"/>
    <property name="java.home" value="/usr/lib/jvm/java-11-openjdk-amd64"/>
    <property name="file.separator" value="/"/>
    <property name="basedir" value="/home/pratyush/Documents/mongo-course/mflix"/>
    <property name="java.vm.compressedOopsMode" value="32-bit"/>
    <property name="line.separator" value="&#10;"/>
    <property name="java.specification.name" value="Java Platform API Specification"/>
    <property name="java.vm.specification.vendor" value="Oracle Corporation"/>
    <property name="java.awt.graphicsenv" value="sun.awt.X11GraphicsEnvironment"/>
    <property name="surefire.real.class.path" value="/home/pratyush/Documents/mongo-course/mflix/target/surefire/surefirebooter17481993544028134499.jar"/>
    <property name="sun.management.compiler" value="HotSpot 64-Bit Tiered Compilers"/>
    <property name="java.runtime.version" value="11.0.7+10-post-Ubuntu-2ubuntu218.04"/>
    <property name="user.name" value="pratyush"/>
    <property name="path.separator" value=":"/>
    <property name="os.version" value="4.15.0-99-generic"/>
    <property name="java.runtime.name" value="OpenJDK Runtime Environment"/>
    <property name="file.encoding" value="UTF-8"/>
    <property name="java.vm.name" value="OpenJDK 64-Bit Server VM"/>
    <property name="localRepository" value="/home/pratyush/.m2/repository"/>
    <property name="java.vendor.url.bug" value="https://bugs.launchpad.net/ubuntu/+source/openjdk-lts"/>
    <property name="java.io.tmpdir" value="/tmp"/>
    <property name="java.version" value="11.0.7"/>
    <property name="user.dir" value="/home/pratyush/Documents/mongo-course/mflix"/>
    <property name="os.arch" value="amd64"/>
    <property name="java.vm.specification.name" value="Java Virtual Machine Specification"/>
    <property name="java.awt.printerjob" value="sun.print.PSPrinterJob"/>
    <property name="sun.os.patch.level" value="unknown"/>
    <property name="java.library.path" value="/usr/java/packages/lib:/usr/lib/x86_64-linux-gnu/jni:/lib/x86_64-linux-gnu:/usr/lib/x86_64-linux-gnu:/usr/lib/jni:/lib:/usr/lib"/>
    <property name="java.vendor" value="Ubuntu"/>
    <property name="java.vm.info" value="mixed mode, sharing"/>
    <property name="java.vm.version" value="11.0.7+10-post-Ubuntu-2ubuntu218.04"/>
    <property name="sun.io.unicode.encoding" value="UnicodeLittle"/>
    <property name="java.class.version" value="55.0"/>
  </properties>
  <testcase name="DocumentInstance" classname="mflix.lessons.MongoClientLesson" time="5.545"/>
  <testcase name="MongoCollectionInstance" classname="mflix.lessons.MongoClientLesson" time="4.725">
    <failure message="expected:&lt;20&gt; but was:&lt;0&gt;" type="java.lang.AssertionError"><![CDATA[java.lang.AssertionError: expected:<20> but was:<0>
	at mflix.lessons.MongoClientLesson.MongoCollectionInstance(MongoClientLesson.java:176)
]]></failure>
    <system-out><![CDATA[14:51:46.364 [main] INFO org.mongodb.driver.cluster - Cluster created with settings {hosts=[mflix-shard-00-02-xqewh.mongodb.net:27017, mflix-shard-00-01-xqewh.mongodb.net:27017, mflix-shard-00-00-xqewh.mongodb.net:27017], mode=MULTIPLE, requiredClusterType=REPLICA_SET, serverSelectionTimeout='30000 ms', maxWaitQueueSize=500, requiredReplicaSetName='mflix-shard-0'}
14:51:46.364 [main] INFO org.mongodb.driver.cluster - Adding discovered server mflix-shard-00-02-xqewh.mongodb.net:27017 to client view of cluster
14:51:46.367 [main] INFO org.mongodb.driver.cluster - Adding discovered server mflix-shard-00-01-xqewh.mongodb.net:27017 to client view of cluster
14:51:46.370 [main] INFO org.mongodb.driver.cluster - Adding discovered server mflix-shard-00-00-xqewh.mongodb.net:27017 to client view of cluster
14:51:46.372 [main] DEBUG org.mongodb.driver.cluster - Updating cluster description to  {type=REPLICA_SET, servers=[{address=mflix-shard-00-01-xqewh.mongodb.net:27017, type=UNKNOWN, state=CONNECTING}, {address=mflix-shard-00-00-xqewh.mongodb.net:27017, type=UNKNOWN, state=CONNECTING}, {address=mflix-shard-00-02-xqewh.mongodb.net:27017, type=UNKNOWN, state=CONNECTING}]
14:51:46.376 [main] INFO org.mongodb.driver.cluster - Cluster created with settings {hosts=[mflix-shard-00-02-xqewh.mongodb.net:27017, mflix-shard-00-01-xqewh.mongodb.net:27017, mflix-shard-00-00-xqewh.mongodb.net:27017], mode=MULTIPLE, requiredClusterType=REPLICA_SET, serverSelectionTimeout='30000 ms', maxWaitQueueSize=500, requiredReplicaSetName='mflix-shard-0'}
14:51:46.378 [main] INFO org.mongodb.driver.cluster - Adding discovered server mflix-shard-00-02-xqewh.mongodb.net:27017 to client view of cluster
14:51:46.381 [main] INFO org.mongodb.driver.cluster - Adding discovered server mflix-shard-00-01-xqewh.mongodb.net:27017 to client view of cluster
14:51:46.383 [main] INFO org.mongodb.driver.cluster - Adding discovered server mflix-shard-00-00-xqewh.mongodb.net:27017 to client view of cluster
14:51:46.384 [main] DEBUG org.mongodb.driver.cluster - Updating cluster description to  {type=REPLICA_SET, servers=[{address=mflix-shard-00-01-xqewh.mongodb.net:27017, type=UNKNOWN, state=CONNECTING}, {address=mflix-shard-00-00-xqewh.mongodb.net:27017, type=UNKNOWN, state=CONNECTING}, {address=mflix-shard-00-02-xqewh.mongodb.net:27017, type=UNKNOWN, state=CONNECTING}]
14:51:46.389 [main] INFO org.mongodb.driver.cluster - Cluster created with settings {hosts=[mflix-shard-00-02-xqewh.mongodb.net:27017, mflix-shard-00-01-xqewh.mongodb.net:27017, mflix-shard-00-00-xqewh.mongodb.net:27017], mode=MULTIPLE, requiredClusterType=REPLICA_SET, serverSelectionTimeout='30000 ms', maxWaitQueueSize=500, requiredReplicaSetName='mflix-shard-0'}
14:51:46.390 [main] INFO org.mongodb.driver.cluster - Adding discovered server mflix-shard-00-02-xqewh.mongodb.net:27017 to client view of cluster
14:51:46.392 [main] INFO org.mongodb.driver.cluster - Adding discovered server mflix-shard-00-01-xqewh.mongodb.net:27017 to client view of cluster
14:51:46.393 [main] INFO org.mongodb.driver.cluster - Adding discovered server mflix-shard-00-00-xqewh.mongodb.net:27017 to client view of cluster
14:51:46.395 [main] DEBUG org.mongodb.driver.cluster - Updating cluster description to  {type=REPLICA_SET, servers=[{address=mflix-shard-00-01-xqewh.mongodb.net:27017, type=UNKNOWN, state=CONNECTING}, {address=mflix-shard-00-00-xqewh.mongodb.net:27017, type=UNKNOWN, state=CONNECTING}, {address=mflix-shard-00-02-xqewh.mongodb.net:27017, type=UNKNOWN, state=CONNECTING}]
14:51:46.411 [main] INFO org.mongodb.driver.cluster - No server chosen by com.mongodb.client.internal.MongoClientDelegate$1@54bff557 from cluster description ClusterDescription{type=REPLICA_SET, connectionMode=MULTIPLE, serverDescriptions=[ServerDescription{address=mflix-shard-00-01-xqewh.mongodb.net:27017, type=UNKNOWN, state=CONNECTING}, ServerDescription{address=mflix-shard-00-00-xqewh.mongodb.net:27017, type=UNKNOWN, state=CONNECTING}, ServerDescription{address=mflix-shard-00-02-xqewh.mongodb.net:27017, type=UNKNOWN, state=CONNECTING}]}. Waiting for 30000 ms before timing out
14:51:47.732 [cluster-ClusterId{value='5eb281aaf83d4819dbcf3b72', description='null'}-mflix-shard-00-02-xqewh.mongodb.net:27017] INFO org.mongodb.driver.connection - Opened connection [connectionId{localValue:14, serverValue:168031}] to mflix-shard-00-02-xqewh.mongodb.net:27017
14:51:47.733 [cluster-ClusterId{value='5eb281aaf83d4819dbcf3b72', description='null'}-mflix-shard-00-02-xqewh.mongodb.net:27017] DEBUG org.mongodb.driver.cluster - Checking status of mflix-shard-00-02-xqewh.mongodb.net:27017
14:51:47.737 [cluster-ClusterId{value='5eb281aaf83d4819dbcf3b72', description='null'}-mflix-shard-00-02-xqewh.mongodb.net:27017] DEBUG org.mongodb.driver.protocol.command - Sending command '{ "ismaster" : 1, "$db" : "admin" }' with request id 65 to database admin on connection [connectionId{localValue:14, serverValue:168031}] to server mflix-shard-00-02-xqewh.mongodb.net:27017
14:51:47.982 [cluster-ClusterId{value='5eb281aaf83d4819dbcf3b72', description='null'}-mflix-shard-00-00-xqewh.mongodb.net:27017] INFO org.mongodb.driver.connection - Opened connection [connectionId{localValue:16, serverValue:159736}] to mflix-shard-00-00-xqewh.mongodb.net:27017
14:51:47.983 [cluster-ClusterId{value='5eb281aaf83d4819dbcf3b72', description='null'}-mflix-shard-00-00-xqewh.mongodb.net:27017] DEBUG org.mongodb.driver.cluster - Checking status of mflix-shard-00-00-xqewh.mongodb.net:27017
14:51:47.985 [cluster-ClusterId{value='5eb281aaf83d4819dbcf3b72', description='null'}-mflix-shard-00-00-xqewh.mongodb.net:27017] DEBUG org.mongodb.driver.protocol.command - Sending command '{ "ismaster" : 1, "$db" : "admin" }' with request id 72 to database admin on connection [connectionId{localValue:16, serverValue:159736}] to server mflix-shard-00-00-xqewh.mongodb.net:27017
14:51:47.987 [cluster-ClusterId{value='5eb281aaf83d4819dbcf3b72', description='null'}-mflix-shard-00-02-xqewh.mongodb.net:27017] DEBUG org.mongodb.driver.protocol.command - Execution of command with request id 65 completed successfully in 250.91 ms on connection [connectionId{localValue:14, serverValue:168031}] to server mflix-shard-00-02-xqewh.mongodb.net:27017
14:51:47.989 [cluster-ClusterId{value='5eb281aaf83d4819dbcf3b72', description='null'}-mflix-shard-00-02-xqewh.mongodb.net:27017] INFO org.mongodb.driver.cluster - Monitor thread successfully connected to server with description ServerDescription{address=mflix-shard-00-02-xqewh.mongodb.net:27017, type=REPLICA_SET_SECONDARY, state=CONNECTED, ok=true, version=ServerVersion{versionList=[4, 2, 6]}, minWireVersion=0, maxWireVersion=8, maxDocumentSize=16777216, logicalSessionTimeoutMinutes=30, roundTripTimeNanos=253371952, setName='mflix-shard-0', canonicalAddress=mflix-shard-00-02-xqewh.mongodb.net:27017, hosts=[mflix-shard-00-02-xqewh.mongodb.net:27017, mflix-shard-00-01-xqewh.mongodb.net:27017, mflix-shard-00-00-xqewh.mongodb.net:27017], passives=[], arbiters=[], primary='mflix-shard-00-01-xqewh.mongodb.net:27017', tagSet=TagSet{[Tag{name='provider', value='AWS'}, Tag{name='region', value='US_EAST_1'}, Tag{name='nodeType', value='ELECTABLE'}]}, electionId=null, setVersion=2, lastWriteDate=Wed May 06 14:51:46 IST 2020, lastUpdateTimeNanos=4862572944137}
14:51:47.992 [cluster-ClusterId{value='5eb281aaf83d4819dbcf3b72', description='null'}-mflix-shard-00-02-xqewh.mongodb.net:27017] DEBUG org.mongodb.driver.cluster - Updating cluster description to  {type=REPLICA_SET, servers=[{address=mflix-shard-00-01-xqewh.mongodb.net:27017, type=UNKNOWN, state=CONNECTING}, {address=mflix-shard-00-00-xqewh.mongodb.net:27017, type=UNKNOWN, state=CONNECTING}, {address=mflix-shard-00-02-xqewh.mongodb.net:27017, type=REPLICA_SET_SECONDARY, TagSet{[Tag{name='provider', value='AWS'}, Tag{name='region', value='US_EAST_1'}, Tag{name='nodeType', value='ELECTABLE'}]}, roundTripTime=253.4 ms, state=CONNECTED}]
14:51:47.994 [cluster-ClusterId{value='5eb281aaf83d4819dbcf3b73', description='null'}-mflix-shard-00-01-xqewh.mongodb.net:27017] INFO org.mongodb.driver.connection - Opened connection [connectionId{localValue:17, serverValue:207783}] to mflix-shard-00-01-xqewh.mongodb.net:27017
14:51:47.995 [cluster-ClusterId{value='5eb281aaf83d4819dbcf3b73', description='null'}-mflix-shard-00-01-xqewh.mongodb.net:27017] DEBUG org.mongodb.driver.cluster - Checking status of mflix-shard-00-01-xqewh.mongodb.net:27017
14:51:47.995 [cluster-ClusterId{value='5eb281aaf83d4819dbcf3b73', description='null'}-mflix-shard-00-01-xqewh.mongodb.net:27017] DEBUG org.mongodb.driver.protocol.command - Sending command '{ "ismaster" : 1, "$db" : "admin" }' with request id 73 to database admin on connection [connectionId{localValue:17, serverValue:207783}] to server mflix-shard-00-01-xqewh.mongodb.net:27017
14:51:47.999 [cluster-ClusterId{value='5eb281aaf83d4819dbcf3b72', description='null'}-mflix-shard-00-01-xqewh.mongodb.net:27017] INFO org.mongodb.driver.connection - Opened connection [connectionId{localValue:15, serverValue:207783}] to mflix-shard-00-01-xqewh.mongodb.net:27017
14:51:47.999 [cluster-ClusterId{value='5eb281aaf83d4819dbcf3b72', description='null'}-mflix-shard-00-01-xqewh.mongodb.net:27017] DEBUG org.mongodb.driver.cluster - Checking status of mflix-shard-00-01-xqewh.mongodb.net:27017
14:51:48.000 [cluster-ClusterId{value='5eb281aaf83d4819dbcf3b72', description='null'}-mflix-shard-00-01-xqewh.mongodb.net:27017] DEBUG org.mongodb.driver.protocol.command - Sending command '{ "ismaster" : 1, "$db" : "admin", "$clusterTime" : { "clusterTime" : { "$timestamp" : { "t" : 1588756906, "i" : 1 } }, "signature" : { "hash" : { "$binary" : { "base64" : "l1mLIkYgS5dEpD4oT+ZyTAnCW1Q=", "subType" : "00" } }, "keyId" : 6819605014537830403 } } }' with request id 74 to database admin on connection [connectionId{localValue:15, serverValue:207783}] to server mflix-shard-00-01-xqewh.mongodb.net:27017
14:51:48.082 [cluster-ClusterId{value='5eb281aaf83d4819dbcf3b73', description='null'}-mflix-shard-00-02-xqewh.mongodb.net:27017] INFO org.mongodb.driver.connection - Opened connection [connectionId{localValue:18, serverValue:168031}] to mflix-shard-00-02-xqewh.mongodb.net:27017
14:51:48.082 [cluster-ClusterId{value='5eb281aaf83d4819dbcf3b73', description='null'}-mflix-shard-00-02-xqewh.mongodb.net:27017] DEBUG org.mongodb.driver.cluster - Checking status of mflix-shard-00-02-xqewh.mongodb.net:27017
14:51:48.083 [cluster-ClusterId{value='5eb281aaf83d4819dbcf3b73', description='null'}-mflix-shard-00-02-xqewh.mongodb.net:27017] DEBUG org.mongodb.driver.protocol.command - Sending command '{ "ismaster" : 1, "$db" : "admin" }' with request id 75 to database admin on connection [connectionId{localValue:18, serverValue:168031}] to server mflix-shard-00-02-xqewh.mongodb.net:27017
14:51:48.100 [cluster-ClusterId{value='5eb281aaf83d4819dbcf3b71', description='null'}-mflix-shard-00-00-xqewh.mongodb.net:27017] INFO org.mongodb.driver.connection - Opened connection [connectionId{localValue:13, serverValue:159736}] to mflix-shard-00-00-xqewh.mongodb.net:27017
14:51:48.100 [cluster-ClusterId{value='5eb281aaf83d4819dbcf3b71', description='null'}-mflix-shard-00-00-xqewh.mongodb.net:27017] DEBUG org.mongodb.driver.cluster - Checking status of mflix-shard-00-00-xqewh.mongodb.net:27017
14:51:48.101 [cluster-ClusterId{value='5eb281aaf83d4819dbcf3b71', description='null'}-mflix-shard-00-00-xqewh.mongodb.net:27017] DEBUG org.mongodb.driver.protocol.command - Sending command '{ "ismaster" : 1, "$db" : "admin" }' with request id 76 to database admin on connection [connectionId{localValue:13, serverValue:159736}] to server mflix-shard-00-00-xqewh.mongodb.net:27017
14:51:48.112 [cluster-ClusterId{value='5eb281aaf83d4819dbcf3b71', description='null'}-mflix-shard-00-02-xqewh.mongodb.net:27017] INFO org.mongodb.driver.connection - Opened connection [connectionId{localValue:11, serverValue:168031}] to mflix-shard-00-02-xqewh.mongodb.net:27017
14:51:48.112 [cluster-ClusterId{value='5eb281aaf83d4819dbcf3b71', description='null'}-mflix-shard-00-02-xqewh.mongodb.net:27017] DEBUG org.mongodb.driver.cluster - Checking status of mflix-shard-00-02-xqewh.mongodb.net:27017
14:51:48.114 [cluster-ClusterId{value='5eb281aaf83d4819dbcf3b71', description='null'}-mflix-shard-00-02-xqewh.mongodb.net:27017] DEBUG org.mongodb.driver.protocol.command - Sending command '{ "ismaster" : 1, "$db" : "admin" }' with request id 77 to database admin on connection [connectionId{localValue:11, serverValue:168031}] to server mflix-shard-00-02-xqewh.mongodb.net:27017
14:51:48.125 [cluster-ClusterId{value='5eb281aaf83d4819dbcf3b71', description='null'}-mflix-shard-00-01-xqewh.mongodb.net:27017] INFO org.mongodb.driver.connection - Opened connection [connectionId{localValue:12, serverValue:207783}] to mflix-shard-00-01-xqewh.mongodb.net:27017
14:51:48.125 [cluster-ClusterId{value='5eb281aaf83d4819dbcf3b71', description='null'}-mflix-shard-00-01-xqewh.mongodb.net:27017] DEBUG org.mongodb.driver.cluster - Checking status of mflix-shard-00-01-xqewh.mongodb.net:27017
14:51:48.126 [cluster-ClusterId{value='5eb281aaf83d4819dbcf3b71', description='null'}-mflix-shard-00-01-xqewh.mongodb.net:27017] DEBUG org.mongodb.driver.protocol.command - Sending command '{ "ismaster" : 1, "$db" : "admin" }' with request id 78 to database admin on connection [connectionId{localValue:12, serverValue:207783}] to server mflix-shard-00-01-xqewh.mongodb.net:27017
14:51:48.191 [cluster-ClusterId{value='5eb281aaf83d4819dbcf3b73', description='null'}-mflix-shard-00-00-xqewh.mongodb.net:27017] INFO org.mongodb.driver.connection - Opened connection [connectionId{localValue:19, serverValue:159736}] to mflix-shard-00-00-xqewh.mongodb.net:27017
14:51:48.191 [cluster-ClusterId{value='5eb281aaf83d4819dbcf3b73', description='null'}-mflix-shard-00-00-xqewh.mongodb.net:27017] DEBUG org.mongodb.driver.cluster - Checking status of mflix-shard-00-00-xqewh.mongodb.net:27017
14:51:48.193 [cluster-ClusterId{value='5eb281aaf83d4819dbcf3b73', description='null'}-mflix-shard-00-00-xqewh.mongodb.net:27017] DEBUG org.mongodb.driver.protocol.command - Sending command '{ "ismaster" : 1, "$db" : "admin" }' with request id 79 to database admin on connection [connectionId{localValue:19, serverValue:159736}] to server mflix-shard-00-00-xqewh.mongodb.net:27017
14:51:48.297 [cluster-ClusterId{value='5eb281aaf83d4819dbcf3b72', description='null'}-mflix-shard-00-00-xqewh.mongodb.net:27017] DEBUG org.mongodb.driver.protocol.command - Execution of command with request id 72 completed successfully in 312.05 ms on connection [connectionId{localValue:16, serverValue:159736}] to server mflix-shard-00-00-xqewh.mongodb.net:27017
14:51:48.297 [cluster-ClusterId{value='5eb281aaf83d4819dbcf3b72', description='null'}-mflix-shard-00-00-xqewh.mongodb.net:27017] INFO org.mongodb.driver.cluster - Monitor thread successfully connected to server with description ServerDescription{address=mflix-shard-00-00-xqewh.mongodb.net:27017, type=REPLICA_SET_SECONDARY, state=CONNECTED, ok=true, version=ServerVersion{versionList=[4, 2, 6]}, minWireVersion=0, maxWireVersion=8, maxDocumentSize=16777216, logicalSessionTimeoutMinutes=30, roundTripTimeNanos=313804096, setName='mflix-shard-0', canonicalAddress=mflix-shard-00-00-xqewh.mongodb.net:27017, hosts=[mflix-shard-00-02-xqewh.mongodb.net:27017, mflix-shard-00-01-xqewh.mongodb.net:27017, mflix-shard-00-00-xqewh.mongodb.net:27017], passives=[], arbiters=[], primary='mflix-shard-00-01-xqewh.mongodb.net:27017', tagSet=TagSet{[Tag{name='nodeType', value='ELECTABLE'}, Tag{name='region', value='US_EAST_1'}, Tag{name='provider', value='AWS'}]}, electionId=null, setVersion=2, lastWriteDate=Wed May 06 14:51:46 IST 2020, lastUpdateTimeNanos=4862881537256}
14:51:48.298 [cluster-ClusterId{value='5eb281aaf83d4819dbcf3b72', description='null'}-mflix-shard-00-00-xqewh.mongodb.net:27017] DEBUG org.mongodb.driver.cluster - Updating cluster description to  {type=REPLICA_SET, servers=[{address=mflix-shard-00-01-xqewh.mongodb.net:27017, type=UNKNOWN, state=CONNECTING}, {address=mflix-shard-00-00-xqewh.mongodb.net:27017, type=REPLICA_SET_SECONDARY, TagSet{[Tag{name='nodeType', value='ELECTABLE'}, Tag{name='region', value='US_EAST_1'}, Tag{name='provider', value='AWS'}]}, roundTripTime=313.8 ms, state=CONNECTED}, {address=mflix-shard-00-02-xqewh.mongodb.net:27017, type=REPLICA_SET_SECONDARY, TagSet{[Tag{name='provider', value='AWS'}, Tag{name='region', value='US_EAST_1'}, Tag{name='nodeType', value='ELECTABLE'}]}, roundTripTime=253.4 ms, state=CONNECTED}]
14:51:48.316 [cluster-ClusterId{value='5eb281aaf83d4819dbcf3b73', description='null'}-mflix-shard-00-01-xqewh.mongodb.net:27017] DEBUG org.mongodb.driver.protocol.command - Execution of command with request id 73 completed successfully in 320.62 ms on connection [connectionId{localValue:17, serverValue:207783}] to server mflix-shard-00-01-xqewh.mongodb.net:27017
14:51:48.317 [cluster-ClusterId{value='5eb281aaf83d4819dbcf3b73', description='null'}-mflix-shard-00-01-xqewh.mongodb.net:27017] INFO org.mongodb.driver.cluster - Monitor thread successfully connected to server with description ServerDescription{address=mflix-shard-00-01-xqewh.mongodb.net:27017, type=REPLICA_SET_PRIMARY, state=CONNECTED, ok=true, version=ServerVersion{versionList=[4, 2, 6]}, minWireVersion=0, maxWireVersion=8, maxDocumentSize=16777216, logicalSessionTimeoutMinutes=30, roundTripTimeNanos=322001479, setName='mflix-shard-0', canonicalAddress=mflix-shard-00-01-xqewh.mongodb.net:27017, hosts=[mflix-shard-00-02-xqewh.mongodb.net:27017, mflix-shard-00-01-xqewh.mongodb.net:27017, mflix-shard-00-00-xqewh.mongodb.net:27017], passives=[], arbiters=[], primary='mflix-shard-00-01-xqewh.mongodb.net:27017', tagSet=TagSet{[Tag{name='provider', value='AWS'}, Tag{name='region', value='US_EAST_1'}, Tag{name='nodeType', value='ELECTABLE'}]}, electionId=7fffffff0000000000000003, setVersion=2, lastWriteDate=Wed May 06 14:51:46 IST 2020, lastUpdateTimeNanos=4862901169183}
14:51:48.318 [cluster-ClusterId{value='5eb281aaf83d4819dbcf3b73', description='null'}-mflix-shard-00-01-xqewh.mongodb.net:27017] INFO org.mongodb.driver.cluster - Setting max election id to 7fffffff0000000000000003 from replica set primary mflix-shard-00-01-xqewh.mongodb.net:27017
14:51:48.319 [cluster-ClusterId{value='5eb281aaf83d4819dbcf3b73', description='null'}-mflix-shard-00-01-xqewh.mongodb.net:27017] INFO org.mongodb.driver.cluster - Setting max set version to 2 from replica set primary mflix-shard-00-01-xqewh.mongodb.net:27017
14:51:48.319 [cluster-ClusterId{value='5eb281aaf83d4819dbcf3b73', description='null'}-mflix-shard-00-01-xqewh.mongodb.net:27017] INFO org.mongodb.driver.cluster - Discovered replica set primary mflix-shard-00-01-xqewh.mongodb.net:27017
14:51:48.319 [cluster-ClusterId{value='5eb281aaf83d4819dbcf3b73', description='null'}-mflix-shard-00-01-xqewh.mongodb.net:27017] DEBUG org.mongodb.driver.cluster - Updating cluster description to  {type=REPLICA_SET, servers=[{address=mflix-shard-00-01-xqewh.mongodb.net:27017, type=REPLICA_SET_PRIMARY, TagSet{[Tag{name='provider', value='AWS'}, Tag{name='region', value='US_EAST_1'}, Tag{name='nodeType', value='ELECTABLE'}]}, roundTripTime=322.0 ms, state=CONNECTED}, {address=mflix-shard-00-00-xqewh.mongodb.net:27017, type=UNKNOWN, state=CONNECTING}, {address=mflix-shard-00-02-xqewh.mongodb.net:27017, type=UNKNOWN, state=CONNECTING}]
14:51:48.322 [cluster-ClusterId{value='5eb281aaf83d4819dbcf3b72', description='null'}-mflix-shard-00-01-xqewh.mongodb.net:27017] DEBUG org.mongodb.driver.protocol.command - Execution of command with request id 74 completed successfully in 321.73 ms on connection [connectionId{localValue:15, serverValue:207783}] to server mflix-shard-00-01-xqewh.mongodb.net:27017
14:51:48.323 [cluster-ClusterId{value='5eb281aaf83d4819dbcf3b72', description='null'}-mflix-shard-00-01-xqewh.mongodb.net:27017] INFO org.mongodb.driver.cluster - Monitor thread successfully connected to server with description ServerDescription{address=mflix-shard-00-01-xqewh.mongodb.net:27017, type=REPLICA_SET_PRIMARY, state=CONNECTED, ok=true, version=ServerVersion{versionList=[4, 2, 6]}, minWireVersion=0, maxWireVersion=8, maxDocumentSize=16777216, logicalSessionTimeoutMinutes=30, roundTripTimeNanos=323528714, setName='mflix-shard-0', canonicalAddress=mflix-shard-00-01-xqewh.mongodb.net:27017, hosts=[mflix-shard-00-02-xqewh.mongodb.net:27017, mflix-shard-00-01-xqewh.mongodb.net:27017, mflix-shard-00-00-xqewh.mongodb.net:27017], passives=[], arbiters=[], primary='mflix-shard-00-01-xqewh.mongodb.net:27017', tagSet=TagSet{[Tag{name='provider', value='AWS'}, Tag{name='region', value='US_EAST_1'}, Tag{name='nodeType', value='ELECTABLE'}]}, electionId=7fffffff0000000000000003, setVersion=2, lastWriteDate=Wed May 06 14:51:46 IST 2020, lastUpdateTimeNanos=4862907034179}
14:51:48.324 [cluster-ClusterId{value='5eb281aaf83d4819dbcf3b72', description='null'}-mflix-shard-00-01-xqewh.mongodb.net:27017] INFO org.mongodb.driver.cluster - Setting max election id to 7fffffff0000000000000003 from replica set primary mflix-shard-00-01-xqewh.mongodb.net:27017
14:51:48.324 [cluster-ClusterId{value='5eb281aaf83d4819dbcf3b72', description='null'}-mflix-shard-00-01-xqewh.mongodb.net:27017] INFO org.mongodb.driver.cluster - Setting max set version to 2 from replica set primary mflix-shard-00-01-xqewh.mongodb.net:27017
14:51:48.325 [cluster-ClusterId{value='5eb281aaf83d4819dbcf3b72', description='null'}-mflix-shard-00-01-xqewh.mongodb.net:27017] INFO org.mongodb.driver.cluster - Discovered replica set primary mflix-shard-00-01-xqewh.mongodb.net:27017
14:51:48.326 [cluster-ClusterId{value='5eb281aaf83d4819dbcf3b72', description='null'}-mflix-shard-00-01-xqewh.mongodb.net:27017] DEBUG org.mongodb.driver.cluster - Updating cluster description to  {type=REPLICA_SET, servers=[{address=mflix-shard-00-01-xqewh.mongodb.net:27017, type=REPLICA_SET_PRIMARY, TagSet{[Tag{name='provider', value='AWS'}, Tag{name='region', value='US_EAST_1'}, Tag{name='nodeType', value='ELECTABLE'}]}, roundTripTime=323.5 ms, state=CONNECTED}, {address=mflix-shard-00-00-xqewh.mongodb.net:27017, type=REPLICA_SET_SECONDARY, TagSet{[Tag{name='nodeType', value='ELECTABLE'}, Tag{name='region', value='US_EAST_1'}, Tag{name='provider', value='AWS'}]}, roundTripTime=313.8 ms, state=CONNECTED}, {address=mflix-shard-00-02-xqewh.mongodb.net:27017, type=REPLICA_SET_SECONDARY, TagSet{[Tag{name='provider', value='AWS'}, Tag{name='region', value='US_EAST_1'}, Tag{name='nodeType', value='ELECTABLE'}]}, roundTripTime=253.4 ms, state=CONNECTED}]
14:51:48.369 [cluster-ClusterId{value='5eb281aaf83d4819dbcf3b73', description='null'}-mflix-shard-00-02-xqewh.mongodb.net:27017] DEBUG org.mongodb.driver.protocol.command - Execution of command with request id 75 completed successfully in 285.37 ms on connection [connectionId{localValue:18, serverValue:168031}] to server mflix-shard-00-02-xqewh.mongodb.net:27017
14:51:48.370 [cluster-ClusterId{value='5eb281aaf83d4819dbcf3b73', description='null'}-mflix-shard-00-02-xqewh.mongodb.net:27017] INFO org.mongodb.driver.cluster - Monitor thread successfully connected to server with description ServerDescription{address=mflix-shard-00-02-xqewh.mongodb.net:27017, type=REPLICA_SET_SECONDARY, state=CONNECTED, ok=true, version=ServerVersion{versionList=[4, 2, 6]}, minWireVersion=0, maxWireVersion=8, maxDocumentSize=16777216, logicalSessionTimeoutMinutes=30, roundTripTimeNanos=287157186, setName='mflix-shard-0', canonicalAddress=mflix-shard-00-02-xqewh.mongodb.net:27017, hosts=[mflix-shard-00-02-xqewh.mongodb.net:27017, mflix-shard-00-01-xqewh.mongodb.net:27017, mflix-shard-00-00-xqewh.mongodb.net:27017], passives=[], arbiters=[], primary='mflix-shard-00-01-xqewh.mongodb.net:27017', tagSet=TagSet{[Tag{name='provider', value='AWS'}, Tag{name='region', value='US_EAST_1'}, Tag{name='nodeType', value='ELECTABLE'}]}, electionId=null, setVersion=2, lastWriteDate=Wed May 06 14:51:46 IST 2020, lastUpdateTimeNanos=4862953999233}
14:51:48.372 [cluster-ClusterId{value='5eb281aaf83d4819dbcf3b73', description='null'}-mflix-shard-00-02-xqewh.mongodb.net:27017] DEBUG org.mongodb.driver.cluster - Updating cluster description to  {type=REPLICA_SET, servers=[{address=mflix-shard-00-01-xqewh.mongodb.net:27017, type=REPLICA_SET_PRIMARY, TagSet{[Tag{name='provider', value='AWS'}, Tag{name='region', value='US_EAST_1'}, Tag{name='nodeType', value='ELECTABLE'}]}, roundTripTime=322.0 ms, state=CONNECTED}, {address=mflix-shard-00-00-xqewh.mongodb.net:27017, type=UNKNOWN, state=CONNECTING}, {address=mflix-shard-00-02-xqewh.mongodb.net:27017, type=REPLICA_SET_SECONDARY, TagSet{[Tag{name='provider', value='AWS'}, Tag{name='region', value='US_EAST_1'}, Tag{name='nodeType', value='ELECTABLE'}]}, roundTripTime=287.2 ms, state=CONNECTED}]
14:51:48.375 [cluster-ClusterId{value='5eb281aaf83d4819dbcf3b71', description='null'}-mflix-shard-00-00-xqewh.mongodb.net:27017] DEBUG org.mongodb.driver.protocol.command - Execution of command with request id 76 completed successfully in 273.82 ms on connection [connectionId{localValue:13, serverValue:159736}] to server mflix-shard-00-00-xqewh.mongodb.net:27017
14:51:48.376 [cluster-ClusterId{value='5eb281aaf83d4819dbcf3b71', description='null'}-mflix-shard-00-00-xqewh.mongodb.net:27017] INFO org.mongodb.driver.cluster - Monitor thread successfully connected to server with description ServerDescription{address=mflix-shard-00-00-xqewh.mongodb.net:27017, type=REPLICA_SET_SECONDARY, state=CONNECTED, ok=true, version=ServerVersion{versionList=[4, 2, 6]}, minWireVersion=0, maxWireVersion=8, maxDocumentSize=16777216, logicalSessionTimeoutMinutes=30, roundTripTimeNanos=275169112, setName='mflix-shard-0', canonicalAddress=mflix-shard-00-00-xqewh.mongodb.net:27017, hosts=[mflix-shard-00-02-xqewh.mongodb.net:27017, mflix-shard-00-01-xqewh.mongodb.net:27017, mflix-shard-00-00-xqewh.mongodb.net:27017], passives=[], arbiters=[], primary='mflix-shard-00-01-xqewh.mongodb.net:27017', tagSet=TagSet{[Tag{name='nodeType', value='ELECTABLE'}, Tag{name='region', value='US_EAST_1'}, Tag{name='provider', value='AWS'}]}, electionId=null, setVersion=2, lastWriteDate=Wed May 06 14:51:46 IST 2020, lastUpdateTimeNanos=4862960202444}
14:51:48.377 [cluster-ClusterId{value='5eb281aaf83d4819dbcf3b71', description='null'}-mflix-shard-00-00-xqewh.mongodb.net:27017] DEBUG org.mongodb.driver.cluster - Updating cluster description to  {type=REPLICA_SET, servers=[{address=mflix-shard-00-01-xqewh.mongodb.net:27017, type=UNKNOWN, state=CONNECTING}, {address=mflix-shard-00-00-xqewh.mongodb.net:27017, type=REPLICA_SET_SECONDARY, TagSet{[Tag{name='nodeType', value='ELECTABLE'}, Tag{name='region', value='US_EAST_1'}, Tag{name='provider', value='AWS'}]}, roundTripTime=275.2 ms, state=CONNECTED}, {address=mflix-shard-00-02-xqewh.mongodb.net:27017, type=UNKNOWN, state=CONNECTING}]
14:51:48.394 [cluster-ClusterId{value='5eb281aaf83d4819dbcf3b71', description='null'}-mflix-shard-00-02-xqewh.mongodb.net:27017] DEBUG org.mongodb.driver.protocol.command - Execution of command with request id 77 completed successfully in 280.87 ms on connection [connectionId{localValue:11, serverValue:168031}] to server mflix-shard-00-02-xqewh.mongodb.net:27017
14:51:48.396 [cluster-ClusterId{value='5eb281aaf83d4819dbcf3b71', description='null'}-mflix-shard-00-02-xqewh.mongodb.net:27017] INFO org.mongodb.driver.cluster - Monitor thread successfully connected to server with description ServerDescription{address=mflix-shard-00-02-xqewh.mongodb.net:27017, type=REPLICA_SET_SECONDARY, state=CONNECTED, ok=true, version=ServerVersion{versionList=[4, 2, 6]}, minWireVersion=0, maxWireVersion=8, maxDocumentSize=16777216, logicalSessionTimeoutMinutes=30, roundTripTimeNanos=282645452, setName='mflix-shard-0', canonicalAddress=mflix-shard-00-02-xqewh.mongodb.net:27017, hosts=[mflix-shard-00-02-xqewh.mongodb.net:27017, mflix-shard-00-01-xqewh.mongodb.net:27017, mflix-shard-00-00-xqewh.mongodb.net:27017], passives=[], arbiters=[], primary='mflix-shard-00-01-xqewh.mongodb.net:27017', tagSet=TagSet{[Tag{name='provider', value='AWS'}, Tag{name='region', value='US_EAST_1'}, Tag{name='nodeType', value='ELECTABLE'}]}, electionId=null, setVersion=2, lastWriteDate=Wed May 06 14:51:46 IST 2020, lastUpdateTimeNanos=4862979632202}
14:51:48.397 [cluster-ClusterId{value='5eb281aaf83d4819dbcf3b71', description='null'}-mflix-shard-00-02-xqewh.mongodb.net:27017] DEBUG org.mongodb.driver.cluster - Updating cluster description to  {type=REPLICA_SET, servers=[{address=mflix-shard-00-01-xqewh.mongodb.net:27017, type=UNKNOWN, state=CONNECTING}, {address=mflix-shard-00-00-xqewh.mongodb.net:27017, type=REPLICA_SET_SECONDARY, TagSet{[Tag{name='nodeType', value='ELECTABLE'}, Tag{name='region', value='US_EAST_1'}, Tag{name='provider', value='AWS'}]}, roundTripTime=275.2 ms, state=CONNECTED}, {address=mflix-shard-00-02-xqewh.mongodb.net:27017, type=REPLICA_SET_SECONDARY, TagSet{[Tag{name='provider', value='AWS'}, Tag{name='region', value='US_EAST_1'}, Tag{name='nodeType', value='ELECTABLE'}]}, roundTripTime=282.6 ms, state=CONNECTED}]
14:51:48.400 [cluster-ClusterId{value='5eb281aaf83d4819dbcf3b71', description='null'}-mflix-shard-00-01-xqewh.mongodb.net:27017] DEBUG org.mongodb.driver.protocol.command - Execution of command with request id 78 completed successfully in 274.25 ms on connection [connectionId{localValue:12, serverValue:207783}] to server mflix-shard-00-01-xqewh.mongodb.net:27017
14:51:48.401 [cluster-ClusterId{value='5eb281aaf83d4819dbcf3b71', description='null'}-mflix-shard-00-01-xqewh.mongodb.net:27017] INFO org.mongodb.driver.cluster - Monitor thread successfully connected to server with description ServerDescription{address=mflix-shard-00-01-xqewh.mongodb.net:27017, type=REPLICA_SET_PRIMARY, state=CONNECTED, ok=true, version=ServerVersion{versionList=[4, 2, 6]}, minWireVersion=0, maxWireVersion=8, maxDocumentSize=16777216, logicalSessionTimeoutMinutes=30, roundTripTimeNanos=275383625, setName='mflix-shard-0', canonicalAddress=mflix-shard-00-01-xqewh.mongodb.net:27017, hosts=[mflix-shard-00-02-xqewh.mongodb.net:27017, mflix-shard-00-01-xqewh.mongodb.net:27017, mflix-shard-00-00-xqewh.mongodb.net:27017], passives=[], arbiters=[], primary='mflix-shard-00-01-xqewh.mongodb.net:27017', tagSet=TagSet{[Tag{name='provider', value='AWS'}, Tag{name='region', value='US_EAST_1'}, Tag{name='nodeType', value='ELECTABLE'}]}, electionId=7fffffff0000000000000003, setVersion=2, lastWriteDate=Wed May 06 14:51:46 IST 2020, lastUpdateTimeNanos=4862984885470}
14:51:48.401 [cluster-ClusterId{value='5eb281aaf83d4819dbcf3b71', description='null'}-mflix-shard-00-01-xqewh.mongodb.net:27017] INFO org.mongodb.driver.cluster - Setting max election id to 7fffffff0000000000000003 from replica set primary mflix-shard-00-01-xqewh.mongodb.net:27017
14:51:48.401 [cluster-ClusterId{value='5eb281aaf83d4819dbcf3b71', description='null'}-mflix-shard-00-01-xqewh.mongodb.net:27017] INFO org.mongodb.driver.cluster - Setting max set version to 2 from replica set primary mflix-shard-00-01-xqewh.mongodb.net:27017
14:51:48.401 [cluster-ClusterId{value='5eb281aaf83d4819dbcf3b71', description='null'}-mflix-shard-00-01-xqewh.mongodb.net:27017] INFO org.mongodb.driver.cluster - Discovered replica set primary mflix-shard-00-01-xqewh.mongodb.net:27017
14:51:48.402 [cluster-ClusterId{value='5eb281aaf83d4819dbcf3b71', description='null'}-mflix-shard-00-01-xqewh.mongodb.net:27017] DEBUG org.mongodb.driver.cluster - Updating cluster description to  {type=REPLICA_SET, servers=[{address=mflix-shard-00-01-xqewh.mongodb.net:27017, type=REPLICA_SET_PRIMARY, TagSet{[Tag{name='provider', value='AWS'}, Tag{name='region', value='US_EAST_1'}, Tag{name='nodeType', value='ELECTABLE'}]}, roundTripTime=275.4 ms, state=CONNECTED}, {address=mflix-shard-00-00-xqewh.mongodb.net:27017, type=REPLICA_SET_SECONDARY, TagSet{[Tag{name='nodeType', value='ELECTABLE'}, Tag{name='region', value='US_EAST_1'}, Tag{name='provider', value='AWS'}]}, roundTripTime=275.2 ms, state=CONNECTED}, {address=mflix-shard-00-02-xqewh.mongodb.net:27017, type=REPLICA_SET_SECONDARY, TagSet{[Tag{name='provider', value='AWS'}, Tag{name='region', value='US_EAST_1'}, Tag{name='nodeType', value='ELECTABLE'}]}, roundTripTime=282.6 ms, state=CONNECTED}]
14:51:48.459 [cluster-ClusterId{value='5eb281aaf83d4819dbcf3b73', description='null'}-mflix-shard-00-00-xqewh.mongodb.net:27017] DEBUG org.mongodb.driver.protocol.command - Execution of command with request id 79 completed successfully in 265.96 ms on connection [connectionId{localValue:19, serverValue:159736}] to server mflix-shard-00-00-xqewh.mongodb.net:27017
14:51:48.460 [cluster-ClusterId{value='5eb281aaf83d4819dbcf3b73', description='null'}-mflix-shard-00-00-xqewh.mongodb.net:27017] INFO org.mongodb.driver.cluster - Monitor thread successfully connected to server with description ServerDescription{address=mflix-shard-00-00-xqewh.mongodb.net:27017, type=REPLICA_SET_SECONDARY, state=CONNECTED, ok=true, version=ServerVersion{versionList=[4, 2, 6]}, minWireVersion=0, maxWireVersion=8, maxDocumentSize=16777216, logicalSessionTimeoutMinutes=30, roundTripTimeNanos=268029575, setName='mflix-shard-0', canonicalAddress=mflix-shard-00-00-xqewh.mongodb.net:27017, hosts=[mflix-shard-00-02-xqewh.mongodb.net:27017, mflix-shard-00-01-xqewh.mongodb.net:27017, mflix-shard-00-00-xqewh.mongodb.net:27017], passives=[], arbiters=[], primary='mflix-shard-00-01-xqewh.mongodb.net:27017', tagSet=TagSet{[Tag{name='nodeType', value='ELECTABLE'}, Tag{name='region', value='US_EAST_1'}, Tag{name='provider', value='AWS'}]}, electionId=null, setVersion=2, lastWriteDate=Wed May 06 14:51:46 IST 2020, lastUpdateTimeNanos=4863044064630}
14:51:48.461 [cluster-ClusterId{value='5eb281aaf83d4819dbcf3b73', description='null'}-mflix-shard-00-00-xqewh.mongodb.net:27017] DEBUG org.mongodb.driver.cluster - Updating cluster description to  {type=REPLICA_SET, servers=[{address=mflix-shard-00-01-xqewh.mongodb.net:27017, type=REPLICA_SET_PRIMARY, TagSet{[Tag{name='provider', value='AWS'}, Tag{name='region', value='US_EAST_1'}, Tag{name='nodeType', value='ELECTABLE'}]}, roundTripTime=322.0 ms, state=CONNECTED}, {address=mflix-shard-00-00-xqewh.mongodb.net:27017, type=REPLICA_SET_SECONDARY, TagSet{[Tag{name='nodeType', value='ELECTABLE'}, Tag{name='region', value='US_EAST_1'}, Tag{name='provider', value='AWS'}]}, roundTripTime=268.0 ms, state=CONNECTED}, {address=mflix-shard-00-02-xqewh.mongodb.net:27017, type=REPLICA_SET_SECONDARY, TagSet{[Tag{name='provider', value='AWS'}, Tag{name='region', value='US_EAST_1'}, Tag{name='nodeType', value='ELECTABLE'}]}, roundTripTime=287.2 ms, state=CONNECTED}]
14:51:50.825 [main] INFO org.mongodb.driver.connection - Opened connection [connectionId{localValue:20, serverValue:203660}] to mflix-shard-00-01-xqewh.mongodb.net:27017
14:51:50.837 [main] DEBUG org.mongodb.driver.protocol.command - Sending command '{ "find" : "movies", "skip" : 10, "limit" : 20, "$db" : "mflix", "$clusterTime" : { "clusterTime" : { "$timestamp" : { "t" : 1588756906, "i" : 1 } }, "signature" : { "hash" : { "$binary" : { "base64" : "l1mLIkYgS5dEpD4oT+ZyTAnCW1Q=", "subType" : "00" } }, "keyId" : 6819605014537830403 } }, "lsid" : { "id" : { "$binary" : { "base64" : "36K9T9LkRYmRirgDdU1N7A==", "subType" : "04" } } } }' with request id 86 to database mflix on connection [connectionId{localValue:20, serverValue:203660}] to server mflix-shard-00-01-xqewh.mongodb.net:27017
14:51:51.094 [main] DEBUG org.mongodb.driver.protocol.command - Execution of command with request id 86 completed successfully in 257.17 ms on connection [connectionId{localValue:20, serverValue:203660}] to server mflix-shard-00-01-xqewh.mongodb.net:27017
]]></system-out>
  </testcase>
  <testcase name="MongoDatabaseInstance" classname="mflix.lessons.MongoClientLesson" time="4.825">
    <failure type="java.lang.AssertionError">java.lang.AssertionError
	at mflix.lessons.MongoClientLesson.MongoDatabaseInstance(MongoClientLesson.java:124)
</failure>
    <system-out><![CDATA[14:51:51.115 [main] INFO org.mongodb.driver.cluster - Cluster created with settings {hosts=[mflix-shard-00-02-xqewh.mongodb.net:27017, mflix-shard-00-01-xqewh.mongodb.net:27017, mflix-shard-00-00-xqewh.mongodb.net:27017], mode=MULTIPLE, requiredClusterType=REPLICA_SET, serverSelectionTimeout='30000 ms', maxWaitQueueSize=500, requiredReplicaSetName='mflix-shard-0'}
14:51:51.116 [main] INFO org.mongodb.driver.cluster - Adding discovered server mflix-shard-00-02-xqewh.mongodb.net:27017 to client view of cluster
14:51:51.117 [main] INFO org.mongodb.driver.cluster - Adding discovered server mflix-shard-00-01-xqewh.mongodb.net:27017 to client view of cluster
14:51:51.119 [main] INFO org.mongodb.driver.cluster - Adding discovered server mflix-shard-00-00-xqewh.mongodb.net:27017 to client view of cluster
14:51:51.122 [main] DEBUG org.mongodb.driver.cluster - Updating cluster description to  {type=REPLICA_SET, servers=[{address=mflix-shard-00-01-xqewh.mongodb.net:27017, type=UNKNOWN, state=CONNECTING}, {address=mflix-shard-00-00-xqewh.mongodb.net:27017, type=UNKNOWN, state=CONNECTING}, {address=mflix-shard-00-02-xqewh.mongodb.net:27017, type=UNKNOWN, state=CONNECTING}]
14:51:51.125 [main] INFO org.mongodb.driver.cluster - Cluster created with settings {hosts=[mflix-shard-00-02-xqewh.mongodb.net:27017, mflix-shard-00-01-xqewh.mongodb.net:27017, mflix-shard-00-00-xqewh.mongodb.net:27017], mode=MULTIPLE, requiredClusterType=REPLICA_SET, serverSelectionTimeout='30000 ms', maxWaitQueueSize=500, requiredReplicaSetName='mflix-shard-0'}
14:51:51.125 [main] INFO org.mongodb.driver.cluster - Adding discovered server mflix-shard-00-02-xqewh.mongodb.net:27017 to client view of cluster
14:51:51.126 [main] INFO org.mongodb.driver.cluster - Adding discovered server mflix-shard-00-01-xqewh.mongodb.net:27017 to client view of cluster
14:51:51.128 [main] INFO org.mongodb.driver.cluster - Adding discovered server mflix-shard-00-00-xqewh.mongodb.net:27017 to client view of cluster
14:51:51.129 [main] DEBUG org.mongodb.driver.cluster - Updating cluster description to  {type=REPLICA_SET, servers=[{address=mflix-shard-00-01-xqewh.mongodb.net:27017, type=UNKNOWN, state=CONNECTING}, {address=mflix-shard-00-00-xqewh.mongodb.net:27017, type=UNKNOWN, state=CONNECTING}, {address=mflix-shard-00-02-xqewh.mongodb.net:27017, type=UNKNOWN, state=CONNECTING}]
14:51:51.135 [main] INFO org.mongodb.driver.cluster - Cluster created with settings {hosts=[mflix-shard-00-02-xqewh.mongodb.net:27017, mflix-shard-00-01-xqewh.mongodb.net:27017, mflix-shard-00-00-xqewh.mongodb.net:27017], mode=MULTIPLE, requiredClusterType=REPLICA_SET, serverSelectionTimeout='30000 ms', maxWaitQueueSize=500, requiredReplicaSetName='mflix-shard-0'}
14:51:51.135 [main] INFO org.mongodb.driver.cluster - Adding discovered server mflix-shard-00-02-xqewh.mongodb.net:27017 to client view of cluster
14:51:51.136 [main] INFO org.mongodb.driver.cluster - Adding discovered server mflix-shard-00-01-xqewh.mongodb.net:27017 to client view of cluster
14:51:51.137 [main] INFO org.mongodb.driver.cluster - Adding discovered server mflix-shard-00-00-xqewh.mongodb.net:27017 to client view of cluster
14:51:51.139 [main] DEBUG org.mongodb.driver.cluster - Updating cluster description to  {type=REPLICA_SET, servers=[{address=mflix-shard-00-01-xqewh.mongodb.net:27017, type=UNKNOWN, state=CONNECTING}, {address=mflix-shard-00-00-xqewh.mongodb.net:27017, type=UNKNOWN, state=CONNECTING}, {address=mflix-shard-00-02-xqewh.mongodb.net:27017, type=UNKNOWN, state=CONNECTING}]
14:51:51.142 [main] INFO org.mongodb.driver.cluster - No server chosen by com.mongodb.client.internal.MongoClientDelegate$1@70e9c95d from cluster description ClusterDescription{type=REPLICA_SET, connectionMode=MULTIPLE, serverDescriptions=[ServerDescription{address=mflix-shard-00-01-xqewh.mongodb.net:27017, type=UNKNOWN, state=CONNECTING}, ServerDescription{address=mflix-shard-00-00-xqewh.mongodb.net:27017, type=UNKNOWN, state=CONNECTING}, ServerDescription{address=mflix-shard-00-02-xqewh.mongodb.net:27017, type=UNKNOWN, state=CONNECTING}]}. Waiting for 30000 ms before timing out
14:51:52.645 [cluster-ClusterId{value='5eb281aff83d4819dbcf3b74', description='null'}-mflix-shard-00-02-xqewh.mongodb.net:27017] INFO org.mongodb.driver.connection - Opened connection [connectionId{localValue:21, serverValue:154178}] to mflix-shard-00-02-xqewh.mongodb.net:27017
14:51:52.646 [cluster-ClusterId{value='5eb281aff83d4819dbcf3b74', description='null'}-mflix-shard-00-02-xqewh.mongodb.net:27017] DEBUG org.mongodb.driver.cluster - Checking status of mflix-shard-00-02-xqewh.mongodb.net:27017
14:51:52.649 [cluster-ClusterId{value='5eb281aff83d4819dbcf3b74', description='null'}-mflix-shard-00-02-xqewh.mongodb.net:27017] DEBUG org.mongodb.driver.protocol.command - Sending command '{ "ismaster" : 1, "$db" : "admin" }' with request id 108 to database admin on connection [connectionId{localValue:21, serverValue:154178}] to server mflix-shard-00-02-xqewh.mongodb.net:27017
14:51:52.764 [cluster-ClusterId{value='5eb281aff83d4819dbcf3b75', description='null'}-mflix-shard-00-00-xqewh.mongodb.net:27017] INFO org.mongodb.driver.connection - Opened connection [connectionId{localValue:26, serverValue:159736}] to mflix-shard-00-00-xqewh.mongodb.net:27017
14:51:52.765 [cluster-ClusterId{value='5eb281aff83d4819dbcf3b75', description='null'}-mflix-shard-00-00-xqewh.mongodb.net:27017] DEBUG org.mongodb.driver.cluster - Checking status of mflix-shard-00-00-xqewh.mongodb.net:27017
14:51:52.765 [cluster-ClusterId{value='5eb281aff83d4819dbcf3b75', description='null'}-mflix-shard-00-00-xqewh.mongodb.net:27017] DEBUG org.mongodb.driver.protocol.command - Sending command '{ "ismaster" : 1, "$db" : "admin" }' with request id 112 to database admin on connection [connectionId{localValue:26, serverValue:159736}] to server mflix-shard-00-00-xqewh.mongodb.net:27017
14:51:52.818 [cluster-ClusterId{value='5eb281aff83d4819dbcf3b74', description='null'}-mflix-shard-00-01-xqewh.mongodb.net:27017] INFO org.mongodb.driver.connection - Opened connection [connectionId{localValue:22, serverValue:203660}] to mflix-shard-00-01-xqewh.mongodb.net:27017
14:51:52.818 [cluster-ClusterId{value='5eb281aff83d4819dbcf3b74', description='null'}-mflix-shard-00-01-xqewh.mongodb.net:27017] DEBUG org.mongodb.driver.cluster - Checking status of mflix-shard-00-01-xqewh.mongodb.net:27017
14:51:52.820 [cluster-ClusterId{value='5eb281aff83d4819dbcf3b74', description='null'}-mflix-shard-00-01-xqewh.mongodb.net:27017] DEBUG org.mongodb.driver.protocol.command - Sending command '{ "ismaster" : 1, "$db" : "admin" }' with request id 116 to database admin on connection [connectionId{localValue:22, serverValue:203660}] to server mflix-shard-00-01-xqewh.mongodb.net:27017
14:51:52.917 [cluster-ClusterId{value='5eb281aff83d4819dbcf3b74', description='null'}-mflix-shard-00-02-xqewh.mongodb.net:27017] DEBUG org.mongodb.driver.protocol.command - Execution of command with request id 108 completed successfully in 269.82 ms on connection [connectionId{localValue:21, serverValue:154178}] to server mflix-shard-00-02-xqewh.mongodb.net:27017
14:51:52.919 [cluster-ClusterId{value='5eb281aff83d4819dbcf3b74', description='null'}-mflix-shard-00-02-xqewh.mongodb.net:27017] INFO org.mongodb.driver.cluster - Monitor thread successfully connected to server with description ServerDescription{address=mflix-shard-00-02-xqewh.mongodb.net:27017, type=REPLICA_SET_SECONDARY, state=CONNECTED, ok=true, version=ServerVersion{versionList=[4, 2, 6]}, minWireVersion=0, maxWireVersion=8, maxDocumentSize=16777216, logicalSessionTimeoutMinutes=30, roundTripTimeNanos=272604492, setName='mflix-shard-0', canonicalAddress=mflix-shard-00-02-xqewh.mongodb.net:27017, hosts=[mflix-shard-00-02-xqewh.mongodb.net:27017, mflix-shard-00-01-xqewh.mongodb.net:27017, mflix-shard-00-00-xqewh.mongodb.net:27017], passives=[], arbiters=[], primary='mflix-shard-00-01-xqewh.mongodb.net:27017', tagSet=TagSet{[Tag{name='provider', value='AWS'}, Tag{name='region', value='US_EAST_1'}, Tag{name='nodeType', value='ELECTABLE'}]}, electionId=null, setVersion=2, lastWriteDate=Wed May 06 14:51:52 IST 2020, lastUpdateTimeNanos=4867503093188}
14:51:52.923 [cluster-ClusterId{value='5eb281aff83d4819dbcf3b74', description='null'}-mflix-shard-00-02-xqewh.mongodb.net:27017] DEBUG org.mongodb.driver.cluster - Updating cluster description to  {type=REPLICA_SET, servers=[{address=mflix-shard-00-01-xqewh.mongodb.net:27017, type=UNKNOWN, state=CONNECTING}, {address=mflix-shard-00-00-xqewh.mongodb.net:27017, type=UNKNOWN, state=CONNECTING}, {address=mflix-shard-00-02-xqewh.mongodb.net:27017, type=REPLICA_SET_SECONDARY, TagSet{[Tag{name='provider', value='AWS'}, Tag{name='region', value='US_EAST_1'}, Tag{name='nodeType', value='ELECTABLE'}]}, roundTripTime=272.6 ms, state=CONNECTED}]
14:51:52.968 [cluster-ClusterId{value='5eb281aff83d4819dbcf3b75', description='null'}-mflix-shard-00-02-xqewh.mongodb.net:27017] INFO org.mongodb.driver.connection - Opened connection [connectionId{localValue:24, serverValue:154178}] to mflix-shard-00-02-xqewh.mongodb.net:27017
14:51:52.969 [cluster-ClusterId{value='5eb281aff83d4819dbcf3b75', description='null'}-mflix-shard-00-02-xqewh.mongodb.net:27017] DEBUG org.mongodb.driver.cluster - Checking status of mflix-shard-00-02-xqewh.mongodb.net:27017
14:51:52.971 [cluster-ClusterId{value='5eb281aff83d4819dbcf3b75', description='null'}-mflix-shard-00-02-xqewh.mongodb.net:27017] DEBUG org.mongodb.driver.protocol.command - Sending command '{ "ismaster" : 1, "$db" : "admin" }' with request id 117 to database admin on connection [connectionId{localValue:24, serverValue:154178}] to server mflix-shard-00-02-xqewh.mongodb.net:27017
14:51:53.018 [cluster-ClusterId{value='5eb281aff83d4819dbcf3b76', description='null'}-mflix-shard-00-02-xqewh.mongodb.net:27017] INFO org.mongodb.driver.connection - Opened connection [connectionId{localValue:27, serverValue:154178}] to mflix-shard-00-02-xqewh.mongodb.net:27017
14:51:53.018 [cluster-ClusterId{value='5eb281aff83d4819dbcf3b76', description='null'}-mflix-shard-00-02-xqewh.mongodb.net:27017] DEBUG org.mongodb.driver.cluster - Checking status of mflix-shard-00-02-xqewh.mongodb.net:27017
14:51:53.019 [cluster-ClusterId{value='5eb281aff83d4819dbcf3b76', description='null'}-mflix-shard-00-02-xqewh.mongodb.net:27017] DEBUG org.mongodb.driver.protocol.command - Sending command '{ "ismaster" : 1, "$db" : "admin" }' with request id 118 to database admin on connection [connectionId{localValue:27, serverValue:154178}] to server mflix-shard-00-02-xqewh.mongodb.net:27017
14:51:53.036 [cluster-ClusterId{value='5eb281aff83d4819dbcf3b75', description='null'}-mflix-shard-00-00-xqewh.mongodb.net:27017] DEBUG org.mongodb.driver.protocol.command - Execution of command with request id 112 completed successfully in 270.95 ms on connection [connectionId{localValue:26, serverValue:159736}] to server mflix-shard-00-00-xqewh.mongodb.net:27017
14:51:53.036 [cluster-ClusterId{value='5eb281aff83d4819dbcf3b75', description='null'}-mflix-shard-00-01-xqewh.mongodb.net:27017] INFO org.mongodb.driver.connection - Opened connection [connectionId{localValue:25, serverValue:203660}] to mflix-shard-00-01-xqewh.mongodb.net:27017
14:51:53.036 [cluster-ClusterId{value='5eb281aff83d4819dbcf3b75', description='null'}-mflix-shard-00-01-xqewh.mongodb.net:27017] DEBUG org.mongodb.driver.cluster - Checking status of mflix-shard-00-01-xqewh.mongodb.net:27017
14:51:53.037 [cluster-ClusterId{value='5eb281aff83d4819dbcf3b75', description='null'}-mflix-shard-00-00-xqewh.mongodb.net:27017] INFO org.mongodb.driver.cluster - Monitor thread successfully connected to server with description ServerDescription{address=mflix-shard-00-00-xqewh.mongodb.net:27017, type=REPLICA_SET_SECONDARY, state=CONNECTED, ok=true, version=ServerVersion{versionList=[4, 2, 6]}, minWireVersion=0, maxWireVersion=8, maxDocumentSize=16777216, logicalSessionTimeoutMinutes=30, roundTripTimeNanos=271811473, setName='mflix-shard-0', canonicalAddress=mflix-shard-00-00-xqewh.mongodb.net:27017, hosts=[mflix-shard-00-02-xqewh.mongodb.net:27017, mflix-shard-00-01-xqewh.mongodb.net:27017, mflix-shard-00-00-xqewh.mongodb.net:27017], passives=[], arbiters=[], primary='mflix-shard-00-01-xqewh.mongodb.net:27017', tagSet=TagSet{[Tag{name='nodeType', value='ELECTABLE'}, Tag{name='region', value='US_EAST_1'}, Tag{name='provider', value='AWS'}]}, electionId=null, setVersion=2, lastWriteDate=Wed May 06 14:51:52 IST 2020, lastUpdateTimeNanos=4867621168563}
14:51:53.036 [cluster-ClusterId{value='5eb281aff83d4819dbcf3b76', description='null'}-mflix-shard-00-01-xqewh.mongodb.net:27017] INFO org.mongodb.driver.connection - Opened connection [connectionId{localValue:28, serverValue:203660}] to mflix-shard-00-01-xqewh.mongodb.net:27017
14:51:53.040 [cluster-ClusterId{value='5eb281aff83d4819dbcf3b76', description='null'}-mflix-shard-00-01-xqewh.mongodb.net:27017] DEBUG org.mongodb.driver.cluster - Checking status of mflix-shard-00-01-xqewh.mongodb.net:27017
14:51:53.039 [cluster-ClusterId{value='5eb281aff83d4819dbcf3b75', description='null'}-mflix-shard-00-00-xqewh.mongodb.net:27017] DEBUG org.mongodb.driver.cluster - Updating cluster description to  {type=REPLICA_SET, servers=[{address=mflix-shard-00-01-xqewh.mongodb.net:27017, type=UNKNOWN, state=CONNECTING}, {address=mflix-shard-00-00-xqewh.mongodb.net:27017, type=REPLICA_SET_SECONDARY, TagSet{[Tag{name='nodeType', value='ELECTABLE'}, Tag{name='region', value='US_EAST_1'}, Tag{name='provider', value='AWS'}]}, roundTripTime=271.8 ms, state=CONNECTED}, {address=mflix-shard-00-02-xqewh.mongodb.net:27017, type=UNKNOWN, state=CONNECTING}]
14:51:53.042 [cluster-ClusterId{value='5eb281aff83d4819dbcf3b75', description='null'}-mflix-shard-00-01-xqewh.mongodb.net:27017] DEBUG org.mongodb.driver.protocol.command - Sending command '{ "ismaster" : 1, "$db" : "admin", "$clusterTime" : { "clusterTime" : { "$timestamp" : { "t" : 1588756912, "i" : 1 } }, "signature" : { "hash" : { "$binary" : { "base64" : "154bTgwg/cCcMYpxPKJ8dWmxAmw=", "subType" : "00" } }, "keyId" : 6819605014537830403 } } }' with request id 119 to database admin on connection [connectionId{localValue:25, serverValue:203660}] to server mflix-shard-00-01-xqewh.mongodb.net:27017
14:51:53.041 [cluster-ClusterId{value='5eb281aff83d4819dbcf3b76', description='null'}-mflix-shard-00-01-xqewh.mongodb.net:27017] DEBUG org.mongodb.driver.protocol.command - Sending command '{ "ismaster" : 1, "$db" : "admin" }' with request id 120 to database admin on connection [connectionId{localValue:28, serverValue:203660}] to server mflix-shard-00-01-xqewh.mongodb.net:27017
14:51:53.078 [cluster-ClusterId{value='5eb281aff83d4819dbcf3b74', description='null'}-mflix-shard-00-00-xqewh.mongodb.net:27017] INFO org.mongodb.driver.connection - Opened connection [connectionId{localValue:23, serverValue:159736}] to mflix-shard-00-00-xqewh.mongodb.net:27017
14:51:53.078 [cluster-ClusterId{value='5eb281aff83d4819dbcf3b74', description='null'}-mflix-shard-00-00-xqewh.mongodb.net:27017] DEBUG org.mongodb.driver.cluster - Checking status of mflix-shard-00-00-xqewh.mongodb.net:27017
14:51:53.080 [cluster-ClusterId{value='5eb281aff83d4819dbcf3b74', description='null'}-mflix-shard-00-00-xqewh.mongodb.net:27017] DEBUG org.mongodb.driver.protocol.command - Sending command '{ "ismaster" : 1, "$db" : "admin", "$clusterTime" : { "clusterTime" : { "$timestamp" : { "t" : 1588756912, "i" : 1 } }, "signature" : { "hash" : { "$binary" : { "base64" : "154bTgwg/cCcMYpxPKJ8dWmxAmw=", "subType" : "00" } }, "keyId" : 6819605014537830403 } } }' with request id 121 to database admin on connection [connectionId{localValue:23, serverValue:159736}] to server mflix-shard-00-00-xqewh.mongodb.net:27017
14:51:53.081 [cluster-ClusterId{value='5eb281aff83d4819dbcf3b76', description='null'}-mflix-shard-00-00-xqewh.mongodb.net:27017] INFO org.mongodb.driver.connection - Opened connection [connectionId{localValue:29, serverValue:159736}] to mflix-shard-00-00-xqewh.mongodb.net:27017
14:51:53.081 [cluster-ClusterId{value='5eb281aff83d4819dbcf3b76', description='null'}-mflix-shard-00-00-xqewh.mongodb.net:27017] DEBUG org.mongodb.driver.cluster - Checking status of mflix-shard-00-00-xqewh.mongodb.net:27017
14:51:53.082 [cluster-ClusterId{value='5eb281aff83d4819dbcf3b76', description='null'}-mflix-shard-00-00-xqewh.mongodb.net:27017] DEBUG org.mongodb.driver.protocol.command - Sending command '{ "ismaster" : 1, "$db" : "admin" }' with request id 122 to database admin on connection [connectionId{localValue:29, serverValue:159736}] to server mflix-shard-00-00-xqewh.mongodb.net:27017
14:51:53.088 [cluster-ClusterId{value='5eb281aff83d4819dbcf3b74', description='null'}-mflix-shard-00-01-xqewh.mongodb.net:27017] DEBUG org.mongodb.driver.protocol.command - Execution of command with request id 116 completed successfully in 267.78 ms on connection [connectionId{localValue:22, serverValue:203660}] to server mflix-shard-00-01-xqewh.mongodb.net:27017
14:51:53.089 [cluster-ClusterId{value='5eb281aff83d4819dbcf3b74', description='null'}-mflix-shard-00-01-xqewh.mongodb.net:27017] INFO org.mongodb.driver.cluster - Monitor thread successfully connected to server with description ServerDescription{address=mflix-shard-00-01-xqewh.mongodb.net:27017, type=REPLICA_SET_PRIMARY, state=CONNECTED, ok=true, version=ServerVersion{versionList=[4, 2, 6]}, minWireVersion=0, maxWireVersion=8, maxDocumentSize=16777216, logicalSessionTimeoutMinutes=30, roundTripTimeNanos=270096685, setName='mflix-shard-0', canonicalAddress=mflix-shard-00-01-xqewh.mongodb.net:27017, hosts=[mflix-shard-00-02-xqewh.mongodb.net:27017, mflix-shard-00-01-xqewh.mongodb.net:27017, mflix-shard-00-00-xqewh.mongodb.net:27017], passives=[], arbiters=[], primary='mflix-shard-00-01-xqewh.mongodb.net:27017', tagSet=TagSet{[Tag{name='nodeType', value='ELECTABLE'}, Tag{name='provider', value='AWS'}, Tag{name='region', value='US_EAST_1'}]}, electionId=7fffffff0000000000000003, setVersion=2, lastWriteDate=Wed May 06 14:51:52 IST 2020, lastUpdateTimeNanos=4867673078906}
14:51:53.090 [cluster-ClusterId{value='5eb281aff83d4819dbcf3b74', description='null'}-mflix-shard-00-01-xqewh.mongodb.net:27017] INFO org.mongodb.driver.cluster - Setting max election id to 7fffffff0000000000000003 from replica set primary mflix-shard-00-01-xqewh.mongodb.net:27017
14:51:53.090 [cluster-ClusterId{value='5eb281aff83d4819dbcf3b74', description='null'}-mflix-shard-00-01-xqewh.mongodb.net:27017] INFO org.mongodb.driver.cluster - Setting max set version to 2 from replica set primary mflix-shard-00-01-xqewh.mongodb.net:27017
14:51:53.090 [cluster-ClusterId{value='5eb281aff83d4819dbcf3b74', description='null'}-mflix-shard-00-01-xqewh.mongodb.net:27017] INFO org.mongodb.driver.cluster - Discovered replica set primary mflix-shard-00-01-xqewh.mongodb.net:27017
14:51:53.090 [cluster-ClusterId{value='5eb281aff83d4819dbcf3b74', description='null'}-mflix-shard-00-01-xqewh.mongodb.net:27017] DEBUG org.mongodb.driver.cluster - Updating cluster description to  {type=REPLICA_SET, servers=[{address=mflix-shard-00-01-xqewh.mongodb.net:27017, type=REPLICA_SET_PRIMARY, TagSet{[Tag{name='nodeType', value='ELECTABLE'}, Tag{name='provider', value='AWS'}, Tag{name='region', value='US_EAST_1'}]}, roundTripTime=270.1 ms, state=CONNECTED}, {address=mflix-shard-00-00-xqewh.mongodb.net:27017, type=UNKNOWN, state=CONNECTING}, {address=mflix-shard-00-02-xqewh.mongodb.net:27017, type=REPLICA_SET_SECONDARY, TagSet{[Tag{name='provider', value='AWS'}, Tag{name='region', value='US_EAST_1'}, Tag{name='nodeType', value='ELECTABLE'}]}, roundTripTime=272.6 ms, state=CONNECTED}]
14:51:53.242 [cluster-ClusterId{value='5eb281aff83d4819dbcf3b75', description='null'}-mflix-shard-00-02-xqewh.mongodb.net:27017] DEBUG org.mongodb.driver.protocol.command - Execution of command with request id 117 completed successfully in 271.43 ms on connection [connectionId{localValue:24, serverValue:154178}] to server mflix-shard-00-02-xqewh.mongodb.net:27017
14:51:53.243 [cluster-ClusterId{value='5eb281aff83d4819dbcf3b75', description='null'}-mflix-shard-00-02-xqewh.mongodb.net:27017] INFO org.mongodb.driver.cluster - Monitor thread successfully connected to server with description ServerDescription{address=mflix-shard-00-02-xqewh.mongodb.net:27017, type=REPLICA_SET_SECONDARY, state=CONNECTED, ok=true, version=ServerVersion{versionList=[4, 2, 6]}, minWireVersion=0, maxWireVersion=8, maxDocumentSize=16777216, logicalSessionTimeoutMinutes=30, roundTripTimeNanos=273497081, setName='mflix-shard-0', canonicalAddress=mflix-shard-00-02-xqewh.mongodb.net:27017, hosts=[mflix-shard-00-02-xqewh.mongodb.net:27017, mflix-shard-00-01-xqewh.mongodb.net:27017, mflix-shard-00-00-xqewh.mongodb.net:27017], passives=[], arbiters=[], primary='mflix-shard-00-01-xqewh.mongodb.net:27017', tagSet=TagSet{[Tag{name='provider', value='AWS'}, Tag{name='region', value='US_EAST_1'}, Tag{name='nodeType', value='ELECTABLE'}]}, electionId=null, setVersion=2, lastWriteDate=Wed May 06 14:51:52 IST 2020, lastUpdateTimeNanos=4867827169362}
14:51:53.246 [cluster-ClusterId{value='5eb281aff83d4819dbcf3b75', description='null'}-mflix-shard-00-02-xqewh.mongodb.net:27017] DEBUG org.mongodb.driver.cluster - Updating cluster description to  {type=REPLICA_SET, servers=[{address=mflix-shard-00-01-xqewh.mongodb.net:27017, type=UNKNOWN, state=CONNECTING}, {address=mflix-shard-00-00-xqewh.mongodb.net:27017, type=REPLICA_SET_SECONDARY, TagSet{[Tag{name='nodeType', value='ELECTABLE'}, Tag{name='region', value='US_EAST_1'}, Tag{name='provider', value='AWS'}]}, roundTripTime=271.8 ms, state=CONNECTED}, {address=mflix-shard-00-02-xqewh.mongodb.net:27017, type=REPLICA_SET_SECONDARY, TagSet{[Tag{name='provider', value='AWS'}, Tag{name='region', value='US_EAST_1'}, Tag{name='nodeType', value='ELECTABLE'}]}, roundTripTime=273.5 ms, state=CONNECTED}]
14:51:53.285 [cluster-ClusterId{value='5eb281aff83d4819dbcf3b76', description='null'}-mflix-shard-00-02-xqewh.mongodb.net:27017] DEBUG org.mongodb.driver.protocol.command - Execution of command with request id 118 completed successfully in 266.37 ms on connection [connectionId{localValue:27, serverValue:154178}] to server mflix-shard-00-02-xqewh.mongodb.net:27017
14:51:53.286 [cluster-ClusterId{value='5eb281aff83d4819dbcf3b76', description='null'}-mflix-shard-00-02-xqewh.mongodb.net:27017] INFO org.mongodb.driver.cluster - Monitor thread successfully connected to server with description ServerDescription{address=mflix-shard-00-02-xqewh.mongodb.net:27017, type=REPLICA_SET_SECONDARY, state=CONNECTED, ok=true, version=ServerVersion{versionList=[4, 2, 6]}, minWireVersion=0, maxWireVersion=8, maxDocumentSize=16777216, logicalSessionTimeoutMinutes=30, roundTripTimeNanos=267349473, setName='mflix-shard-0', canonicalAddress=mflix-shard-00-02-xqewh.mongodb.net:27017, hosts=[mflix-shard-00-02-xqewh.mongodb.net:27017, mflix-shard-00-01-xqewh.mongodb.net:27017, mflix-shard-00-00-xqewh.mongodb.net:27017], passives=[], arbiters=[], primary='mflix-shard-00-01-xqewh.mongodb.net:27017', tagSet=TagSet{[Tag{name='provider', value='AWS'}, Tag{name='region', value='US_EAST_1'}, Tag{name='nodeType', value='ELECTABLE'}]}, electionId=null, setVersion=2, lastWriteDate=Wed May 06 14:51:52 IST 2020, lastUpdateTimeNanos=4867870040545}
14:51:53.286 [cluster-ClusterId{value='5eb281aff83d4819dbcf3b76', description='null'}-mflix-shard-00-02-xqewh.mongodb.net:27017] DEBUG org.mongodb.driver.cluster - Updating cluster description to  {type=REPLICA_SET, servers=[{address=mflix-shard-00-01-xqewh.mongodb.net:27017, type=UNKNOWN, state=CONNECTING}, {address=mflix-shard-00-00-xqewh.mongodb.net:27017, type=UNKNOWN, state=CONNECTING}, {address=mflix-shard-00-02-xqewh.mongodb.net:27017, type=REPLICA_SET_SECONDARY, TagSet{[Tag{name='provider', value='AWS'}, Tag{name='region', value='US_EAST_1'}, Tag{name='nodeType', value='ELECTABLE'}]}, roundTripTime=267.3 ms, state=CONNECTED}]
14:51:53.288 [main] INFO org.mongodb.driver.cluster - No server chosen by ReadPreferenceServerSelector{readPreference=primary} from cluster description ClusterDescription{type=REPLICA_SET, connectionMode=MULTIPLE, serverDescriptions=[ServerDescription{address=mflix-shard-00-01-xqewh.mongodb.net:27017, type=UNKNOWN, state=CONNECTING}, ServerDescription{address=mflix-shard-00-00-xqewh.mongodb.net:27017, type=UNKNOWN, state=CONNECTING}, ServerDescription{address=mflix-shard-00-02-xqewh.mongodb.net:27017, type=REPLICA_SET_SECONDARY, state=CONNECTED, ok=true, version=ServerVersion{versionList=[4, 2, 6]}, minWireVersion=0, maxWireVersion=8, maxDocumentSize=16777216, logicalSessionTimeoutMinutes=30, roundTripTimeNanos=267349473, setName='mflix-shard-0', canonicalAddress=mflix-shard-00-02-xqewh.mongodb.net:27017, hosts=[mflix-shard-00-02-xqewh.mongodb.net:27017, mflix-shard-00-01-xqewh.mongodb.net:27017, mflix-shard-00-00-xqewh.mongodb.net:27017], passives=[], arbiters=[], primary='mflix-shard-00-01-xqewh.mongodb.net:27017', tagSet=TagSet{[Tag{name='provider', value='AWS'}, Tag{name='region', value='US_EAST_1'}, Tag{name='nodeType', value='ELECTABLE'}]}, electionId=null, setVersion=2, lastWriteDate=Wed May 06 14:51:52 IST 2020, lastUpdateTimeNanos=4867870040545}]}. Waiting for 30000 ms before timing out
14:51:53.305 [cluster-ClusterId{value='5eb281aff83d4819dbcf3b76', description='null'}-mflix-shard-00-01-xqewh.mongodb.net:27017] DEBUG org.mongodb.driver.protocol.command - Execution of command with request id 120 completed successfully in 263.74 ms on connection [connectionId{localValue:28, serverValue:203660}] to server mflix-shard-00-01-xqewh.mongodb.net:27017
14:51:53.305 [cluster-ClusterId{value='5eb281aff83d4819dbcf3b75', description='null'}-mflix-shard-00-01-xqewh.mongodb.net:27017] DEBUG org.mongodb.driver.protocol.command - Execution of command with request id 119 completed successfully in 268.12 ms on connection [connectionId{localValue:25, serverValue:203660}] to server mflix-shard-00-01-xqewh.mongodb.net:27017
14:51:53.306 [cluster-ClusterId{value='5eb281aff83d4819dbcf3b76', description='null'}-mflix-shard-00-01-xqewh.mongodb.net:27017] INFO org.mongodb.driver.cluster - Monitor thread successfully connected to server with description ServerDescription{address=mflix-shard-00-01-xqewh.mongodb.net:27017, type=REPLICA_SET_PRIMARY, state=CONNECTED, ok=true, version=ServerVersion{versionList=[4, 2, 6]}, minWireVersion=0, maxWireVersion=8, maxDocumentSize=16777216, logicalSessionTimeoutMinutes=30, roundTripTimeNanos=265538843, setName='mflix-shard-0', canonicalAddress=mflix-shard-00-01-xqewh.mongodb.net:27017, hosts=[mflix-shard-00-02-xqewh.mongodb.net:27017, mflix-shard-00-01-xqewh.mongodb.net:27017, mflix-shard-00-00-xqewh.mongodb.net:27017], passives=[], arbiters=[], primary='mflix-shard-00-01-xqewh.mongodb.net:27017', tagSet=TagSet{[Tag{name='nodeType', value='ELECTABLE'}, Tag{name='provider', value='AWS'}, Tag{name='region', value='US_EAST_1'}]}, electionId=7fffffff0000000000000003, setVersion=2, lastWriteDate=Wed May 06 14:51:52 IST 2020, lastUpdateTimeNanos=4867889901080}
14:51:53.306 [cluster-ClusterId{value='5eb281aff83d4819dbcf3b76', description='null'}-mflix-shard-00-01-xqewh.mongodb.net:27017] INFO org.mongodb.driver.cluster - Setting max election id to 7fffffff0000000000000003 from replica set primary mflix-shard-00-01-xqewh.mongodb.net:27017
14:51:53.306 [cluster-ClusterId{value='5eb281aff83d4819dbcf3b76', description='null'}-mflix-shard-00-01-xqewh.mongodb.net:27017] INFO org.mongodb.driver.cluster - Setting max set version to 2 from replica set primary mflix-shard-00-01-xqewh.mongodb.net:27017
14:51:53.307 [cluster-ClusterId{value='5eb281aff83d4819dbcf3b75', description='null'}-mflix-shard-00-01-xqewh.mongodb.net:27017] INFO org.mongodb.driver.cluster - Monitor thread successfully connected to server with description ServerDescription{address=mflix-shard-00-01-xqewh.mongodb.net:27017, type=REPLICA_SET_PRIMARY, state=CONNECTED, ok=true, version=ServerVersion{versionList=[4, 2, 6]}, minWireVersion=0, maxWireVersion=8, maxDocumentSize=16777216, logicalSessionTimeoutMinutes=30, roundTripTimeNanos=269201047, setName='mflix-shard-0', canonicalAddress=mflix-shard-00-01-xqewh.mongodb.net:27017, hosts=[mflix-shard-00-02-xqewh.mongodb.net:27017, mflix-shard-00-01-xqewh.mongodb.net:27017, mflix-shard-00-00-xqewh.mongodb.net:27017], passives=[], arbiters=[], primary='mflix-shard-00-01-xqewh.mongodb.net:27017', tagSet=TagSet{[Tag{name='nodeType', value='ELECTABLE'}, Tag{name='provider', value='AWS'}, Tag{name='region', value='US_EAST_1'}]}, electionId=7fffffff0000000000000003, setVersion=2, lastWriteDate=Wed May 06 14:51:52 IST 2020, lastUpdateTimeNanos=4867890304742}
14:51:53.307 [cluster-ClusterId{value='5eb281a4f83d4819dbcf3b6e', description='null'}-mflix-shard-00-02-xqewh.mongodb.net:27017] DEBUG org.mongodb.driver.cluster - Checking status of mflix-shard-00-02-xqewh.mongodb.net:27017
14:51:53.307 [cluster-ClusterId{value='5eb281aff83d4819dbcf3b75', description='null'}-mflix-shard-00-01-xqewh.mongodb.net:27017] INFO org.mongodb.driver.cluster - Setting max election id to 7fffffff0000000000000003 from replica set primary mflix-shard-00-01-xqewh.mongodb.net:27017
14:51:53.307 [cluster-ClusterId{value='5eb281aff83d4819dbcf3b76', description='null'}-mflix-shard-00-01-xqewh.mongodb.net:27017] INFO org.mongodb.driver.cluster - Discovered replica set primary mflix-shard-00-01-xqewh.mongodb.net:27017
14:51:53.307 [cluster-ClusterId{value='5eb281aff83d4819dbcf3b75', description='null'}-mflix-shard-00-01-xqewh.mongodb.net:27017] INFO org.mongodb.driver.cluster - Setting max set version to 2 from replica set primary mflix-shard-00-01-xqewh.mongodb.net:27017
14:51:53.307 [cluster-ClusterId{value='5eb281aff83d4819dbcf3b75', description='null'}-mflix-shard-00-01-xqewh.mongodb.net:27017] INFO org.mongodb.driver.cluster - Discovered replica set primary mflix-shard-00-01-xqewh.mongodb.net:27017
14:51:53.308 [cluster-ClusterId{value='5eb281aff83d4819dbcf3b76', description='null'}-mflix-shard-00-01-xqewh.mongodb.net:27017] DEBUG org.mongodb.driver.cluster - Updating cluster description to  {type=REPLICA_SET, servers=[{address=mflix-shard-00-01-xqewh.mongodb.net:27017, type=REPLICA_SET_PRIMARY, TagSet{[Tag{name='nodeType', value='ELECTABLE'}, Tag{name='provider', value='AWS'}, Tag{name='region', value='US_EAST_1'}]}, roundTripTime=265.5 ms, state=CONNECTED}, {address=mflix-shard-00-00-xqewh.mongodb.net:27017, type=UNKNOWN, state=CONNECTING}, {address=mflix-shard-00-02-xqewh.mongodb.net:27017, type=REPLICA_SET_SECONDARY, TagSet{[Tag{name='provider', value='AWS'}, Tag{name='region', value='US_EAST_1'}, Tag{name='nodeType', value='ELECTABLE'}]}, roundTripTime=267.3 ms, state=CONNECTED}]
14:51:53.308 [cluster-ClusterId{value='5eb281aff83d4819dbcf3b75', description='null'}-mflix-shard-00-01-xqewh.mongodb.net:27017] DEBUG org.mongodb.driver.cluster - Updating cluster description to  {type=REPLICA_SET, servers=[{address=mflix-shard-00-01-xqewh.mongodb.net:27017, type=REPLICA_SET_PRIMARY, TagSet{[Tag{name='nodeType', value='ELECTABLE'}, Tag{name='provider', value='AWS'}, Tag{name='region', value='US_EAST_1'}]}, roundTripTime=269.2 ms, state=CONNECTED}, {address=mflix-shard-00-00-xqewh.mongodb.net:27017, type=REPLICA_SET_SECONDARY, TagSet{[Tag{name='nodeType', value='ELECTABLE'}, Tag{name='region', value='US_EAST_1'}, Tag{name='provider', value='AWS'}]}, roundTripTime=271.8 ms, state=CONNECTED}, {address=mflix-shard-00-02-xqewh.mongodb.net:27017, type=REPLICA_SET_SECONDARY, TagSet{[Tag{name='provider', value='AWS'}, Tag{name='region', value='US_EAST_1'}, Tag{name='nodeType', value='ELECTABLE'}]}, roundTripTime=273.5 ms, state=CONNECTED}]
14:51:53.308 [cluster-ClusterId{value='5eb281a4f83d4819dbcf3b6f', description='null'}-mflix-shard-00-02-xqewh.mongodb.net:27017] DEBUG org.mongodb.driver.cluster - Checking status of mflix-shard-00-02-xqewh.mongodb.net:27017
14:51:53.309 [cluster-ClusterId{value='5eb281a4f83d4819dbcf3b6e', description='null'}-mflix-shard-00-02-xqewh.mongodb.net:27017] DEBUG org.mongodb.driver.protocol.command - Sending command '{ "ismaster" : 1, "$db" : "admin", "$clusterTime" : { "clusterTime" : { "$timestamp" : { "t" : 1588756901, "i" : 1 } }, "signature" : { "hash" : { "$binary" : { "base64" : "kenH2wwNClNggZmUC/oR2sRB2P4=", "subType" : "00" } }, "keyId" : 6819605014537830403 } } }' with request id 123 to database admin on connection [connectionId{localValue:4, serverValue:168031}] to server mflix-shard-00-02-xqewh.mongodb.net:27017
14:51:53.310 [cluster-ClusterId{value='5eb281a4f83d4819dbcf3b6e', description='null'}-mflix-shard-00-01-xqewh.mongodb.net:27017] DEBUG org.mongodb.driver.cluster - Checking status of mflix-shard-00-01-xqewh.mongodb.net:27017
14:51:53.310 [cluster-ClusterId{value='5eb281a4f83d4819dbcf3b6f', description='null'}-mflix-shard-00-02-xqewh.mongodb.net:27017] DEBUG org.mongodb.driver.protocol.command - Sending command '{ "ismaster" : 1, "$db" : "admin", "$clusterTime" : { "clusterTime" : { "$timestamp" : { "t" : 1588756906, "i" : 1 } }, "signature" : { "hash" : { "$binary" : { "base64" : "l1mLIkYgS5dEpD4oT+ZyTAnCW1Q=", "subType" : "00" } }, "keyId" : 6819605014537830403 } } }' with request id 124 to database admin on connection [connectionId{localValue:7, serverValue:168031}] to server mflix-shard-00-02-xqewh.mongodb.net:27017
14:51:53.311 [cluster-ClusterId{value='5eb281a4f83d4819dbcf3b6e', description='null'}-mflix-shard-00-01-xqewh.mongodb.net:27017] DEBUG org.mongodb.driver.protocol.command - Sending command '{ "ismaster" : 1, "$db" : "admin", "$clusterTime" : { "clusterTime" : { "$timestamp" : { "t" : 1588756901, "i" : 1 } }, "signature" : { "hash" : { "$binary" : { "base64" : "kenH2wwNClNggZmUC/oR2sRB2P4=", "subType" : "00" } }, "keyId" : 6819605014537830403 } } }' with request id 125 to database admin on connection [connectionId{localValue:5, serverValue:193536}] to server mflix-shard-00-01-xqewh.mongodb.net:27017
14:51:53.312 [cluster-ClusterId{value='5eb281a4f83d4819dbcf3b6e', description='null'}-mflix-shard-00-02-xqewh.mongodb.net:27017] DEBUG org.mongodb.driver.connection - Closing connection connectionId{localValue:4, serverValue:168031}
14:51:53.312 [cluster-ClusterId{value='5eb281a4f83d4819dbcf3b6e', description='null'}-mflix-shard-00-01-xqewh.mongodb.net:27017] DEBUG org.mongodb.driver.connection - Closing connection connectionId{localValue:5, serverValue:193536}
14:51:53.312 [cluster-ClusterId{value='5eb281a4f83d4819dbcf3b6f', description='null'}-mflix-shard-00-02-xqewh.mongodb.net:27017] DEBUG org.mongodb.driver.connection - Closing connection connectionId{localValue:7, serverValue:168031}
14:51:53.313 [cluster-ClusterId{value='5eb281a4f83d4819dbcf3b6d', description='null'}-mflix-shard-00-01-xqewh.mongodb.net:27017] DEBUG org.mongodb.driver.cluster - Checking status of mflix-shard-00-01-xqewh.mongodb.net:27017
14:51:53.315 [cluster-ClusterId{value='5eb281a4f83d4819dbcf3b6d', description='null'}-mflix-shard-00-01-xqewh.mongodb.net:27017] DEBUG org.mongodb.driver.protocol.command - Sending command '{ "ismaster" : 1, "$db" : "admin", "$clusterTime" : { "clusterTime" : { "$timestamp" : { "t" : 1588756901, "i" : 1 } }, "signature" : { "hash" : { "$binary" : { "base64" : "kenH2wwNClNggZmUC/oR2sRB2P4=", "subType" : "00" } }, "keyId" : 6819605014537830403 } } }' with request id 126 to database admin on connection [connectionId{localValue:2, serverValue:193536}] to server mflix-shard-00-01-xqewh.mongodb.net:27017
14:51:53.315 [cluster-ClusterId{value='5eb281a4f83d4819dbcf3b6f', description='null'}-mflix-shard-00-01-xqewh.mongodb.net:27017] DEBUG org.mongodb.driver.cluster - Checking status of mflix-shard-00-01-xqewh.mongodb.net:27017
14:51:53.317 [cluster-ClusterId{value='5eb281a4f83d4819dbcf3b6d', description='null'}-mflix-shard-00-01-xqewh.mongodb.net:27017] DEBUG org.mongodb.driver.connection - Closing connection connectionId{localValue:2, serverValue:193536}
14:51:53.318 [cluster-ClusterId{value='5eb281a4f83d4819dbcf3b6f', description='null'}-mflix-shard-00-01-xqewh.mongodb.net:27017] DEBUG org.mongodb.driver.protocol.command - Sending command '{ "ismaster" : 1, "$db" : "admin", "$clusterTime" : { "clusterTime" : { "$timestamp" : { "t" : 1588756906, "i" : 1 } }, "signature" : { "hash" : { "$binary" : { "base64" : "l1mLIkYgS5dEpD4oT+ZyTAnCW1Q=", "subType" : "00" } }, "keyId" : 6819605014537830403 } } }' with request id 127 to database admin on connection [connectionId{localValue:8, serverValue:193536}] to server mflix-shard-00-01-xqewh.mongodb.net:27017
14:51:53.319 [cluster-ClusterId{value='5eb281a4f83d4819dbcf3b6f', description='null'}-mflix-shard-00-01-xqewh.mongodb.net:27017] DEBUG org.mongodb.driver.connection - Closing connection connectionId{localValue:8, serverValue:193536}
14:51:53.323 [cluster-ClusterId{value='5eb281a4f83d4819dbcf3b6f', description='null'}-mflix-shard-00-01-xqewh.mongodb.net:27017] DEBUG org.mongodb.driver.protocol.command - Execution of command with request id 127 failed to complete successfully in 2.07 ms on connection [connectionId{localValue:8, serverValue:193536}] to server mflix-shard-00-01-xqewh.mongodb.net:27017
com.mongodb.MongoSocketReadException: Prematurely reached end of stream
	at com.mongodb.internal.connection.SocketStream.read(SocketStream.java:112)
	at com.mongodb.internal.connection.InternalStreamConnection.receiveResponseBuffers(InternalStreamConnection.java:570)
	at com.mongodb.internal.connection.InternalStreamConnection.receiveMessage(InternalStreamConnection.java:441)
	at com.mongodb.internal.connection.InternalStreamConnection.receiveCommandMessageResponse(InternalStreamConnection.java:295)
	at com.mongodb.internal.connection.InternalStreamConnection.sendAndReceive(InternalStreamConnection.java:255)
	at com.mongodb.internal.connection.CommandHelper.sendAndReceive(CommandHelper.java:83)
	at com.mongodb.internal.connection.CommandHelper.executeCommand(CommandHelper.java:38)
	at com.mongodb.internal.connection.DefaultServerMonitor$ServerMonitorRunnable.lookupServerDescription(DefaultServerMonitor.java:180)
	at com.mongodb.internal.connection.DefaultServerMonitor$ServerMonitorRunnable.run(DefaultServerMonitor.java:124)
	at java.base/java.lang.Thread.run(Thread.java:834)
14:51:53.324 [cluster-ClusterId{value='5eb281a4f83d4819dbcf3b6f', description='null'}-mflix-shard-00-01-xqewh.mongodb.net:27017] DEBUG org.mongodb.driver.connection - Invalidating the connection pool
14:51:53.326 [cluster-ClusterId{value='5eb281a4f83d4819dbcf3b6e', description='null'}-mflix-shard-00-02-xqewh.mongodb.net:27017] DEBUG org.mongodb.driver.protocol.command - Execution of command with request id 123 failed to complete successfully in 7.76 ms on connection [connectionId{localValue:4, serverValue:168031}] to server mflix-shard-00-02-xqewh.mongodb.net:27017
com.mongodb.MongoSocketReadException: Prematurely reached end of stream
	at com.mongodb.internal.connection.SocketStream.read(SocketStream.java:112)
	at com.mongodb.internal.connection.InternalStreamConnection.receiveResponseBuffers(InternalStreamConnection.java:570)
	at com.mongodb.internal.connection.InternalStreamConnection.receiveMessage(InternalStreamConnection.java:441)
	at com.mongodb.internal.connection.InternalStreamConnection.receiveCommandMessageResponse(InternalStreamConnection.java:295)
	at com.mongodb.internal.connection.InternalStreamConnection.sendAndReceive(InternalStreamConnection.java:255)
	at com.mongodb.internal.connection.CommandHelper.sendAndReceive(CommandHelper.java:83)
	at com.mongodb.internal.connection.CommandHelper.executeCommand(CommandHelper.java:38)
	at com.mongodb.internal.connection.DefaultServerMonitor$ServerMonitorRunnable.lookupServerDescription(DefaultServerMonitor.java:180)
	at com.mongodb.internal.connection.DefaultServerMonitor$ServerMonitorRunnable.run(DefaultServerMonitor.java:124)
	at java.base/java.lang.Thread.run(Thread.java:834)
14:51:53.326 [cluster-ClusterId{value='5eb281a4f83d4819dbcf3b6e', description='null'}-mflix-shard-00-02-xqewh.mongodb.net:27017] DEBUG org.mongodb.driver.connection - Invalidating the connection pool
14:51:53.327 [cluster-ClusterId{value='5eb281a4f83d4819dbcf3b6f', description='null'}-mflix-shard-00-02-xqewh.mongodb.net:27017] DEBUG org.mongodb.driver.protocol.command - Execution of command with request id 124 failed to complete successfully in 7.37 ms on connection [connectionId{localValue:7, serverValue:168031}] to server mflix-shard-00-02-xqewh.mongodb.net:27017
com.mongodb.MongoSocketReadException: Prematurely reached end of stream
	at com.mongodb.internal.connection.SocketStream.read(SocketStream.java:112)
	at com.mongodb.internal.connection.InternalStreamConnection.receiveResponseBuffers(InternalStreamConnection.java:570)
	at com.mongodb.internal.connection.InternalStreamConnection.receiveMessage(InternalStreamConnection.java:441)
	at com.mongodb.internal.connection.InternalStreamConnection.receiveCommandMessageResponse(InternalStreamConnection.java:295)
	at com.mongodb.internal.connection.InternalStreamConnection.sendAndReceive(InternalStreamConnection.java:255)
	at com.mongodb.internal.connection.CommandHelper.sendAndReceive(CommandHelper.java:83)
	at com.mongodb.internal.connection.CommandHelper.executeCommand(CommandHelper.java:38)
	at com.mongodb.internal.connection.DefaultServerMonitor$ServerMonitorRunnable.lookupServerDescription(DefaultServerMonitor.java:180)
	at com.mongodb.internal.connection.DefaultServerMonitor$ServerMonitorRunnable.run(DefaultServerMonitor.java:124)
	at java.base/java.lang.Thread.run(Thread.java:834)
14:51:53.327 [cluster-ClusterId{value='5eb281a4f83d4819dbcf3b6f', description='null'}-mflix-shard-00-02-xqewh.mongodb.net:27017] DEBUG org.mongodb.driver.connection - Invalidating the connection pool
14:51:53.328 [cluster-ClusterId{value='5eb281a4f83d4819dbcf3b6d', description='null'}-mflix-shard-00-01-xqewh.mongodb.net:27017] DEBUG org.mongodb.driver.protocol.command - Execution of command with request id 126 failed to complete successfully in 5.17 ms on connection [connectionId{localValue:2, serverValue:193536}] to server mflix-shard-00-01-xqewh.mongodb.net:27017
com.mongodb.MongoSocketReadException: Prematurely reached end of stream
	at com.mongodb.internal.connection.SocketStream.read(SocketStream.java:112)
	at com.mongodb.internal.connection.InternalStreamConnection.receiveResponseBuffers(InternalStreamConnection.java:570)
	at com.mongodb.internal.connection.InternalStreamConnection.receiveMessage(InternalStreamConnection.java:441)
	at com.mongodb.internal.connection.InternalStreamConnection.receiveCommandMessageResponse(InternalStreamConnection.java:295)
	at com.mongodb.internal.connection.InternalStreamConnection.sendAndReceive(InternalStreamConnection.java:255)
	at com.mongodb.internal.connection.CommandHelper.sendAndReceive(CommandHelper.java:83)
	at com.mongodb.internal.connection.CommandHelper.executeCommand(CommandHelper.java:38)
	at com.mongodb.internal.connection.DefaultServerMonitor$ServerMonitorRunnable.lookupServerDescription(DefaultServerMonitor.java:180)
	at com.mongodb.internal.connection.DefaultServerMonitor$ServerMonitorRunnable.run(DefaultServerMonitor.java:124)
	at java.base/java.lang.Thread.run(Thread.java:834)
14:51:53.329 [cluster-ClusterId{value='5eb281a4f83d4819dbcf3b6d', description='null'}-mflix-shard-00-01-xqewh.mongodb.net:27017] DEBUG org.mongodb.driver.connection - Invalidating the connection pool
14:51:53.331 [cluster-ClusterId{value='5eb281a4f83d4819dbcf3b6e', description='null'}-mflix-shard-00-01-xqewh.mongodb.net:27017] DEBUG org.mongodb.driver.protocol.command - Execution of command with request id 125 failed to complete successfully in 4.02 ms on connection [connectionId{localValue:5, serverValue:193536}] to server mflix-shard-00-01-xqewh.mongodb.net:27017
com.mongodb.MongoSocketReadException: Prematurely reached end of stream
	at com.mongodb.internal.connection.SocketStream.read(SocketStream.java:112)
	at com.mongodb.internal.connection.InternalStreamConnection.receiveResponseBuffers(InternalStreamConnection.java:570)
	at com.mongodb.internal.connection.InternalStreamConnection.receiveMessage(InternalStreamConnection.java:441)
	at com.mongodb.internal.connection.InternalStreamConnection.receiveCommandMessageResponse(InternalStreamConnection.java:295)
	at com.mongodb.internal.connection.InternalStreamConnection.sendAndReceive(InternalStreamConnection.java:255)
	at com.mongodb.internal.connection.CommandHelper.sendAndReceive(CommandHelper.java:83)
	at com.mongodb.internal.connection.CommandHelper.executeCommand(CommandHelper.java:38)
	at com.mongodb.internal.connection.DefaultServerMonitor$ServerMonitorRunnable.lookupServerDescription(DefaultServerMonitor.java:180)
	at com.mongodb.internal.connection.DefaultServerMonitor$ServerMonitorRunnable.run(DefaultServerMonitor.java:124)
	at java.base/java.lang.Thread.run(Thread.java:834)
14:51:53.331 [cluster-ClusterId{value='5eb281a4f83d4819dbcf3b6e', description='null'}-mflix-shard-00-01-xqewh.mongodb.net:27017] DEBUG org.mongodb.driver.connection - Invalidating the connection pool
14:51:53.350 [cluster-ClusterId{value='5eb281a4f83d4819dbcf3b6d', description='null'}-mflix-shard-00-02-xqewh.mongodb.net:27017] DEBUG org.mongodb.driver.cluster - Checking status of mflix-shard-00-02-xqewh.mongodb.net:27017
14:51:53.352 [cluster-ClusterId{value='5eb281a4f83d4819dbcf3b6d', description='null'}-mflix-shard-00-02-xqewh.mongodb.net:27017] DEBUG org.mongodb.driver.protocol.command - Sending command '{ "ismaster" : 1, "$db" : "admin", "$clusterTime" : { "clusterTime" : { "$timestamp" : { "t" : 1588756901, "i" : 1 } }, "signature" : { "hash" : { "$binary" : { "base64" : "kenH2wwNClNggZmUC/oR2sRB2P4=", "subType" : "00" } }, "keyId" : 6819605014537830403 } } }' with request id 128 to database admin on connection [connectionId{localValue:3, serverValue:168031}] to server mflix-shard-00-02-xqewh.mongodb.net:27017
14:51:53.353 [cluster-ClusterId{value='5eb281a4f83d4819dbcf3b6d', description='null'}-mflix-shard-00-02-xqewh.mongodb.net:27017] DEBUG org.mongodb.driver.connection - Closing connection connectionId{localValue:3, serverValue:168031}
14:51:53.355 [cluster-ClusterId{value='5eb281a4f83d4819dbcf3b6d', description='null'}-mflix-shard-00-02-xqewh.mongodb.net:27017] DEBUG org.mongodb.driver.protocol.command - Execution of command with request id 128 failed to complete successfully in 3.67 ms on connection [connectionId{localValue:3, serverValue:168031}] to server mflix-shard-00-02-xqewh.mongodb.net:27017
com.mongodb.MongoSocketReadException: Prematurely reached end of stream
	at com.mongodb.internal.connection.SocketStream.read(SocketStream.java:112)
	at com.mongodb.internal.connection.InternalStreamConnection.receiveResponseBuffers(InternalStreamConnection.java:570)
	at com.mongodb.internal.connection.InternalStreamConnection.receiveMessage(InternalStreamConnection.java:441)
	at com.mongodb.internal.connection.InternalStreamConnection.receiveCommandMessageResponse(InternalStreamConnection.java:295)
	at com.mongodb.internal.connection.InternalStreamConnection.sendAndReceive(InternalStreamConnection.java:255)
	at com.mongodb.internal.connection.CommandHelper.sendAndReceive(CommandHelper.java:83)
	at com.mongodb.internal.connection.CommandHelper.executeCommand(CommandHelper.java:38)
	at com.mongodb.internal.connection.DefaultServerMonitor$ServerMonitorRunnable.lookupServerDescription(DefaultServerMonitor.java:180)
	at com.mongodb.internal.connection.DefaultServerMonitor$ServerMonitorRunnable.run(DefaultServerMonitor.java:124)
	at java.base/java.lang.Thread.run(Thread.java:834)
14:51:53.355 [cluster-ClusterId{value='5eb281a4f83d4819dbcf3b6d', description='null'}-mflix-shard-00-02-xqewh.mongodb.net:27017] DEBUG org.mongodb.driver.connection - Invalidating the connection pool
14:51:53.383 [cluster-ClusterId{value='5eb281aff83d4819dbcf3b74', description='null'}-mflix-shard-00-00-xqewh.mongodb.net:27017] DEBUG org.mongodb.driver.protocol.command - Execution of command with request id 121 completed successfully in 303.64 ms on connection [connectionId{localValue:23, serverValue:159736}] to server mflix-shard-00-00-xqewh.mongodb.net:27017
14:51:53.385 [cluster-ClusterId{value='5eb281aff83d4819dbcf3b76', description='null'}-mflix-shard-00-00-xqewh.mongodb.net:27017] DEBUG org.mongodb.driver.protocol.command - Execution of command with request id 122 completed successfully in 302.30 ms on connection [connectionId{localValue:29, serverValue:159736}] to server mflix-shard-00-00-xqewh.mongodb.net:27017
14:51:53.385 [cluster-ClusterId{value='5eb281aff83d4819dbcf3b74', description='null'}-mflix-shard-00-00-xqewh.mongodb.net:27017] INFO org.mongodb.driver.cluster - Monitor thread successfully connected to server with description ServerDescription{address=mflix-shard-00-00-xqewh.mongodb.net:27017, type=REPLICA_SET_SECONDARY, state=CONNECTED, ok=true, version=ServerVersion{versionList=[4, 2, 6]}, minWireVersion=0, maxWireVersion=8, maxDocumentSize=16777216, logicalSessionTimeoutMinutes=30, roundTripTimeNanos=305296859, setName='mflix-shard-0', canonicalAddress=mflix-shard-00-00-xqewh.mongodb.net:27017, hosts=[mflix-shard-00-02-xqewh.mongodb.net:27017, mflix-shard-00-01-xqewh.mongodb.net:27017, mflix-shard-00-00-xqewh.mongodb.net:27017], passives=[], arbiters=[], primary='mflix-shard-00-01-xqewh.mongodb.net:27017', tagSet=TagSet{[Tag{name='nodeType', value='ELECTABLE'}, Tag{name='region', value='US_EAST_1'}, Tag{name='provider', value='AWS'}]}, electionId=null, setVersion=2, lastWriteDate=Wed May 06 14:51:52 IST 2020, lastUpdateTimeNanos=4867968327456}
14:51:53.386 [cluster-ClusterId{value='5eb281aff83d4819dbcf3b74', description='null'}-mflix-shard-00-00-xqewh.mongodb.net:27017] DEBUG org.mongodb.driver.cluster - Updating cluster description to  {type=REPLICA_SET, servers=[{address=mflix-shard-00-01-xqewh.mongodb.net:27017, type=REPLICA_SET_PRIMARY, TagSet{[Tag{name='nodeType', value='ELECTABLE'}, Tag{name='provider', value='AWS'}, Tag{name='region', value='US_EAST_1'}]}, roundTripTime=270.1 ms, state=CONNECTED}, {address=mflix-shard-00-00-xqewh.mongodb.net:27017, type=REPLICA_SET_SECONDARY, TagSet{[Tag{name='nodeType', value='ELECTABLE'}, Tag{name='region', value='US_EAST_1'}, Tag{name='provider', value='AWS'}]}, roundTripTime=305.3 ms, state=CONNECTED}, {address=mflix-shard-00-02-xqewh.mongodb.net:27017, type=REPLICA_SET_SECONDARY, TagSet{[Tag{name='provider', value='AWS'}, Tag{name='region', value='US_EAST_1'}, Tag{name='nodeType', value='ELECTABLE'}]}, roundTripTime=272.6 ms, state=CONNECTED}]
14:51:53.386 [cluster-ClusterId{value='5eb281aff83d4819dbcf3b76', description='null'}-mflix-shard-00-00-xqewh.mongodb.net:27017] INFO org.mongodb.driver.cluster - Monitor thread successfully connected to server with description ServerDescription{address=mflix-shard-00-00-xqewh.mongodb.net:27017, type=REPLICA_SET_SECONDARY, state=CONNECTED, ok=true, version=ServerVersion{versionList=[4, 2, 6]}, minWireVersion=0, maxWireVersion=8, maxDocumentSize=16777216, logicalSessionTimeoutMinutes=30, roundTripTimeNanos=303798817, setName='mflix-shard-0', canonicalAddress=mflix-shard-00-00-xqewh.mongodb.net:27017, hosts=[mflix-shard-00-02-xqewh.mongodb.net:27017, mflix-shard-00-01-xqewh.mongodb.net:27017, mflix-shard-00-00-xqewh.mongodb.net:27017], passives=[], arbiters=[], primary='mflix-shard-00-01-xqewh.mongodb.net:27017', tagSet=TagSet{[Tag{name='nodeType', value='ELECTABLE'}, Tag{name='region', value='US_EAST_1'}, Tag{name='provider', value='AWS'}]}, electionId=null, setVersion=2, lastWriteDate=Wed May 06 14:51:52 IST 2020, lastUpdateTimeNanos=4867969915364}
14:51:53.387 [cluster-ClusterId{value='5eb281aff83d4819dbcf3b76', description='null'}-mflix-shard-00-00-xqewh.mongodb.net:27017] DEBUG org.mongodb.driver.cluster - Updating cluster description to  {type=REPLICA_SET, servers=[{address=mflix-shard-00-01-xqewh.mongodb.net:27017, type=REPLICA_SET_PRIMARY, TagSet{[Tag{name='nodeType', value='ELECTABLE'}, Tag{name='provider', value='AWS'}, Tag{name='region', value='US_EAST_1'}]}, roundTripTime=265.5 ms, state=CONNECTED}, {address=mflix-shard-00-00-xqewh.mongodb.net:27017, type=REPLICA_SET_SECONDARY, TagSet{[Tag{name='nodeType', value='ELECTABLE'}, Tag{name='region', value='US_EAST_1'}, Tag{name='provider', value='AWS'}]}, roundTripTime=303.8 ms, state=CONNECTED}, {address=mflix-shard-00-02-xqewh.mongodb.net:27017, type=REPLICA_SET_SECONDARY, TagSet{[Tag{name='provider', value='AWS'}, Tag{name='region', value='US_EAST_1'}, Tag{name='nodeType', value='ELECTABLE'}]}, roundTripTime=267.3 ms, state=CONNECTED}]
14:51:53.415 [cluster-ClusterId{value='5eb281a4f83d4819dbcf3b6e', description='null'}-mflix-shard-00-00-xqewh.mongodb.net:27017] DEBUG org.mongodb.driver.cluster - Checking status of mflix-shard-00-00-xqewh.mongodb.net:27017
14:51:53.416 [cluster-ClusterId{value='5eb281a4f83d4819dbcf3b6e', description='null'}-mflix-shard-00-00-xqewh.mongodb.net:27017] DEBUG org.mongodb.driver.protocol.command - Sending command '{ "ismaster" : 1, "$db" : "admin", "$clusterTime" : { "clusterTime" : { "$timestamp" : { "t" : 1588756901, "i" : 1 } }, "signature" : { "hash" : { "$binary" : { "base64" : "kenH2wwNClNggZmUC/oR2sRB2P4=", "subType" : "00" } }, "keyId" : 6819605014537830403 } } }' with request id 135 to database admin on connection [connectionId{localValue:6, serverValue:159736}] to server mflix-shard-00-00-xqewh.mongodb.net:27017
14:51:53.470 [cluster-ClusterId{value='5eb281a4f83d4819dbcf3b6d', description='null'}-mflix-shard-00-00-xqewh.mongodb.net:27017] DEBUG org.mongodb.driver.cluster - Checking status of mflix-shard-00-00-xqewh.mongodb.net:27017
14:51:53.471 [cluster-ClusterId{value='5eb281a4f83d4819dbcf3b6d', description='null'}-mflix-shard-00-00-xqewh.mongodb.net:27017] DEBUG org.mongodb.driver.protocol.command - Sending command '{ "ismaster" : 1, "$db" : "admin", "$clusterTime" : { "clusterTime" : { "$timestamp" : { "t" : 1588756901, "i" : 1 } }, "signature" : { "hash" : { "$binary" : { "base64" : "kenH2wwNClNggZmUC/oR2sRB2P4=", "subType" : "00" } }, "keyId" : 6819605014537830403 } } }' with request id 137 to database admin on connection [connectionId{localValue:1, serverValue:159736}] to server mflix-shard-00-00-xqewh.mongodb.net:27017
14:51:53.472 [cluster-ClusterId{value='5eb281a4f83d4819dbcf3b6d', description='null'}-mflix-shard-00-00-xqewh.mongodb.net:27017] DEBUG org.mongodb.driver.connection - Closing connection connectionId{localValue:1, serverValue:159736}
14:51:53.473 [cluster-ClusterId{value='5eb281a4f83d4819dbcf3b6d', description='null'}-mflix-shard-00-00-xqewh.mongodb.net:27017] DEBUG org.mongodb.driver.protocol.command - Execution of command with request id 137 failed to complete successfully in 2.20 ms on connection [connectionId{localValue:1, serverValue:159736}] to server mflix-shard-00-00-xqewh.mongodb.net:27017
com.mongodb.MongoSocketReadException: Prematurely reached end of stream
	at com.mongodb.internal.connection.SocketStream.read(SocketStream.java:112)
	at com.mongodb.internal.connection.InternalStreamConnection.receiveResponseBuffers(InternalStreamConnection.java:570)
	at com.mongodb.internal.connection.InternalStreamConnection.receiveMessage(InternalStreamConnection.java:441)
	at com.mongodb.internal.connection.InternalStreamConnection.receiveCommandMessageResponse(InternalStreamConnection.java:295)
	at com.mongodb.internal.connection.InternalStreamConnection.sendAndReceive(InternalStreamConnection.java:255)
	at com.mongodb.internal.connection.CommandHelper.sendAndReceive(CommandHelper.java:83)
	at com.mongodb.internal.connection.CommandHelper.executeCommand(CommandHelper.java:38)
	at com.mongodb.internal.connection.DefaultServerMonitor$ServerMonitorRunnable.lookupServerDescription(DefaultServerMonitor.java:180)
	at com.mongodb.internal.connection.DefaultServerMonitor$ServerMonitorRunnable.run(DefaultServerMonitor.java:124)
	at java.base/java.lang.Thread.run(Thread.java:834)
14:51:53.473 [cluster-ClusterId{value='5eb281a4f83d4819dbcf3b6d', description='null'}-mflix-shard-00-00-xqewh.mongodb.net:27017] DEBUG org.mongodb.driver.connection - Invalidating the connection pool
14:51:53.580 [cluster-ClusterId{value='5eb281a4f83d4819dbcf3b6f', description='null'}-mflix-shard-00-00-xqewh.mongodb.net:27017] DEBUG org.mongodb.driver.cluster - Checking status of mflix-shard-00-00-xqewh.mongodb.net:27017
14:51:53.583 [cluster-ClusterId{value='5eb281a4f83d4819dbcf3b6f', description='null'}-mflix-shard-00-00-xqewh.mongodb.net:27017] DEBUG org.mongodb.driver.protocol.command - Sending command '{ "ismaster" : 1, "$db" : "admin", "$clusterTime" : { "clusterTime" : { "$timestamp" : { "t" : 1588756906, "i" : 1 } }, "signature" : { "hash" : { "$binary" : { "base64" : "l1mLIkYgS5dEpD4oT+ZyTAnCW1Q=", "subType" : "00" } }, "keyId" : 6819605014537830403 } } }' with request id 138 to database admin on connection [connectionId{localValue:9, serverValue:159736}] to server mflix-shard-00-00-xqewh.mongodb.net:27017
14:51:53.584 [cluster-ClusterId{value='5eb281a4f83d4819dbcf3b6f', description='null'}-mflix-shard-00-00-xqewh.mongodb.net:27017] DEBUG org.mongodb.driver.connection - Closing connection connectionId{localValue:9, serverValue:159736}
14:51:53.586 [cluster-ClusterId{value='5eb281a4f83d4819dbcf3b6f', description='null'}-mflix-shard-00-00-xqewh.mongodb.net:27017] DEBUG org.mongodb.driver.protocol.command - Execution of command with request id 138 failed to complete successfully in 4.44 ms on connection [connectionId{localValue:9, serverValue:159736}] to server mflix-shard-00-00-xqewh.mongodb.net:27017
com.mongodb.MongoSocketReadException: Prematurely reached end of stream
	at com.mongodb.internal.connection.SocketStream.read(SocketStream.java:112)
	at com.mongodb.internal.connection.InternalStreamConnection.receiveResponseBuffers(InternalStreamConnection.java:570)
	at com.mongodb.internal.connection.InternalStreamConnection.receiveMessage(InternalStreamConnection.java:441)
	at com.mongodb.internal.connection.InternalStreamConnection.receiveCommandMessageResponse(InternalStreamConnection.java:295)
	at com.mongodb.internal.connection.InternalStreamConnection.sendAndReceive(InternalStreamConnection.java:255)
	at com.mongodb.internal.connection.CommandHelper.sendAndReceive(CommandHelper.java:83)
	at com.mongodb.internal.connection.CommandHelper.executeCommand(CommandHelper.java:38)
	at com.mongodb.internal.connection.DefaultServerMonitor$ServerMonitorRunnable.lookupServerDescription(DefaultServerMonitor.java:180)
	at com.mongodb.internal.connection.DefaultServerMonitor$ServerMonitorRunnable.run(DefaultServerMonitor.java:124)
	at java.base/java.lang.Thread.run(Thread.java:834)
14:51:53.587 [cluster-ClusterId{value='5eb281a4f83d4819dbcf3b6f', description='null'}-mflix-shard-00-00-xqewh.mongodb.net:27017] DEBUG org.mongodb.driver.connection - Invalidating the connection pool
14:51:53.708 [cluster-ClusterId{value='5eb281a4f83d4819dbcf3b6e', description='null'}-mflix-shard-00-00-xqewh.mongodb.net:27017] DEBUG org.mongodb.driver.protocol.command - Execution of command with request id 135 completed successfully in 291.93 ms on connection [connectionId{localValue:6, serverValue:159736}] to server mflix-shard-00-00-xqewh.mongodb.net:27017
14:51:53.710 [cluster-ClusterId{value='5eb281a4f83d4819dbcf3b6e', description='null'}-mflix-shard-00-00-xqewh.mongodb.net:27017] INFO org.mongodb.driver.cluster - Monitor thread successfully connected to server with description ServerDescription{address=mflix-shard-00-00-xqewh.mongodb.net:27017, type=REPLICA_SET_SECONDARY, state=CONNECTED, ok=true, version=ServerVersion{versionList=[4, 2, 6]}, minWireVersion=0, maxWireVersion=8, maxDocumentSize=16777216, logicalSessionTimeoutMinutes=30, roundTripTimeNanos=268653240, setName='mflix-shard-0', canonicalAddress=mflix-shard-00-00-xqewh.mongodb.net:27017, hosts=[mflix-shard-00-02-xqewh.mongodb.net:27017, mflix-shard-00-01-xqewh.mongodb.net:27017, mflix-shard-00-00-xqewh.mongodb.net:27017], passives=[], arbiters=[], primary='mflix-shard-00-01-xqewh.mongodb.net:27017', tagSet=TagSet{[Tag{name='provider', value='AWS'}, Tag{name='nodeType', value='ELECTABLE'}, Tag{name='region', value='US_EAST_1'}]}, electionId=null, setVersion=2, lastWriteDate=Wed May 06 14:51:52 IST 2020, lastUpdateTimeNanos=4868293179395}
14:51:53.712 [cluster-ClusterId{value='5eb281a4f83d4819dbcf3b6e', description='null'}-mflix-shard-00-00-xqewh.mongodb.net:27017] DEBUG org.mongodb.driver.cluster - Updating cluster description to  {type=REPLICA_SET, servers=[{address=mflix-shard-00-01-xqewh.mongodb.net:27017, type=REPLICA_SET_PRIMARY, TagSet{[Tag{name='nodeType', value='ELECTABLE'}, Tag{name='provider', value='AWS'}, Tag{name='region', value='US_EAST_1'}]}, roundTripTime=329.0 ms, state=CONNECTED}, {address=mflix-shard-00-00-xqewh.mongodb.net:27017, type=REPLICA_SET_SECONDARY, TagSet{[Tag{name='provider', value='AWS'}, Tag{name='nodeType', value='ELECTABLE'}, Tag{name='region', value='US_EAST_1'}]}, roundTripTime=268.7 ms, state=CONNECTED}, {address=mflix-shard-00-02-xqewh.mongodb.net:27017, type=REPLICA_SET_SECONDARY, TagSet{[Tag{name='provider', value='AWS'}, Tag{name='region', value='US_EAST_1'}, Tag{name='nodeType', value='ELECTABLE'}]}, roundTripTime=324.8 ms, state=CONNECTED}]
14:51:53.786 [cluster-ClusterId{value='5eb281aff83d4819dbcf3b76', description='null'}-mflix-shard-00-02-xqewh.mongodb.net:27017] DEBUG org.mongodb.driver.cluster - Checking status of mflix-shard-00-02-xqewh.mongodb.net:27017
14:51:53.788 [cluster-ClusterId{value='5eb281aff83d4819dbcf3b76', description='null'}-mflix-shard-00-02-xqewh.mongodb.net:27017] DEBUG org.mongodb.driver.protocol.command - Sending command '{ "ismaster" : 1, "$db" : "admin", "$clusterTime" : { "clusterTime" : { "$timestamp" : { "t" : 1588756912, "i" : 1 } }, "signature" : { "hash" : { "$binary" : { "base64" : "154bTgwg/cCcMYpxPKJ8dWmxAmw=", "subType" : "00" } }, "keyId" : 6819605014537830403 } } }' with request id 141 to database admin on connection [connectionId{localValue:27, serverValue:154178}] to server mflix-shard-00-02-xqewh.mongodb.net:27017
14:51:54.055 [cluster-ClusterId{value='5eb281aff83d4819dbcf3b76', description='null'}-mflix-shard-00-02-xqewh.mongodb.net:27017] DEBUG org.mongodb.driver.protocol.command - Execution of command with request id 141 completed successfully in 267.66 ms on connection [connectionId{localValue:27, serverValue:154178}] to server mflix-shard-00-02-xqewh.mongodb.net:27017
14:51:54.056 [cluster-ClusterId{value='5eb281aff83d4819dbcf3b76', description='null'}-mflix-shard-00-02-xqewh.mongodb.net:27017] DEBUG org.mongodb.driver.cluster - Updating cluster description to  {type=REPLICA_SET, servers=[{address=mflix-shard-00-01-xqewh.mongodb.net:27017, type=REPLICA_SET_PRIMARY, TagSet{[Tag{name='nodeType', value='ELECTABLE'}, Tag{name='provider', value='AWS'}, Tag{name='region', value='US_EAST_1'}]}, roundTripTime=265.5 ms, state=CONNECTED}, {address=mflix-shard-00-00-xqewh.mongodb.net:27017, type=REPLICA_SET_SECONDARY, TagSet{[Tag{name='nodeType', value='ELECTABLE'}, Tag{name='region', value='US_EAST_1'}, Tag{name='provider', value='AWS'}]}, roundTripTime=303.8 ms, state=CONNECTED}, {address=mflix-shard-00-02-xqewh.mongodb.net:27017, type=REPLICA_SET_SECONDARY, TagSet{[Tag{name='provider', value='AWS'}, Tag{name='region', value='US_EAST_1'}, Tag{name='nodeType', value='ELECTABLE'}]}, roundTripTime=267.6 ms, state=CONNECTED}]
14:51:54.670 [cluster-ClusterId{value='5eb281a4f83d4819dbcf3b6e', description='null'}-mflix-shard-00-01-xqewh.mongodb.net:27017] INFO org.mongodb.driver.connection - Opened connection [connectionId{localValue:35, serverValue:193536}] to mflix-shard-00-01-xqewh.mongodb.net:27017
14:51:54.671 [cluster-ClusterId{value='5eb281a4f83d4819dbcf3b6e', description='null'}-mflix-shard-00-01-xqewh.mongodb.net:27017] DEBUG org.mongodb.driver.cluster - Checking status of mflix-shard-00-01-xqewh.mongodb.net:27017
14:51:54.674 [cluster-ClusterId{value='5eb281a4f83d4819dbcf3b6e', description='null'}-mflix-shard-00-01-xqewh.mongodb.net:27017] DEBUG org.mongodb.driver.protocol.command - Sending command '{ "ismaster" : 1, "$db" : "admin", "$clusterTime" : { "clusterTime" : { "$timestamp" : { "t" : 1588756912, "i" : 1 } }, "signature" : { "hash" : { "$binary" : { "base64" : "154bTgwg/cCcMYpxPKJ8dWmxAmw=", "subType" : "00" } }, "keyId" : 6819605014537830403 } } }' with request id 154 to database admin on connection [connectionId{localValue:35, serverValue:193536}] to server mflix-shard-00-01-xqewh.mongodb.net:27017
14:51:54.731 [cluster-ClusterId{value='5eb281a4f83d4819dbcf3b6e', description='null'}-mflix-shard-00-02-xqewh.mongodb.net:27017] INFO org.mongodb.driver.connection - Opened connection [connectionId{localValue:32, serverValue:168031}] to mflix-shard-00-02-xqewh.mongodb.net:27017
14:51:54.731 [cluster-ClusterId{value='5eb281a4f83d4819dbcf3b6e', description='null'}-mflix-shard-00-02-xqewh.mongodb.net:27017] DEBUG org.mongodb.driver.cluster - Checking status of mflix-shard-00-02-xqewh.mongodb.net:27017
14:51:54.734 [cluster-ClusterId{value='5eb281a4f83d4819dbcf3b6e', description='null'}-mflix-shard-00-02-xqewh.mongodb.net:27017] DEBUG org.mongodb.driver.protocol.command - Sending command '{ "ismaster" : 1, "$db" : "admin", "$clusterTime" : { "clusterTime" : { "$timestamp" : { "t" : 1588756912, "i" : 1 } }, "signature" : { "hash" : { "$binary" : { "base64" : "154bTgwg/cCcMYpxPKJ8dWmxAmw=", "subType" : "00" } }, "keyId" : 6819605014537830403 } } }' with request id 156 to database admin on connection [connectionId{localValue:32, serverValue:168031}] to server mflix-shard-00-02-xqewh.mongodb.net:27017
14:51:54.938 [cluster-ClusterId{value='5eb281a4f83d4819dbcf3b6f', description='null'}-mflix-shard-00-02-xqewh.mongodb.net:27017] INFO org.mongodb.driver.connection - Opened connection [connectionId{localValue:33, serverValue:168031}] to mflix-shard-00-02-xqewh.mongodb.net:27017
14:51:54.939 [cluster-ClusterId{value='5eb281a4f83d4819dbcf3b6f', description='null'}-mflix-shard-00-02-xqewh.mongodb.net:27017] DEBUG org.mongodb.driver.cluster - Checking status of mflix-shard-00-02-xqewh.mongodb.net:27017
14:51:54.941 [cluster-ClusterId{value='5eb281a4f83d4819dbcf3b6f', description='null'}-mflix-shard-00-02-xqewh.mongodb.net:27017] DEBUG org.mongodb.driver.protocol.command - Sending command '{ "ismaster" : 1, "$db" : "admin", "$clusterTime" : { "clusterTime" : { "$timestamp" : { "t" : 1588756906, "i" : 1 } }, "signature" : { "hash" : { "$binary" : { "base64" : "l1mLIkYgS5dEpD4oT+ZyTAnCW1Q=", "subType" : "00" } }, "keyId" : 6819605014537830403 } } }' with request id 161 to database admin on connection [connectionId{localValue:33, serverValue:168031}] to server mflix-shard-00-02-xqewh.mongodb.net:27017
14:51:54.944 [cluster-ClusterId{value='5eb281a4f83d4819dbcf3b6e', description='null'}-mflix-shard-00-01-xqewh.mongodb.net:27017] DEBUG org.mongodb.driver.protocol.command - Execution of command with request id 154 completed successfully in 271.80 ms on connection [connectionId{localValue:35, serverValue:193536}] to server mflix-shard-00-01-xqewh.mongodb.net:27017
14:51:54.946 [cluster-ClusterId{value='5eb281a4f83d4819dbcf3b6e', description='null'}-mflix-shard-00-01-xqewh.mongodb.net:27017] DEBUG org.mongodb.driver.cluster - Updating cluster description to  {type=REPLICA_SET, servers=[{address=mflix-shard-00-01-xqewh.mongodb.net:27017, type=REPLICA_SET_PRIMARY, TagSet{[Tag{name='nodeType', value='ELECTABLE'}, Tag{name='provider', value='AWS'}, Tag{name='region', value='US_EAST_1'}]}, roundTripTime=317.9 ms, state=CONNECTED}, {address=mflix-shard-00-00-xqewh.mongodb.net:27017, type=REPLICA_SET_SECONDARY, TagSet{[Tag{name='provider', value='AWS'}, Tag{name='nodeType', value='ELECTABLE'}, Tag{name='region', value='US_EAST_1'}]}, roundTripTime=268.7 ms, state=CONNECTED}, {address=mflix-shard-00-02-xqewh.mongodb.net:27017, type=REPLICA_SET_SECONDARY, TagSet{[Tag{name='provider', value='AWS'}, Tag{name='region', value='US_EAST_1'}, Tag{name='nodeType', value='ELECTABLE'}]}, roundTripTime=324.8 ms, state=CONNECTED}]
14:51:54.952 [cluster-ClusterId{value='5eb281a4f83d4819dbcf3b6f', description='null'}-mflix-shard-00-01-xqewh.mongodb.net:27017] INFO org.mongodb.driver.connection - Opened connection [connectionId{localValue:31, serverValue:193536}] to mflix-shard-00-01-xqewh.mongodb.net:27017
14:51:54.952 [cluster-ClusterId{value='5eb281a4f83d4819dbcf3b6f', description='null'}-mflix-shard-00-01-xqewh.mongodb.net:27017] DEBUG org.mongodb.driver.cluster - Checking status of mflix-shard-00-01-xqewh.mongodb.net:27017
14:51:54.953 [cluster-ClusterId{value='5eb281a4f83d4819dbcf3b6f', description='null'}-mflix-shard-00-01-xqewh.mongodb.net:27017] DEBUG org.mongodb.driver.protocol.command - Sending command '{ "ismaster" : 1, "$db" : "admin", "$clusterTime" : { "clusterTime" : { "$timestamp" : { "t" : 1588756906, "i" : 1 } }, "signature" : { "hash" : { "$binary" : { "base64" : "l1mLIkYgS5dEpD4oT+ZyTAnCW1Q=", "subType" : "00" } }, "keyId" : 6819605014537830403 } } }' with request id 163 to database admin on connection [connectionId{localValue:31, serverValue:193536}] to server mflix-shard-00-01-xqewh.mongodb.net:27017
14:51:55.014 [cluster-ClusterId{value='5eb281a4f83d4819dbcf3b6d', description='null'}-mflix-shard-00-01-xqewh.mongodb.net:27017] INFO org.mongodb.driver.connection - Opened connection [connectionId{localValue:34, serverValue:193536}] to mflix-shard-00-01-xqewh.mongodb.net:27017
14:51:55.014 [cluster-ClusterId{value='5eb281a4f83d4819dbcf3b6d', description='null'}-mflix-shard-00-01-xqewh.mongodb.net:27017] DEBUG org.mongodb.driver.cluster - Checking status of mflix-shard-00-01-xqewh.mongodb.net:27017
14:51:55.016 [cluster-ClusterId{value='5eb281a4f83d4819dbcf3b6d', description='null'}-mflix-shard-00-01-xqewh.mongodb.net:27017] DEBUG org.mongodb.driver.protocol.command - Sending command '{ "ismaster" : 1, "$db" : "admin", "$clusterTime" : { "clusterTime" : { "$timestamp" : { "t" : 1588756901, "i" : 1 } }, "signature" : { "hash" : { "$binary" : { "base64" : "kenH2wwNClNggZmUC/oR2sRB2P4=", "subType" : "00" } }, "keyId" : 6819605014537830403 } } }' with request id 164 to database admin on connection [connectionId{localValue:34, serverValue:193536}] to server mflix-shard-00-01-xqewh.mongodb.net:27017
14:51:55.018 [cluster-ClusterId{value='5eb281a4f83d4819dbcf3b6e', description='null'}-mflix-shard-00-02-xqewh.mongodb.net:27017] DEBUG org.mongodb.driver.protocol.command - Execution of command with request id 156 completed successfully in 285.43 ms on connection [connectionId{localValue:32, serverValue:168031}] to server mflix-shard-00-02-xqewh.mongodb.net:27017
14:51:55.020 [cluster-ClusterId{value='5eb281a4f83d4819dbcf3b6e', description='null'}-mflix-shard-00-02-xqewh.mongodb.net:27017] DEBUG org.mongodb.driver.cluster - Updating cluster description to  {type=REPLICA_SET, servers=[{address=mflix-shard-00-01-xqewh.mongodb.net:27017, type=REPLICA_SET_PRIMARY, TagSet{[Tag{name='nodeType', value='ELECTABLE'}, Tag{name='provider', value='AWS'}, Tag{name='region', value='US_EAST_1'}]}, roundTripTime=317.9 ms, state=CONNECTED}, {address=mflix-shard-00-00-xqewh.mongodb.net:27017, type=REPLICA_SET_SECONDARY, TagSet{[Tag{name='provider', value='AWS'}, Tag{name='nodeType', value='ELECTABLE'}, Tag{name='region', value='US_EAST_1'}]}, roundTripTime=268.7 ms, state=CONNECTED}, {address=mflix-shard-00-02-xqewh.mongodb.net:27017, type=REPLICA_SET_SECONDARY, TagSet{[Tag{name='provider', value='AWS'}, Tag{name='region', value='US_EAST_1'}, Tag{name='nodeType', value='ELECTABLE'}]}, roundTripTime=317.4 ms, state=CONNECTED}]
14:51:55.167 [cluster-ClusterId{value='5eb281a4f83d4819dbcf3b6d', description='null'}-mflix-shard-00-02-xqewh.mongodb.net:27017] INFO org.mongodb.driver.connection - Opened connection [connectionId{localValue:36, serverValue:168031}] to mflix-shard-00-02-xqewh.mongodb.net:27017
14:51:55.167 [cluster-ClusterId{value='5eb281a4f83d4819dbcf3b6d', description='null'}-mflix-shard-00-02-xqewh.mongodb.net:27017] DEBUG org.mongodb.driver.cluster - Checking status of mflix-shard-00-02-xqewh.mongodb.net:27017
14:51:55.169 [cluster-ClusterId{value='5eb281a4f83d4819dbcf3b6d', description='null'}-mflix-shard-00-02-xqewh.mongodb.net:27017] DEBUG org.mongodb.driver.protocol.command - Sending command '{ "ismaster" : 1, "$db" : "admin", "$clusterTime" : { "clusterTime" : { "$timestamp" : { "t" : 1588756901, "i" : 1 } }, "signature" : { "hash" : { "$binary" : { "base64" : "kenH2wwNClNggZmUC/oR2sRB2P4=", "subType" : "00" } }, "keyId" : 6819605014537830403 } } }' with request id 165 to database admin on connection [connectionId{localValue:36, serverValue:168031}] to server mflix-shard-00-02-xqewh.mongodb.net:27017
14:51:55.174 [cluster-ClusterId{value='5eb281a4f83d4819dbcf3b6f', description='null'}-mflix-shard-00-00-xqewh.mongodb.net:27017] INFO org.mongodb.driver.connection - Opened connection [connectionId{localValue:38, serverValue:159736}] to mflix-shard-00-00-xqewh.mongodb.net:27017
14:51:55.174 [cluster-ClusterId{value='5eb281a4f83d4819dbcf3b6f', description='null'}-mflix-shard-00-00-xqewh.mongodb.net:27017] DEBUG org.mongodb.driver.cluster - Checking status of mflix-shard-00-00-xqewh.mongodb.net:27017
14:51:55.176 [cluster-ClusterId{value='5eb281a4f83d4819dbcf3b6f', description='null'}-mflix-shard-00-00-xqewh.mongodb.net:27017] DEBUG org.mongodb.driver.protocol.command - Sending command '{ "ismaster" : 1, "$db" : "admin", "$clusterTime" : { "clusterTime" : { "$timestamp" : { "t" : 1588756906, "i" : 1 } }, "signature" : { "hash" : { "$binary" : { "base64" : "l1mLIkYgS5dEpD4oT+ZyTAnCW1Q=", "subType" : "00" } }, "keyId" : 6819605014537830403 } } }' with request id 167 to database admin on connection [connectionId{localValue:38, serverValue:159736}] to server mflix-shard-00-00-xqewh.mongodb.net:27017
14:51:55.195 [cluster-ClusterId{value='5eb281a4f83d4819dbcf3b6f', description='null'}-mflix-shard-00-02-xqewh.mongodb.net:27017] DEBUG org.mongodb.driver.protocol.command - Execution of command with request id 161 completed successfully in 255.84 ms on connection [connectionId{localValue:33, serverValue:168031}] to server mflix-shard-00-02-xqewh.mongodb.net:27017
14:51:55.197 [cluster-ClusterId{value='5eb281a4f83d4819dbcf3b6f', description='null'}-mflix-shard-00-02-xqewh.mongodb.net:27017] DEBUG org.mongodb.driver.cluster - Updating cluster description to  {type=REPLICA_SET, servers=[{address=mflix-shard-00-01-xqewh.mongodb.net:27017, type=REPLICA_SET_PRIMARY, TagSet{[Tag{name='nodeType', value='ELECTABLE'}, Tag{name='provider', value='AWS'}, Tag{name='region', value='US_EAST_1'}]}, roundTripTime=326.5 ms, state=CONNECTED}, {address=mflix-shard-00-00-xqewh.mongodb.net:27017, type=REPLICA_SET_SECONDARY, TagSet{[Tag{name='nodeType', value='ELECTABLE'}, Tag{name='region', value='US_EAST_1'}, Tag{name='provider', value='AWS'}]}, roundTripTime=306.9 ms, state=CONNECTED}, {address=mflix-shard-00-02-xqewh.mongodb.net:27017, type=REPLICA_SET_SECONDARY, TagSet{[Tag{name='provider', value='AWS'}, Tag{name='region', value='US_EAST_1'}, Tag{name='nodeType', value='ELECTABLE'}]}, roundTripTime=314.3 ms, state=CONNECTED}]
14:51:55.220 [cluster-ClusterId{value='5eb281a4f83d4819dbcf3b6f', description='null'}-mflix-shard-00-01-xqewh.mongodb.net:27017] DEBUG org.mongodb.driver.protocol.command - Execution of command with request id 163 completed successfully in 266.98 ms on connection [connectionId{localValue:31, serverValue:193536}] to server mflix-shard-00-01-xqewh.mongodb.net:27017
14:51:55.221 [cluster-ClusterId{value='5eb281a4f83d4819dbcf3b6f', description='null'}-mflix-shard-00-01-xqewh.mongodb.net:27017] DEBUG org.mongodb.driver.cluster - Updating cluster description to  {type=REPLICA_SET, servers=[{address=mflix-shard-00-01-xqewh.mongodb.net:27017, type=REPLICA_SET_PRIMARY, TagSet{[Tag{name='nodeType', value='ELECTABLE'}, Tag{name='provider', value='AWS'}, Tag{name='region', value='US_EAST_1'}]}, roundTripTime=314.8 ms, state=CONNECTED}, {address=mflix-shard-00-00-xqewh.mongodb.net:27017, type=REPLICA_SET_SECONDARY, TagSet{[Tag{name='nodeType', value='ELECTABLE'}, Tag{name='region', value='US_EAST_1'}, Tag{name='provider', value='AWS'}]}, roundTripTime=306.9 ms, state=CONNECTED}, {address=mflix-shard-00-02-xqewh.mongodb.net:27017, type=REPLICA_SET_SECONDARY, TagSet{[Tag{name='provider', value='AWS'}, Tag{name='region', value='US_EAST_1'}, Tag{name='nodeType', value='ELECTABLE'}]}, roundTripTime=314.3 ms, state=CONNECTED}]
14:51:55.298 [cluster-ClusterId{value='5eb281a4f83d4819dbcf3b6d', description='null'}-mflix-shard-00-01-xqewh.mongodb.net:27017] DEBUG org.mongodb.driver.protocol.command - Execution of command with request id 164 completed successfully in 282.84 ms on connection [connectionId{localValue:34, serverValue:193536}] to server mflix-shard-00-01-xqewh.mongodb.net:27017
14:51:55.300 [cluster-ClusterId{value='5eb281a4f83d4819dbcf3b6d', description='null'}-mflix-shard-00-01-xqewh.mongodb.net:27017] DEBUG org.mongodb.driver.cluster - Updating cluster description to  {type=REPLICA_SET, servers=[{address=mflix-shard-00-01-xqewh.mongodb.net:27017, type=REPLICA_SET_PRIMARY, TagSet{[Tag{name='nodeType', value='ELECTABLE'}, Tag{name='provider', value='AWS'}, Tag{name='region', value='US_EAST_1'}]}, roundTripTime=307.2 ms, state=CONNECTED}, {address=mflix-shard-00-00-xqewh.mongodb.net:27017, type=REPLICA_SET_SECONDARY, TagSet{[Tag{name='nodeType', value='ELECTABLE'}, Tag{name='region', value='US_EAST_1'}, Tag{name='provider', value='AWS'}]}, roundTripTime=273.3 ms, state=CONNECTED}, {address=mflix-shard-00-02-xqewh.mongodb.net:27017, type=REPLICA_SET_SECONDARY, TagSet{[Tag{name='provider', value='AWS'}, Tag{name='region', value='US_EAST_1'}, Tag{name='nodeType', value='ELECTABLE'}]}, roundTripTime=286.2 ms, state=CONNECTED}]
14:51:55.425 [cluster-ClusterId{value='5eb281a4f83d4819dbcf3b6f', description='null'}-mflix-shard-00-00-xqewh.mongodb.net:27017] DEBUG org.mongodb.driver.protocol.command - Execution of command with request id 167 completed successfully in 249.20 ms on connection [connectionId{localValue:38, serverValue:159736}] to server mflix-shard-00-00-xqewh.mongodb.net:27017
14:51:55.427 [cluster-ClusterId{value='5eb281a4f83d4819dbcf3b6f', description='null'}-mflix-shard-00-00-xqewh.mongodb.net:27017] DEBUG org.mongodb.driver.cluster - Updating cluster description to  {type=REPLICA_SET, servers=[{address=mflix-shard-00-01-xqewh.mongodb.net:27017, type=REPLICA_SET_PRIMARY, TagSet{[Tag{name='nodeType', value='ELECTABLE'}, Tag{name='provider', value='AWS'}, Tag{name='region', value='US_EAST_1'}]}, roundTripTime=314.8 ms, state=CONNECTED}, {address=mflix-shard-00-00-xqewh.mongodb.net:27017, type=REPLICA_SET_SECONDARY, TagSet{[Tag{name='nodeType', value='ELECTABLE'}, Tag{name='region', value='US_EAST_1'}, Tag{name='provider', value='AWS'}]}, roundTripTime=295.7 ms, state=CONNECTED}, {address=mflix-shard-00-02-xqewh.mongodb.net:27017, type=REPLICA_SET_SECONDARY, TagSet{[Tag{name='provider', value='AWS'}, Tag{name='region', value='US_EAST_1'}, Tag{name='nodeType', value='ELECTABLE'}]}, roundTripTime=314.3 ms, state=CONNECTED}]
14:51:55.455 [cluster-ClusterId{value='5eb281a4f83d4819dbcf3b6d', description='null'}-mflix-shard-00-02-xqewh.mongodb.net:27017] DEBUG org.mongodb.driver.protocol.command - Execution of command with request id 165 completed successfully in 286.88 ms on connection [connectionId{localValue:36, serverValue:168031}] to server mflix-shard-00-02-xqewh.mongodb.net:27017
14:51:55.456 [cluster-ClusterId{value='5eb281a4f83d4819dbcf3b6d', description='null'}-mflix-shard-00-02-xqewh.mongodb.net:27017] DEBUG org.mongodb.driver.cluster - Updating cluster description to  {type=REPLICA_SET, servers=[{address=mflix-shard-00-01-xqewh.mongodb.net:27017, type=REPLICA_SET_PRIMARY, TagSet{[Tag{name='nodeType', value='ELECTABLE'}, Tag{name='provider', value='AWS'}, Tag{name='region', value='US_EAST_1'}]}, roundTripTime=307.2 ms, state=CONNECTED}, {address=mflix-shard-00-00-xqewh.mongodb.net:27017, type=REPLICA_SET_SECONDARY, TagSet{[Tag{name='nodeType', value='ELECTABLE'}, Tag{name='region', value='US_EAST_1'}, Tag{name='provider', value='AWS'}]}, roundTripTime=273.3 ms, state=CONNECTED}, {address=mflix-shard-00-02-xqewh.mongodb.net:27017, type=REPLICA_SET_SECONDARY, TagSet{[Tag{name='provider', value='AWS'}, Tag{name='region', value='US_EAST_1'}, Tag{name='nodeType', value='ELECTABLE'}]}, roundTripTime=286.6 ms, state=CONNECTED}]
14:51:55.499 [cluster-ClusterId{value='5eb281a4f83d4819dbcf3b6d', description='null'}-mflix-shard-00-00-xqewh.mongodb.net:27017] INFO org.mongodb.driver.connection - Opened connection [connectionId{localValue:37, serverValue:159736}] to mflix-shard-00-00-xqewh.mongodb.net:27017
14:51:55.499 [cluster-ClusterId{value='5eb281a4f83d4819dbcf3b6d', description='null'}-mflix-shard-00-00-xqewh.mongodb.net:27017] DEBUG org.mongodb.driver.cluster - Checking status of mflix-shard-00-00-xqewh.mongodb.net:27017
14:51:55.501 [cluster-ClusterId{value='5eb281a4f83d4819dbcf3b6d', description='null'}-mflix-shard-00-00-xqewh.mongodb.net:27017] DEBUG org.mongodb.driver.protocol.command - Sending command '{ "ismaster" : 1, "$db" : "admin", "$clusterTime" : { "clusterTime" : { "$timestamp" : { "t" : 1588756914, "i" : 1 } }, "signature" : { "hash" : { "$binary" : { "base64" : "K5v+8JHmNFtJGSqG0h7j91AZTJM=", "subType" : "00" } }, "keyId" : 6819605014537830403 } } }' with request id 170 to database admin on connection [connectionId{localValue:37, serverValue:159736}] to server mflix-shard-00-00-xqewh.mongodb.net:27017
14:51:55.676 [main] INFO org.mongodb.driver.connection - Opened connection [connectionId{localValue:30, serverValue:193536}] to mflix-shard-00-01-xqewh.mongodb.net:27017
14:51:55.680 [main] DEBUG org.mongodb.driver.protocol.command - Sending command '{ "listDatabases" : 1, "nameOnly" : true, "$db" : "admin", "$clusterTime" : { "clusterTime" : { "$timestamp" : { "t" : 1588756912, "i" : 1 } }, "signature" : { "hash" : { "$binary" : { "base64" : "154bTgwg/cCcMYpxPKJ8dWmxAmw=", "subType" : "00" } }, "keyId" : 6819605014537830403 } }, "lsid" : { "id" : { "$binary" : { "base64" : "a9pSL8b8RYCJjVeNz97aIg==", "subType" : "04" } } } }' with request id 171 to database admin on connection [connectionId{localValue:30, serverValue:193536}] to server mflix-shard-00-01-xqewh.mongodb.net:27017
14:51:55.767 [cluster-ClusterId{value='5eb281a4f83d4819dbcf3b6d', description='null'}-mflix-shard-00-00-xqewh.mongodb.net:27017] DEBUG org.mongodb.driver.protocol.command - Execution of command with request id 170 completed successfully in 266.97 ms on connection [connectionId{localValue:37, serverValue:159736}] to server mflix-shard-00-00-xqewh.mongodb.net:27017
14:51:55.769 [cluster-ClusterId{value='5eb281a4f83d4819dbcf3b6d', description='null'}-mflix-shard-00-00-xqewh.mongodb.net:27017] DEBUG org.mongodb.driver.cluster - Updating cluster description to  {type=REPLICA_SET, servers=[{address=mflix-shard-00-01-xqewh.mongodb.net:27017, type=REPLICA_SET_PRIMARY, TagSet{[Tag{name='nodeType', value='ELECTABLE'}, Tag{name='provider', value='AWS'}, Tag{name='region', value='US_EAST_1'}]}, roundTripTime=307.2 ms, state=CONNECTED}, {address=mflix-shard-00-00-xqewh.mongodb.net:27017, type=REPLICA_SET_SECONDARY, TagSet{[Tag{name='nodeType', value='ELECTABLE'}, Tag{name='region', value='US_EAST_1'}, Tag{name='provider', value='AWS'}]}, roundTripTime=272.4 ms, state=CONNECTED}, {address=mflix-shard-00-02-xqewh.mongodb.net:27017, type=REPLICA_SET_SECONDARY, TagSet{[Tag{name='provider', value='AWS'}, Tag{name='region', value='US_EAST_1'}, Tag{name='nodeType', value='ELECTABLE'}]}, roundTripTime=286.6 ms, state=CONNECTED}]
14:51:55.950 [main] DEBUG org.mongodb.driver.protocol.command - Execution of command with request id 171 completed successfully in 270.60 ms on connection [connectionId{localValue:30, serverValue:193536}] to server mflix-shard-00-01-xqewh.mongodb.net:27017
sample_airbnb
sample_analytics
sample_geospatial
sample_mflix
sample_supplies
sample_training
sample_weatherdata
test
admin
local
]]></system-out>
  </testcase>
  <testcase name="MongoClientInstance" classname="mflix.lessons.MongoClientLesson" time="0.028"/>
</testsuite>