<?xml version="1.0" encoding="UTF-8"?>
<testsuite xmlns:xsi="http://www.w3.org/2001/XMLSchema-instance" xsi:noNamespaceSchemaLocation="https://maven.apache.org/surefire/maven-surefire-plugin/xsd/surefire-test-report.xsd" name="mflix.lessons.UsingAggregationBuilders" time="19.953" tests="3" errors="0" skipped="0" failures="1">
  <properties>
    <property name="sun.desktop" value="gnome"/>
    <property name="awt.toolkit" value="sun.awt.X11.XToolkit"/>
    <property name="java.specification.version" value="11"/>
    <property name="sun.cpu.isalist" value=""/>
    <property name="sun.jnu.encoding" value="UTF-8"/>
    <property name="java.class.path" value="/home/pratyush/Documents/mongo-course/mflix/target/test-classes:/home/pratyush/Documents/mongo-course/mflix/target/classes:/home/pratyush/.m2/repository/org/springframework/boot/spring-boot-starter-web/2.0.3.RELEASE/spring-boot-starter-web-2.0.3.RELEASE.jar:/home/pratyush/.m2/repository/org/springframework/boot/spring-boot-starter/2.0.3.RELEASE/spring-boot-starter-2.0.3.RELEASE.jar:/home/pratyush/.m2/repository/org/springframework/boot/spring-boot-starter-logging/2.0.3.RELEASE/spring-boot-starter-logging-2.0.3.RELEASE.jar:/home/pratyush/.m2/repository/ch/qos/logback/logback-classic/1.2.3/logback-classic-1.2.3.jar:/home/pratyush/.m2/repository/ch/qos/logback/logback-core/1.2.3/logback-core-1.2.3.jar:/home/pratyush/.m2/repository/org/apache/logging/log4j/log4j-to-slf4j/2.10.0/log4j-to-slf4j-2.10.0.jar:/home/pratyush/.m2/repository/org/apache/logging/log4j/log4j-api/2.10.0/log4j-api-2.10.0.jar:/home/pratyush/.m2/repository/org/slf4j/jul-to-slf4j/1.7.25/jul-to-slf4j-1.7.25.jar:/home/pratyush/.m2/repository/javax/annotation/javax.annotation-api/1.3.2/javax.annotation-api-1.3.2.jar:/home/pratyush/.m2/repository/org/yaml/snakeyaml/1.19/snakeyaml-1.19.jar:/home/pratyush/.m2/repository/org/springframework/boot/spring-boot-starter-json/2.0.3.RELEASE/spring-boot-starter-json-2.0.3.RELEASE.jar:/home/pratyush/.m2/repository/com/fasterxml/jackson/datatype/jackson-datatype-jdk8/2.9.6/jackson-datatype-jdk8-2.9.6.jar:/home/pratyush/.m2/repository/com/fasterxml/jackson/datatype/jackson-datatype-jsr310/2.9.6/jackson-datatype-jsr310-2.9.6.jar:/home/pratyush/.m2/repository/com/fasterxml/jackson/module/jackson-module-parameter-names/2.9.6/jackson-module-parameter-names-2.9.6.jar:/home/pratyush/.m2/repository/org/springframework/boot/spring-boot-starter-tomcat/2.0.3.RELEASE/spring-boot-starter-tomcat-2.0.3.RELEASE.jar:/home/pratyush/.m2/repository/org/apache/tomcat/embed/tomcat-embed-core/8.5.31/tomcat-embed-core-8.5.31.jar:/home/pratyush/.m2/repository/org/apache/tomcat/embed/tomcat-embed-el/8.5.31/tomcat-embed-el-8.5.31.jar:/home/pratyush/.m2/repository/org/apache/tomcat/embed/tomcat-embed-websocket/8.5.31/tomcat-embed-websocket-8.5.31.jar:/home/pratyush/.m2/repository/org/hibernate/validator/hibernate-validator/6.0.10.Final/hibernate-validator-6.0.10.Final.jar:/home/pratyush/.m2/repository/javax/validation/validation-api/2.0.1.Final/validation-api-2.0.1.Final.jar:/home/pratyush/.m2/repository/org/jboss/logging/jboss-logging/3.3.2.Final/jboss-logging-3.3.2.Final.jar:/home/pratyush/.m2/repository/com/fasterxml/classmate/1.3.4/classmate-1.3.4.jar:/home/pratyush/.m2/repository/org/springframework/spring-webmvc/5.0.7.RELEASE/spring-webmvc-5.0.7.RELEASE.jar:/home/pratyush/.m2/repository/org/springframework/boot/spring-boot-starter-test/2.0.3.RELEASE/spring-boot-starter-test-2.0.3.RELEASE.jar:/home/pratyush/.m2/repository/org/springframework/boot/spring-boot-test/2.0.3.RELEASE/spring-boot-test-2.0.3.RELEASE.jar:/home/pratyush/.m2/repository/org/springframework/boot/spring-boot-test-autoconfigure/2.0.3.RELEASE/spring-boot-test-autoconfigure-2.0.3.RELEASE.jar:/home/pratyush/.m2/repository/com/jayway/jsonpath/json-path/2.4.0/json-path-2.4.0.jar:/home/pratyush/.m2/repository/net/minidev/json-smart/2.3/json-smart-2.3.jar:/home/pratyush/.m2/repository/net/minidev/accessors-smart/1.2/accessors-smart-1.2.jar:/home/pratyush/.m2/repository/org/ow2/asm/asm/5.0.4/asm-5.0.4.jar:/home/pratyush/.m2/repository/org/slf4j/slf4j-api/1.7.25/slf4j-api-1.7.25.jar:/home/pratyush/.m2/repository/junit/junit/4.12/junit-4.12.jar:/home/pratyush/.m2/repository/org/assertj/assertj-core/3.9.1/assertj-core-3.9.1.jar:/home/pratyush/.m2/repository/org/mockito/mockito-core/2.15.0/mockito-core-2.15.0.jar:/home/pratyush/.m2/repository/net/bytebuddy/byte-buddy/1.7.9/byte-buddy-1.7.9.jar:/home/pratyush/.m2/repository/net/bytebuddy/byte-buddy-agent/1.7.9/byte-buddy-agent-1.7.9.jar:/home/pratyush/.m2/repository/org/objenesis/objenesis/2.6/objenesis-2.6.jar:/home/pratyush/.m2/repository/org/hamcrest/hamcrest-core/1.3/hamcrest-core-1.3.jar:/home/pratyush/.m2/repository/org/hamcrest/hamcrest-library/1.3/hamcrest-library-1.3.jar:/home/pratyush/.m2/repository/org/skyscreamer/jsonassert/1.5.0/jsonassert-1.5.0.jar:/home/pratyush/.m2/repository/com/vaadin/external/google/android-json/0.0.20131108.vaadin1/android-json-0.0.20131108.vaadin1.jar:/home/pratyush/.m2/repository/org/springframework/spring-test/5.0.7.RELEASE/spring-test-5.0.7.RELEASE.jar:/home/pratyush/.m2/repository/org/xmlunit/xmlunit-core/2.5.1/xmlunit-core-2.5.1.jar:/home/pratyush/.m2/repository/org/springframework/boot/spring-boot-starter-security/2.0.4.RELEASE/spring-boot-starter-security-2.0.4.RELEASE.jar:/home/pratyush/.m2/repository/org/springframework/spring-aop/5.0.8.RELEASE/spring-aop-5.0.8.RELEASE.jar:/home/pratyush/.m2/repository/org/springframework/security/spring-security-config/5.0.7.RELEASE/spring-security-config-5.0.7.RELEASE.jar:/home/pratyush/.m2/repository/org/springframework/security/spring-security-core/5.0.7.RELEASE/spring-security-core-5.0.7.RELEASE.jar:/home/pratyush/.m2/repository/org/springframework/security/spring-security-web/5.0.7.RELEASE/spring-security-web-5.0.7.RELEASE.jar:/home/pratyush/.m2/repository/org/springframework/boot/spring-boot/2.0.4.RELEASE/spring-boot-2.0.4.RELEASE.jar:/home/pratyush/.m2/repository/org/springframework/spring-context/5.0.7.RELEASE/spring-context-5.0.7.RELEASE.jar:/home/pratyush/.m2/repository/org/springframework/spring-beans/5.0.7.RELEASE/spring-beans-5.0.7.RELEASE.jar:/home/pratyush/.m2/repository/org/springframework/spring-expression/5.0.7.RELEASE/spring-expression-5.0.7.RELEASE.jar:/home/pratyush/.m2/repository/org/springframework/spring-core/5.0.7.RELEASE/spring-core-5.0.7.RELEASE.jar:/home/pratyush/.m2/repository/org/springframework/spring-jcl/5.0.7.RELEASE/spring-jcl-5.0.7.RELEASE.jar:/home/pratyush/.m2/repository/org/springframework/boot/spring-boot-autoconfigure/2.0.3.RELEASE/spring-boot-autoconfigure-2.0.3.RELEASE.jar:/home/pratyush/.m2/repository/org/springframework/spring-web/5.0.7.RELEASE/spring-web-5.0.7.RELEASE.jar:/home/pratyush/.m2/repository/io/jsonwebtoken/jjwt/0.9.1/jjwt-0.9.1.jar:/home/pratyush/.m2/repository/com/fasterxml/jackson/core/jackson-databind/2.9.6/jackson-databind-2.9.6.jar:/home/pratyush/.m2/repository/com/fasterxml/jackson/core/jackson-annotations/2.9.0/jackson-annotations-2.9.0.jar:/home/pratyush/.m2/repository/com/fasterxml/jackson/core/jackson-core/2.9.6/jackson-core-2.9.6.jar:/home/pratyush/.m2/repository/org/junit/jupiter/junit-jupiter-api/5.1.0/junit-jupiter-api-5.1.0.jar:/home/pratyush/.m2/repository/org/apiguardian/apiguardian-api/1.0.0/apiguardian-api-1.0.0.jar:/home/pratyush/.m2/repository/org/opentest4j/opentest4j/1.0.0/opentest4j-1.0.0.jar:/home/pratyush/.m2/repository/org/junit/platform/junit-platform-commons/1.1.0/junit-platform-commons-1.1.0.jar:/home/pratyush/.m2/repository/org/mongodb/mongodb-driver-sync/3.9.1/mongodb-driver-sync-3.9.1.jar:/home/pratyush/.m2/repository/org/mongodb/bson/3.9.1/bson-3.9.1.jar:/home/pratyush/.m2/repository/org/mongodb/mongodb-driver-core/3.9.1/mongodb-driver-core-3.9.1.jar:"/>
    <property name="java.vm.vendor" value="Ubuntu"/>
    <property name="sun.arch.data.model" value="64"/>
    <property name="java.vendor.url" value="https://ubuntu.com/"/>
    <property name="user.timezone" value=""/>
    <property name="java.vm.specification.version" value="11"/>
    <property name="os.name" value="Linux"/>
    <property name="sun.java.launcher" value="SUN_STANDARD"/>
    <property name="user.country" value="IN"/>
    <property name="sun.boot.library.path" value="/usr/lib/jvm/java-11-openjdk-amd64/lib"/>
    <property name="sun.java.command" value="/home/pratyush/Documents/mongo-course/mflix/target/surefire/surefirebooter1623597519661421590.jar /home/pratyush/Documents/mongo-course/mflix/target/surefire 2020-05-07T14-02-37_546-jvmRun1 surefire4503714672788926473tmp surefire_03465009726532561967tmp"/>
    <property name="jdk.debug" value="release"/>
    <property name="test" value="UsingAggregationBuilders"/>
    <property name="surefire.test.class.path" value="/home/pratyush/Documents/mongo-course/mflix/target/test-classes:/home/pratyush/Documents/mongo-course/mflix/target/classes:/home/pratyush/.m2/repository/org/springframework/boot/spring-boot-starter-web/2.0.3.RELEASE/spring-boot-starter-web-2.0.3.RELEASE.jar:/home/pratyush/.m2/repository/org/springframework/boot/spring-boot-starter/2.0.3.RELEASE/spring-boot-starter-2.0.3.RELEASE.jar:/home/pratyush/.m2/repository/org/springframework/boot/spring-boot-starter-logging/2.0.3.RELEASE/spring-boot-starter-logging-2.0.3.RELEASE.jar:/home/pratyush/.m2/repository/ch/qos/logback/logback-classic/1.2.3/logback-classic-1.2.3.jar:/home/pratyush/.m2/repository/ch/qos/logback/logback-core/1.2.3/logback-core-1.2.3.jar:/home/pratyush/.m2/repository/org/apache/logging/log4j/log4j-to-slf4j/2.10.0/log4j-to-slf4j-2.10.0.jar:/home/pratyush/.m2/repository/org/apache/logging/log4j/log4j-api/2.10.0/log4j-api-2.10.0.jar:/home/pratyush/.m2/repository/org/slf4j/jul-to-slf4j/1.7.25/jul-to-slf4j-1.7.25.jar:/home/pratyush/.m2/repository/javax/annotation/javax.annotation-api/1.3.2/javax.annotation-api-1.3.2.jar:/home/pratyush/.m2/repository/org/yaml/snakeyaml/1.19/snakeyaml-1.19.jar:/home/pratyush/.m2/repository/org/springframework/boot/spring-boot-starter-json/2.0.3.RELEASE/spring-boot-starter-json-2.0.3.RELEASE.jar:/home/pratyush/.m2/repository/com/fasterxml/jackson/datatype/jackson-datatype-jdk8/2.9.6/jackson-datatype-jdk8-2.9.6.jar:/home/pratyush/.m2/repository/com/fasterxml/jackson/datatype/jackson-datatype-jsr310/2.9.6/jackson-datatype-jsr310-2.9.6.jar:/home/pratyush/.m2/repository/com/fasterxml/jackson/module/jackson-module-parameter-names/2.9.6/jackson-module-parameter-names-2.9.6.jar:/home/pratyush/.m2/repository/org/springframework/boot/spring-boot-starter-tomcat/2.0.3.RELEASE/spring-boot-starter-tomcat-2.0.3.RELEASE.jar:/home/pratyush/.m2/repository/org/apache/tomcat/embed/tomcat-embed-core/8.5.31/tomcat-embed-core-8.5.31.jar:/home/pratyush/.m2/repository/org/apache/tomcat/embed/tomcat-embed-el/8.5.31/tomcat-embed-el-8.5.31.jar:/home/pratyush/.m2/repository/org/apache/tomcat/embed/tomcat-embed-websocket/8.5.31/tomcat-embed-websocket-8.5.31.jar:/home/pratyush/.m2/repository/org/hibernate/validator/hibernate-validator/6.0.10.Final/hibernate-validator-6.0.10.Final.jar:/home/pratyush/.m2/repository/javax/validation/validation-api/2.0.1.Final/validation-api-2.0.1.Final.jar:/home/pratyush/.m2/repository/org/jboss/logging/jboss-logging/3.3.2.Final/jboss-logging-3.3.2.Final.jar:/home/pratyush/.m2/repository/com/fasterxml/classmate/1.3.4/classmate-1.3.4.jar:/home/pratyush/.m2/repository/org/springframework/spring-webmvc/5.0.7.RELEASE/spring-webmvc-5.0.7.RELEASE.jar:/home/pratyush/.m2/repository/org/springframework/boot/spring-boot-starter-test/2.0.3.RELEASE/spring-boot-starter-test-2.0.3.RELEASE.jar:/home/pratyush/.m2/repository/org/springframework/boot/spring-boot-test/2.0.3.RELEASE/spring-boot-test-2.0.3.RELEASE.jar:/home/pratyush/.m2/repository/org/springframework/boot/spring-boot-test-autoconfigure/2.0.3.RELEASE/spring-boot-test-autoconfigure-2.0.3.RELEASE.jar:/home/pratyush/.m2/repository/com/jayway/jsonpath/json-path/2.4.0/json-path-2.4.0.jar:/home/pratyush/.m2/repository/net/minidev/json-smart/2.3/json-smart-2.3.jar:/home/pratyush/.m2/repository/net/minidev/accessors-smart/1.2/accessors-smart-1.2.jar:/home/pratyush/.m2/repository/org/ow2/asm/asm/5.0.4/asm-5.0.4.jar:/home/pratyush/.m2/repository/org/slf4j/slf4j-api/1.7.25/slf4j-api-1.7.25.jar:/home/pratyush/.m2/repository/junit/junit/4.12/junit-4.12.jar:/home/pratyush/.m2/repository/org/assertj/assertj-core/3.9.1/assertj-core-3.9.1.jar:/home/pratyush/.m2/repository/org/mockito/mockito-core/2.15.0/mockito-core-2.15.0.jar:/home/pratyush/.m2/repository/net/bytebuddy/byte-buddy/1.7.9/byte-buddy-1.7.9.jar:/home/pratyush/.m2/repository/net/bytebuddy/byte-buddy-agent/1.7.9/byte-buddy-agent-1.7.9.jar:/home/pratyush/.m2/repository/org/objenesis/objenesis/2.6/objenesis-2.6.jar:/home/pratyush/.m2/repository/org/hamcrest/hamcrest-core/1.3/hamcrest-core-1.3.jar:/home/pratyush/.m2/repository/org/hamcrest/hamcrest-library/1.3/hamcrest-library-1.3.jar:/home/pratyush/.m2/repository/org/skyscreamer/jsonassert/1.5.0/jsonassert-1.5.0.jar:/home/pratyush/.m2/repository/com/vaadin/external/google/android-json/0.0.20131108.vaadin1/android-json-0.0.20131108.vaadin1.jar:/home/pratyush/.m2/repository/org/springframework/spring-test/5.0.7.RELEASE/spring-test-5.0.7.RELEASE.jar:/home/pratyush/.m2/repository/org/xmlunit/xmlunit-core/2.5.1/xmlunit-core-2.5.1.jar:/home/pratyush/.m2/repository/org/springframework/boot/spring-boot-starter-security/2.0.4.RELEASE/spring-boot-starter-security-2.0.4.RELEASE.jar:/home/pratyush/.m2/repository/org/springframework/spring-aop/5.0.8.RELEASE/spring-aop-5.0.8.RELEASE.jar:/home/pratyush/.m2/repository/org/springframework/security/spring-security-config/5.0.7.RELEASE/spring-security-config-5.0.7.RELEASE.jar:/home/pratyush/.m2/repository/org/springframework/security/spring-security-core/5.0.7.RELEASE/spring-security-core-5.0.7.RELEASE.jar:/home/pratyush/.m2/repository/org/springframework/security/spring-security-web/5.0.7.RELEASE/spring-security-web-5.0.7.RELEASE.jar:/home/pratyush/.m2/repository/org/springframework/boot/spring-boot/2.0.4.RELEASE/spring-boot-2.0.4.RELEASE.jar:/home/pratyush/.m2/repository/org/springframework/spring-context/5.0.7.RELEASE/spring-context-5.0.7.RELEASE.jar:/home/pratyush/.m2/repository/org/springframework/spring-beans/5.0.7.RELEASE/spring-beans-5.0.7.RELEASE.jar:/home/pratyush/.m2/repository/org/springframework/spring-expression/5.0.7.RELEASE/spring-expression-5.0.7.RELEASE.jar:/home/pratyush/.m2/repository/org/springframework/spring-core/5.0.7.RELEASE/spring-core-5.0.7.RELEASE.jar:/home/pratyush/.m2/repository/org/springframework/spring-jcl/5.0.7.RELEASE/spring-jcl-5.0.7.RELEASE.jar:/home/pratyush/.m2/repository/org/springframework/boot/spring-boot-autoconfigure/2.0.3.RELEASE/spring-boot-autoconfigure-2.0.3.RELEASE.jar:/home/pratyush/.m2/repository/org/springframework/spring-web/5.0.7.RELEASE/spring-web-5.0.7.RELEASE.jar:/home/pratyush/.m2/repository/io/jsonwebtoken/jjwt/0.9.1/jjwt-0.9.1.jar:/home/pratyush/.m2/repository/com/fasterxml/jackson/core/jackson-databind/2.9.6/jackson-databind-2.9.6.jar:/home/pratyush/.m2/repository/com/fasterxml/jackson/core/jackson-annotations/2.9.0/jackson-annotations-2.9.0.jar:/home/pratyush/.m2/repository/com/fasterxml/jackson/core/jackson-core/2.9.6/jackson-core-2.9.6.jar:/home/pratyush/.m2/repository/org/junit/jupiter/junit-jupiter-api/5.1.0/junit-jupiter-api-5.1.0.jar:/home/pratyush/.m2/repository/org/apiguardian/apiguardian-api/1.0.0/apiguardian-api-1.0.0.jar:/home/pratyush/.m2/repository/org/opentest4j/opentest4j/1.0.0/opentest4j-1.0.0.jar:/home/pratyush/.m2/repository/org/junit/platform/junit-platform-commons/1.1.0/junit-platform-commons-1.1.0.jar:/home/pratyush/.m2/repository/org/mongodb/mongodb-driver-sync/3.9.1/mongodb-driver-sync-3.9.1.jar:/home/pratyush/.m2/repository/org/mongodb/bson/3.9.1/bson-3.9.1.jar:/home/pratyush/.m2/repository/org/mongodb/mongodb-driver-core/3.9.1/mongodb-driver-core-3.9.1.jar:"/>
    <property name="sun.cpu.endian" value="little"/>
    <property name="user.home" value="/home/pratyush"/>
    <property name="user.language" value="en"/>
    <property name="java.specification.vendor" value="Oracle Corporation"/>
    <property name="java.version.date" value="2020-04-14"/>
    <property name="java.home" value="/usr/lib/jvm/java-11-openjdk-amd64"/>
    <property name="file.separator" value="/"/>
    <property name="basedir" value="/home/pratyush/Documents/mongo-course/mflix"/>
    <property name="java.vm.compressedOopsMode" value="32-bit"/>
    <property name="line.separator" value="&#10;"/>
    <property name="java.specification.name" value="Java Platform API Specification"/>
    <property name="java.vm.specification.vendor" value="Oracle Corporation"/>
    <property name="java.awt.graphicsenv" value="sun.awt.X11GraphicsEnvironment"/>
    <property name="surefire.real.class.path" value="/home/pratyush/Documents/mongo-course/mflix/target/surefire/surefirebooter1623597519661421590.jar"/>
    <property name="sun.management.compiler" value="HotSpot 64-Bit Tiered Compilers"/>
    <property name="java.runtime.version" value="11.0.7+10-post-Ubuntu-2ubuntu218.04"/>
    <property name="user.name" value="pratyush"/>
    <property name="path.separator" value=":"/>
    <property name="os.version" value="4.15.0-99-generic"/>
    <property name="java.runtime.name" value="OpenJDK Runtime Environment"/>
    <property name="file.encoding" value="UTF-8"/>
    <property name="java.vm.name" value="OpenJDK 64-Bit Server VM"/>
    <property name="localRepository" value="/home/pratyush/.m2/repository"/>
    <property name="java.vendor.url.bug" value="https://bugs.launchpad.net/ubuntu/+source/openjdk-lts"/>
    <property name="java.io.tmpdir" value="/tmp"/>
    <property name="java.version" value="11.0.7"/>
    <property name="user.dir" value="/home/pratyush/Documents/mongo-course/mflix"/>
    <property name="os.arch" value="amd64"/>
    <property name="java.vm.specification.name" value="Java Virtual Machine Specification"/>
    <property name="java.awt.printerjob" value="sun.print.PSPrinterJob"/>
    <property name="sun.os.patch.level" value="unknown"/>
    <property name="java.library.path" value="/usr/java/packages/lib:/usr/lib/x86_64-linux-gnu/jni:/lib/x86_64-linux-gnu:/usr/lib/x86_64-linux-gnu:/usr/lib/jni:/lib:/usr/lib"/>
    <property name="java.vendor" value="Ubuntu"/>
    <property name="java.vm.info" value="mixed mode, sharing"/>
    <property name="java.vm.version" value="11.0.7+10-post-Ubuntu-2ubuntu218.04"/>
    <property name="sun.io.unicode.encoding" value="UnicodeLittle"/>
    <property name="java.class.version" value="55.0"/>
  </properties>
  <testcase name="singleStageAggregation" classname="mflix.lessons.UsingAggregationBuilders" time="7.389"/>
  <testcase name="complexStages" classname="mflix.lessons.UsingAggregationBuilders" time="5.241"/>
  <testcase name="aggregateSeveralStages" classname="mflix.lessons.UsingAggregationBuilders" time="5.786">
    <failure message="expected:&lt;[Document{{_id=Leonor Silveira, count=8}}, Document{{_id=Joaquim de Almeida, count=6}}, Document{{_id=Isabel Ruth, count=6}}, Document{{_id=Joèo Cèsar Monteiro, count=5}}, Document{{_id=Catherine Deneuve, count=5}}, Document{{_id=John Malkovich, count=5}}, Document{{_id=Maria de Medeiros, count=5}}, Document{{_id=Ricardo Trèpa, count=5}}, Document{{_id=Luès Miguel Cintra, count=4}}, Document{{_id=Diogo Dèria, count=4}}, Document{{_id=Ana Bustorff, count=4}}, Document{{_id=Michel Piccoli, count=3}}, Document{{_id=Rita Blanco, count=3}}, Document{{_id=Manuela de Freitas, count=3}}, Document{{_id=Beatriz Batarda, count=3}}, Document{{_id=Marcello Mastroianni, count=3}}, Document{{_id=Vanda Duarte, count=3}}, Document{{_id=Melvil Poupaud, count=3}}, Document{{_id=Leonor Baldaque, count=3}}, Document{{_id=Adriano Luz, count=3}}, Document{{_id=Karra Elejalde, count=3}}, Document{{_id=Nuno Lopes, count=2}}, Document{{_id=Miguel Gomes, count=2}}, Document{{_id=Soraia Chaves, count=2}}, Document{{_id=Daniel de Oliveira, count=2}}, Document{{_id=Louis Garrel, count=2}}, Document{{_id=Marisa Paredes, count=2}}, Document{{_id=Antoine Chappey, count=2}}, Document{{_id=Ventura, count=2}}, Document{{_id=Sergio Rubini, count=2}}, Document{{_id=Cleia Almeida, count=2}}, Document{{_id=Diogo Infante, count=2}}, Document{{_id=Joana Preiss, count=2}}, Document{{_id=Thogun, count=2}}, Document{{_id=Luis Tosar, count=2}}, Document{{_id=Ruy Furtado, count=2}}, Document{{_id=Gustavo Sumpta, count=2}}, Document{{_id=Verena Jasch, count=2}}, Document{{_id=Rogèrio Samora, count=2}}, Document{{_id=Rafael Morais, count=2}}, Document{{_id=Joana de Verona, count=2}}, Document{{_id=Isa Hochgerner, count=2}}, Document{{_id=Francisco Gaspar, count=2}}, Document{{_id=Pilar Lèpez de Ayala, count=2}}, Document{{_id=Adolfo Assor, count=2}}, Document{{_id=Canto e Castro, count=2}}, Document{{_id=Gabino Diego, count=2}}, Document{{_id=Teresa Madruga, count=2}}, Document{{_id=Thomas Baumann, count=2}}, Document{{_id=Joèo Pedro Rodrigues, count=1}}, Document{{_id=Saakanush Vanyan, count=1}}, Document{{_id=Cètia Afonso, count=1}}, Document{{_id=Joaquina Chicau, count=1}}, Document{{_id=Miguel Raposo, count=1}}, Document{{_id=Manuel Soares, count=1}}, Document{{_id=Alexandra Maria Lara, count=1}}, Document{{_id=Camanè, count=1}}, Document{{_id=Kimmo Pohjonen, count=1}}, Document{{_id=Raoul Ruiz, count=1}}, Document{{_id=Jean-Yves Gautier, count=1}}, Document{{_id=Tito Furtado, count=1}}, Document{{_id=Ruy de Carvalho, count=1}}, Document{{_id=Clèudia Teixeira, count=1}}, Document{{_id=Walter Kohut, count=1}}, Document{{_id=èric Caravaca, count=1}}, Document{{_id=Maria Joèo Bastos, count=1}}, Document{{_id=Ricardo Azevedo, count=1}}, Document{{_id=Ana Graciela, count=1}}, Document{{_id=Serge Nicolai, count=1}}, Document{{_id=Oliveira Lopes, count=1}}, Document{{_id=Nuno Porfèrio, count=1}}, Document{{_id=Serge Daney, count=1}}, Document{{_id=Elvira Mènguez, count=1}}, Document{{_id=Ricardo Pereira, count=1}}, Document{{_id=Cècile Sanz de Alba, count=1}}, Document{{_id=Beatriz Torcato, count=1}}, Document{{_id=Filipa de Almeida, count=1}}, Document{{_id=Diogo Morgado, count=1}}, Document{{_id=Ricardo Darèn, count=1}}, Document{{_id=Axel Neumann, count=1}}, Document{{_id=Lambert Wilson, count=1}}, Document{{_id=Edward Hogg, count=1}}, Document{{_id=Olivia Corsini, count=1}}, Document{{_id=Tony Ramos, count=1}}, Document{{_id=Guillermo Toledo, count=1}}, Document{{_id=Gonèalo Ferreira De Almeida, count=1}}, Document{{_id=Jonathan Genet, count=1}}, Document{{_id=Helmut Griem, count=1}}, Document{{_id=Bèatrice Dalle, count=1}}, Document{{_id=Elsa Zylberstein, count=1}}, Document{{_id=Marcelo Faria, count=1}}, Document{{_id=Clarisse Abujamra, count=1}}, Document{{_id=Jean-Franèois Balmer, count=1}}, Document{{_id=Rodrigo Perdigèo, count=1}}, Document{{_id=Amba Bihler, count=1}}, Document{{_id=Antènio Pedroso, count=1}}, Document{{_id=Manuel Gomes Miranda, count=1}}, Document{{_id=Marcos Caruso, count=1}}, Document{{_id=Bebe, count=1}}, Document{{_id=Afonso Pimentel, count=1}}, Document{{_id=Vincent Perez, count=1}}, Document{{_id=Mot Harris Dunlop Stothart, count=1}}, Document{{_id=Carlos do Carmo, count=1}}, Document{{_id=Jeremy Irons, count=1}}, Document{{_id=Derek Keurvorst, count=1}}, Document{{_id=èlodie Bouchez, count=1}}, Document{{_id=Fernando Alves Pinto, count=1}}, Document{{_id=Nuno Gil, count=1}}, Document{{_id=Marta Etura, count=1}}, Document{{_id=Alexandra Lencastre, count=1}}, Document{{_id=Skyler Day, count=1}}, Document{{_id=Eduard Fernèndez, count=1}}, Document{{_id=èngels Barcelè, count=1}}, Document{{_id=Francis Frappat, count=1}}, Document{{_id=Vitalina Varela, count=1}}, Document{{_id=Maurice Bènichou, count=1}}, Document{{_id=Paul Giamatti, count=1}}, Document{{_id=Isabelle Huppert, count=1}}, Document{{_id=Leonor Watling, count=1}}, Document{{_id=Nuno Casanovas, count=1}}, Document{{_id=Beatrice Brown, count=1}}, Document{{_id=Joana Azevedo, count=1}}, Document{{_id=Mariya Lipkina, count=1}}, Document{{_id=Melchior Derouet, count=1}}, Document{{_id=Jack Huston, count=1}}, Document{{_id=Francisco Mozos, count=1}}, Document{{_id=Guy Marchand, count=1}}, Document{{_id=Leos Carax, count=1}}, Document{{_id=Alicia Fehrmann, count=1}}, Document{{_id=Antènio Assunèèo, count=1}}, Document{{_id=Ana Padrèo, count=1}}, Document{{_id=Shaghayegh Beheshti, count=1}}, Document{{_id=Maria Flor, count=1}}, Document{{_id=Rui Gomes, count=1}}, Document{{_id=Frèdèric Pierrot, count=1}}, Document{{_id=Beatriz Duarte, count=1}}, Document{{_id=Pedro Hestnes, count=1}}, Document{{_id=Paulo Renato, count=1}}, Document{{_id=Donatello Brida, count=1}}, Document{{_id=Corey Large, count=1}}, Document{{_id=Charo Lèpez, count=1}}, Document{{_id=Raoul Bova, count=1}}, Document{{_id=Ivo Barroso, count=1}}, Document{{_id=Filippo Nigro, count=1}}, Document{{_id=Daniel Duval, count=1}}, Document{{_id=Pedro Laginha, count=1}}, Document{{_id=Bulle Ogier, count=1}}, Document{{_id=Kevin Durand, count=1}}, Document{{_id=Juan Josè Ballesta, count=1}}, Document{{_id=Fatima Ennaflaoui, count=1}}, Document{{_id=Lena Duarte, count=1}}, Document{{_id=Patrick Bauchau, count=1}}, Document{{_id=Lydie Barbara, count=1}}, Document{{_id=John Jesus Romèo, count=1}}, Document{{_id=Netinho Alves, count=1}}, Document{{_id=Emma de Caunes, count=1}}, Document{{_id=Robert Pattinson, count=1}}, Document{{_id=Arielle Dombasle, count=1}}, Document{{_id=Frank Baker, count=1}}, Document{{_id=Timo Kèmèrèinen, count=1}}, Document{{_id=Nuno Vaz, count=1}}, Document{{_id=Irène Jacob, count=1}}, Document{{_id=Manuel Manquièa, count=1}}, Document{{_id=Ana Moreira, count=1}}, Document{{_id=Cindy Scrash, count=1}}, Document{{_id=Silvia Munt, count=1}}, Document{{_id=Daniel Auteuil, count=1}}, Document{{_id=Harvey Keitel, count=1}}, Document{{_id=Isabelle Weingarten, count=1}}, Document{{_id=Clara Lago, count=1}}, Document{{_id=Nuno Markl, count=1}}, Document{{_id=Sami Kuoppamèki, count=1}}, Document{{_id=Francesca Prandi, count=1}}, Document{{_id=Maren Ade, count=1}}, Document{{_id=Joèo Cajuda, count=1}}, Document{{_id=Fernanda Torres, count=1}}, Document{{_id=Inès de Medeiros, count=1}}, Document{{_id=Nik Xhelilaj, count=1}}, Document{{_id=Antonio Santos, count=1}}, Document{{_id=Vasco Sequeira, count=1}}, Document{{_id=Brigitte Fossey, count=1}}, Document{{_id=Colm Feore, count=1}}, Document{{_id=Makena Diop, count=1}}, Document{{_id=Joèo Roldan, count=1}}, Document{{_id=Edith Scob, count=1}}, Document{{_id=Nuno Leonel, count=1}}, Document{{_id=Scott Bailey, count=1}}, Document{{_id=Josè Airosa, count=1}}, Document{{_id=Charles Berling, count=1}}, Document{{_id=Telmo Churro, count=1}}, Document{{_id=Amèrico Mota, count=1}}, Document{{_id=Massimo Girotti, count=1}}, Document{{_id=Jean-Pierre Rehm, count=1}}, Document{{_id=Stefania Goulioti, count=1}}, Document{{_id=Fèbio Oliveira, count=1}}, Document{{_id=Rebecca Gomperts, count=1}}, Document{{_id=Dmitriy Podnozov, count=1}}, Document{{_id=Raquel Ascensèo, count=1}}, Document{{_id=Daniele Liotti, count=1}}, Document{{_id=Saffron Burrows, count=1}}, Document{{_id=Emma Griffiths Malin, count=1}}, Document{{_id=Vèctor Valdivia, count=1}}, Document{{_id=Maitè Proenèa, count=1}}, Document{{_id=Richard Courcet, count=1}}, Document{{_id=Cian Barry, count=1}}, Document{{_id=Sabine Azèma, count=1}}, Document{{_id=Domingos Fernandes Fonseca, count=1}}, Document{{_id=Emmanuelle Bèart, count=1}}, Document{{_id=Rita Pereira Marques, count=1}}, Document{{_id=Pilar del Rèo, count=1}}, Document{{_id=Bruna Di Tullio, count=1}}, Document{{_id=Sophie Guillemin, count=1}}, Document{{_id=Argyris Xafis, count=1}}, Document{{_id=Dieter Laser, count=1}}, Document{{_id=Natasha Wightman, count=1}}, Document{{_id=Chico Buarque de Hollanda, count=1}}, Document{{_id=Jorge Silva Melo, count=1}}, Document{{_id=Hortèncèlio Aquina, count=1}}, Document{{_id=Anabela Moreira, count=1}}, Document{{_id=Florentina Dumitru, count=1}}, Document{{_id=Petronio Gontijo, count=1}}, Document{{_id=Erika Alexander, count=1}}, Document{{_id=Pedro Abrunhosa, count=1}}, Document{{_id=Armanda Bacelar, count=1}}, Document{{_id=Fernando Guillèn Cuervo, count=1}}, Document{{_id=Rebecca Pauly, count=1}}, Document{{_id=Thiago Justino, count=1}}, Document{{_id=Joana Santos, count=1}}, Document{{_id=Eurico Vieira, count=1}}, Document{{_id=Roschdy Zem, count=1}}, Document{{_id=Ana Cristina de Oliveira, count=1}}, Document{{_id=Antènio Pedro Cerdeira, count=1}}, Document{{_id=Giovanna Mezzogiorno, count=1}}, Document{{_id=Rebeca Close, count=1}}, Document{{_id=Michelle Mania, count=1}}, Document{{_id=Jaime Pereira, count=1}}, Document{{_id=Joaquim Carvalho, count=1}}, Document{{_id=Nuno Bernardo, count=1}}, Document{{_id=Isaach De Bankolè, count=1}}, Document{{_id=Fabienne Babe, count=1}}, Document{{_id=Crista Alfaiate, count=1}}, Document{{_id=Marèa Barranco, count=1}}, Document{{_id=Ricardo Meneses, count=1}}, Document{{_id=Juanjo Puigcorbè, count=1}}, Document{{_id=Israel Gouvea, count=1}}, Document{{_id=Roberio Lima, count=1}}, Document{{_id=Rita Klein, count=1}}, Document{{_id=Drica Moraes, count=1}}, Document{{_id=Johan Libèreau, count=1}}, Document{{_id=Andreas Wilson, count=1}}, Document{{_id=Stefano Dionisi, count=1}}, Document{{_id=Samuli Kosminen, count=1}}, Document{{_id=Pascal Greggory, count=1}}, Document{{_id=Stefano Accorsi, count=1}}, Document{{_id=Devon Anderson, count=1}}, Document{{_id=Chico Dèaz, count=1}}, Document{{_id=Miriam Dèaz-Aroca, count=1}}, Document{{_id=Manuela Couto, count=1}}, Document{{_id=Neuci de Souza, count=1}}, Document{{_id=Rui Morrison, count=1}}, Document{{_id=Valentinas Masalskis, count=1}}, Document{{_id=Catarina Wallenstein, count=1}}, Document{{_id=Lila Downs, count=1}}, Document{{_id=Oksana Chernych, count=1}}, Document{{_id=Amira Casar, count=1}}, Document{{_id=Andre Barbosa, count=1}}, Document{{_id=Clotilde Hesme, count=1}}, Document{{_id=Robert Kramer, count=1}}, Document{{_id=Ellen Page, count=1}}, Document{{_id=Chandra Malatitch, count=1}}, Document{{_id=Carloto Cotta, count=1}}, Document{{_id=Manoel de Oliveira, count=1}}, Document{{_id=Jèlia Botelho, count=1}}, Document{{_id=Diego Noguera, count=1}}, Document{{_id=Reginaldo Faria, count=1}}, Document{{_id=Julie Balloo, count=1}}, Document{{_id=Valeria Bruni Tedeschi, count=1}}, Document{{_id=Joaquim Pinto, count=1}}, Document{{_id=Tèmas Lemarquis, count=1}}, Document{{_id=Mèrcio Libar, count=1}}, Document{{_id=Rèdiger Vogler, count=1}}, Document{{_id=Christian Vadim, count=1}}, Document{{_id=Sara Carinhas, count=1}}, Document{{_id=Sebastian Laustsen, count=1}}, Document{{_id=Joèo Rui Guerra da Mata, count=1}}, Document{{_id=Chiara Mastroianni, count=1}}, Document{{_id=Micaela Cardoso, count=1}}, Document{{_id=èlex Brendemèhl, count=1}}, Document{{_id=Fernando Luès, count=1}}, Document{{_id=Katya Ladan, count=1}}, Document{{_id=Alberto San Juan, count=1}}, Document{{_id=Anna Galiena, count=1}}, Document{{_id=Ilias Stothart, count=1}}, Document{{_id=Alix Wilton Regan, count=1}}, Document{{_id=Joèo Carreira, count=1}}, Document{{_id=Marco D&apos;Almeida, count=1}}, Document{{_id=Ieronymos Kaletsanos, count=1}}, Document{{_id=Sandra Adair, count=1}}, Document{{_id=Pedro Granger, count=1}}, Document{{_id=Jèlia Buisel, count=1}}, Document{{_id=èlvaro de Luna, count=1}}, Document{{_id=August Diehl, count=1}}, Document{{_id=Maria Conchita Alonso, count=1}}, Document{{_id=Luès Melo, count=1}}, Document{{_id=Martina Gedeck, count=1}}, Document{{_id=Richard Linklater, count=1}}, Document{{_id=Fernando Fernèn Gèmez, count=1}}, Document{{_id=Juan Diego Botto, count=1}}, Document{{_id=Miguel Guilherme, count=1}}, Document{{_id=Isabel Abreu, count=1}}, Document{{_id=Mèlanie Laurent, count=1}}, Document{{_id=Ed Stoppard, count=1}}, Document{{_id=James Benning, count=1}}, Document{{_id=Romain Duris, count=1}}, Document{{_id=Nathalia Galgani, count=1}}, Document{{_id=Vicky Peèa, count=1}}, Document{{_id=Jean Luis Amorim, count=1}}, Document{{_id=Alexandre Borges, count=1}}, Document{{_id=Giuliano Gemma, count=1}}, Document{{_id=Geoffrey Carey, count=1}}, Document{{_id=Jorge Trèpa, count=1}}, Document{{_id=Carmelo Gèmez, count=1}}, Document{{_id=Andrzej Seweryn, count=1}}, Document{{_id=Rosana Pastor, count=1}}, Document{{_id=Stepan Nercessian, count=1}}, Document{{_id=Federico Luppi, count=1}}, Document{{_id=Cristina Cèmara, count=1}}, Document{{_id=Teresa Calado, count=1}}, Document{{_id=Mercedes Sampietro, count=1}}, Document{{_id=Aleksandre Saulov, count=1}}, Document{{_id=Rita Durèo, count=1}}, Document{{_id=Sènia Bandeira, count=1}}, Document{{_id=Bruno Todeschini, count=1}}, Document{{_id=Joèo Marèal, count=1}}, Document{{_id=Joao Afonso, count=1}}, Document{{_id=Jeffrey Kime, count=1}}, Document{{_id=Andrès Waas, count=1}}, Document{{_id=Pancho Garcia Aguirre, count=1}}, Document{{_id=Sarah Gadon, count=1}}, Document{{_id=Juan Echanove, count=1}}, Document{{_id=Lise Biskup, count=1}}, Document{{_id=Lou Bihler, count=1}}, Document{{_id=Alban Ukaj, count=1}}, Document{{_id=Penèlope Cruz, count=1}}, Document{{_id=Zita Duarte, count=1}}, Document{{_id=Iciar Bollain, count=1}}, Document{{_id=Ivo Canelas, count=1}}]&gt; but was:&lt;[Document{{_id=Leonor Silveira, count=8}}, Document{{_id=Joaquim de Almeida, count=6}}, Document{{_id=Isabel Ruth, count=6}}, Document{{_id=Joèo Cèsar Monteiro, count=5}}, Document{{_id=Catherine Deneuve, count=5}}, Document{{_id=John Malkovich, count=5}}, Document{{_id=Maria de Medeiros, count=5}}, Document{{_id=Ricardo Trèpa, count=5}}, Document{{_id=Luès Miguel Cintra, count=4}}, Document{{_id=Diogo Dèria, count=4}}, Document{{_id=Ana Bustorff, count=4}}, Document{{_id=Michel Piccoli, count=3}}, Document{{_id=Rita Blanco, count=3}}, Document{{_id=Manuela de Freitas, count=3}}, Document{{_id=Beatriz Batarda, count=3}}, Document{{_id=Marcello Mastroianni, count=3}}, Document{{_id=Vanda Duarte, count=3}}, Document{{_id=Melvil Poupaud, count=3}}, Document{{_id=Leonor Baldaque, count=3}}, Document{{_id=Adriano Luz, count=3}}, Document{{_id=Karra Elejalde, count=3}}, Document{{_id=Nuno Lopes, count=2}}, Document{{_id=Miguel Gomes, count=2}}, Document{{_id=Soraia Chaves, count=2}}, Document{{_id=Daniel de Oliveira, count=2}}, Document{{_id=Louis Garrel, count=2}}, Document{{_id=Marisa Paredes, count=2}}, Document{{_id=Antoine Chappey, count=2}}, Document{{_id=Ventura, count=2}}, Document{{_id=Sergio Rubini, count=2}}, Document{{_id=Cleia Almeida, count=2}}, Document{{_id=Diogo Infante, count=2}}, Document{{_id=Joana Preiss, count=2}}, Document{{_id=Thogun, count=2}}, Document{{_id=Luis Tosar, count=2}}, Document{{_id=Ruy Furtado, count=2}}, Document{{_id=Gustavo Sumpta, count=2}}, Document{{_id=Verena Jasch, count=2}}, Document{{_id=Rogèrio Samora, count=2}}, Document{{_id=Rafael Morais, count=2}}, Document{{_id=Joana de Verona, count=2}}, Document{{_id=Isa Hochgerner, count=2}}, Document{{_id=Francisco Gaspar, count=2}}, Document{{_id=Pilar Lèpez de Ayala, count=2}}, Document{{_id=Adolfo Assor, count=2}}, Document{{_id=Canto e Castro, count=2}}, Document{{_id=Gabino Diego, count=2}}, Document{{_id=Teresa Madruga, count=2}}, Document{{_id=Thomas Baumann, count=2}}, Document{{_id=Joèo Pedro Rodrigues, count=1}}, Document{{_id=Saakanush Vanyan, count=1}}, Document{{_id=Cètia Afonso, count=1}}, Document{{_id=Joaquina Chicau, count=1}}, Document{{_id=Miguel Raposo, count=1}}, Document{{_id=Manuel Soares, count=1}}, Document{{_id=Alexandra Maria Lara, count=1}}, Document{{_id=Camanè, count=1}}, Document{{_id=Kimmo Pohjonen, count=1}}, Document{{_id=Raoul Ruiz, count=1}}, Document{{_id=Jean-Yves Gautier, count=1}}, Document{{_id=Tito Furtado, count=1}}, Document{{_id=Ruy de Carvalho, count=1}}, Document{{_id=Clèudia Teixeira, count=1}}, Document{{_id=Walter Kohut, count=1}}, Document{{_id=èric Caravaca, count=1}}, Document{{_id=Maria Joèo Bastos, count=1}}, Document{{_id=Ricardo Azevedo, count=1}}, Document{{_id=Ana Graciela, count=1}}, Document{{_id=Serge Nicolai, count=1}}, Document{{_id=Oliveira Lopes, count=1}}, Document{{_id=Nuno Porfèrio, count=1}}, Document{{_id=Serge Daney, count=1}}, Document{{_id=Elvira Mènguez, count=1}}, Document{{_id=Ricardo Pereira, count=1}}, Document{{_id=Cècile Sanz de Alba, count=1}}, Document{{_id=Beatriz Torcato, count=1}}, Document{{_id=Filipa de Almeida, count=1}}, Document{{_id=Diogo Morgado, count=1}}, Document{{_id=Ricardo Darèn, count=1}}, Document{{_id=Axel Neumann, count=1}}, Document{{_id=Lambert Wilson, count=1}}, Document{{_id=Edward Hogg, count=1}}, Document{{_id=Olivia Corsini, count=1}}, Document{{_id=Tony Ramos, count=1}}, Document{{_id=Guillermo Toledo, count=1}}, Document{{_id=Gonèalo Ferreira De Almeida, count=1}}, Document{{_id=Jonathan Genet, count=1}}, Document{{_id=Helmut Griem, count=1}}, Document{{_id=Bèatrice Dalle, count=1}}, Document{{_id=Elsa Zylberstein, count=1}}, Document{{_id=Marcelo Faria, count=1}}, Document{{_id=Clarisse Abujamra, count=1}}, Document{{_id=Jean-Franèois Balmer, count=1}}, Document{{_id=Rodrigo Perdigèo, count=1}}, Document{{_id=Amba Bihler, count=1}}, Document{{_id=Antènio Pedroso, count=1}}, Document{{_id=Manuel Gomes Miranda, count=1}}, Document{{_id=Marcos Caruso, count=1}}, Document{{_id=Bebe, count=1}}, Document{{_id=Afonso Pimentel, count=1}}, Document{{_id=Vincent Perez, count=1}}, Document{{_id=Mot Harris Dunlop Stothart, count=1}}, Document{{_id=Carlos do Carmo, count=1}}, Document{{_id=Jeremy Irons, count=1}}, Document{{_id=Derek Keurvorst, count=1}}, Document{{_id=èlodie Bouchez, count=1}}, Document{{_id=Fernando Alves Pinto, count=1}}, Document{{_id=Alexandra Lencastre, count=1}}, Document{{_id=Marta Etura, count=1}}, Document{{_id=Nuno Gil, count=1}}, Document{{_id=Skyler Day, count=1}}, Document{{_id=Eduard Fernèndez, count=1}}, Document{{_id=èngels Barcelè, count=1}}, Document{{_id=Francis Frappat, count=1}}, Document{{_id=Vitalina Varela, count=1}}, Document{{_id=Maurice Bènichou, count=1}}, Document{{_id=Paul Giamatti, count=1}}, Document{{_id=Isabelle Huppert, count=1}}, Document{{_id=Leonor Watling, count=1}}, Document{{_id=Nuno Casanovas, count=1}}, Document{{_id=Beatrice Brown, count=1}}, Document{{_id=Joana Azevedo, count=1}}, Document{{_id=Mariya Lipkina, count=1}}, Document{{_id=Melchior Derouet, count=1}}, Document{{_id=Jack Huston, count=1}}, Document{{_id=Francisco Mozos, count=1}}, Document{{_id=Guy Marchand, count=1}}, Document{{_id=Leos Carax, count=1}}, Document{{_id=Alicia Fehrmann, count=1}}, Document{{_id=Antènio Assunèèo, count=1}}, Document{{_id=Ana Padrèo, count=1}}, Document{{_id=Shaghayegh Beheshti, count=1}}, Document{{_id=Maria Flor, count=1}}, Document{{_id=Rui Gomes, count=1}}, Document{{_id=Frèdèric Pierrot, count=1}}, Document{{_id=Beatriz Duarte, count=1}}, Document{{_id=Pedro Hestnes, count=1}}, Document{{_id=Paulo Renato, count=1}}, Document{{_id=Donatello Brida, count=1}}, Document{{_id=Corey Large, count=1}}, Document{{_id=Charo Lèpez, count=1}}, Document{{_id=Raoul Bova, count=1}}, Document{{_id=Ivo Barroso, count=1}}, Document{{_id=Filippo Nigro, count=1}}, Document{{_id=Daniel Duval, count=1}}, Document{{_id=Pedro Laginha, count=1}}, Document{{_id=Bulle Ogier, count=1}}, Document{{_id=Kevin Durand, count=1}}, Document{{_id=Juan Josè Ballesta, count=1}}, Document{{_id=Fatima Ennaflaoui, count=1}}, Document{{_id=Lena Duarte, count=1}}, Document{{_id=Patrick Bauchau, count=1}}, Document{{_id=Lydie Barbara, count=1}}, Document{{_id=John Jesus Romèo, count=1}}, Document{{_id=Netinho Alves, count=1}}, Document{{_id=Emma de Caunes, count=1}}, Document{{_id=Robert Pattinson, count=1}}, Document{{_id=Arielle Dombasle, count=1}}, Document{{_id=Frank Baker, count=1}}, Document{{_id=Timo Kèmèrèinen, count=1}}, Document{{_id=Nuno Vaz, count=1}}, Document{{_id=Irène Jacob, count=1}}, Document{{_id=Manuel Manquièa, count=1}}, Document{{_id=Ana Moreira, count=1}}, Document{{_id=Cindy Scrash, count=1}}, Document{{_id=Silvia Munt, count=1}}, Document{{_id=Daniel Auteuil, count=1}}, Document{{_id=Harvey Keitel, count=1}}, Document{{_id=Isabelle Weingarten, count=1}}, Document{{_id=Clara Lago, count=1}}, Document{{_id=Nuno Markl, count=1}}, Document{{_id=Sami Kuoppamèki, count=1}}, Document{{_id=Francesca Prandi, count=1}}, Document{{_id=Maren Ade, count=1}}, Document{{_id=Joèo Cajuda, count=1}}, Document{{_id=Fernanda Torres, count=1}}, Document{{_id=Inès de Medeiros, count=1}}, Document{{_id=Nik Xhelilaj, count=1}}, Document{{_id=Antonio Santos, count=1}}, Document{{_id=Brigitte Fossey, count=1}}, Document{{_id=Vasco Sequeira, count=1}}, Document{{_id=Colm Feore, count=1}}, Document{{_id=Makena Diop, count=1}}, Document{{_id=Joèo Roldan, count=1}}, Document{{_id=Edith Scob, count=1}}, Document{{_id=Nuno Leonel, count=1}}, Document{{_id=Scott Bailey, count=1}}, Document{{_id=Josè Airosa, count=1}}, Document{{_id=Charles Berling, count=1}}, Document{{_id=Telmo Churro, count=1}}, Document{{_id=Amèrico Mota, count=1}}, Document{{_id=Massimo Girotti, count=1}}, Document{{_id=Jean-Pierre Rehm, count=1}}, Document{{_id=Stefania Goulioti, count=1}}, Document{{_id=Fèbio Oliveira, count=1}}, Document{{_id=Rebecca Gomperts, count=1}}, Document{{_id=Dmitriy Podnozov, count=1}}, Document{{_id=Raquel Ascensèo, count=1}}, Document{{_id=Daniele Liotti, count=1}}, Document{{_id=Saffron Burrows, count=1}}, Document{{_id=Emma Griffiths Malin, count=1}}, Document{{_id=Vèctor Valdivia, count=1}}, Document{{_id=Maitè Proenèa, count=1}}, Document{{_id=Richard Courcet, count=1}}, Document{{_id=Cian Barry, count=1}}, Document{{_id=Sabine Azèma, count=1}}, Document{{_id=Domingos Fernandes Fonseca, count=1}}, Document{{_id=Emmanuelle Bèart, count=1}}, Document{{_id=Rita Pereira Marques, count=1}}, Document{{_id=Pilar del Rèo, count=1}}, Document{{_id=Bruna Di Tullio, count=1}}, Document{{_id=Sophie Guillemin, count=1}}, Document{{_id=Argyris Xafis, count=1}}, Document{{_id=Dieter Laser, count=1}}, Document{{_id=Natasha Wightman, count=1}}, Document{{_id=Chico Buarque de Hollanda, count=1}}, Document{{_id=Jorge Silva Melo, count=1}}, Document{{_id=Hortèncèlio Aquina, count=1}}, Document{{_id=Anabela Moreira, count=1}}, Document{{_id=Florentina Dumitru, count=1}}, Document{{_id=Petronio Gontijo, count=1}}, Document{{_id=Erika Alexander, count=1}}, Document{{_id=Pedro Abrunhosa, count=1}}, Document{{_id=Armanda Bacelar, count=1}}, Document{{_id=Fernando Guillèn Cuervo, count=1}}, Document{{_id=Rebecca Pauly, count=1}}, Document{{_id=Thiago Justino, count=1}}, Document{{_id=Joana Santos, count=1}}, Document{{_id=Eurico Vieira, count=1}}, Document{{_id=Roschdy Zem, count=1}}, Document{{_id=Antènio Pedro Cerdeira, count=1}}, Document{{_id=Ana Cristina de Oliveira, count=1}}, Document{{_id=Giovanna Mezzogiorno, count=1}}, Document{{_id=Rebeca Close, count=1}}, Document{{_id=Michelle Mania, count=1}}, Document{{_id=Jaime Pereira, count=1}}, Document{{_id=Joaquim Carvalho, count=1}}, Document{{_id=Nuno Bernardo, count=1}}, Document{{_id=Isaach De Bankolè, count=1}}, Document{{_id=Fabienne Babe, count=1}}, Document{{_id=Crista Alfaiate, count=1}}, Document{{_id=Marèa Barranco, count=1}}, Document{{_id=Ricardo Meneses, count=1}}, Document{{_id=Juanjo Puigcorbè, count=1}}, Document{{_id=Israel Gouvea, count=1}}, Document{{_id=Roberio Lima, count=1}}, Document{{_id=Rita Klein, count=1}}, Document{{_id=Drica Moraes, count=1}}, Document{{_id=Johan Libèreau, count=1}}, Document{{_id=Andreas Wilson, count=1}}, Document{{_id=Stefano Dionisi, count=1}}, Document{{_id=Samuli Kosminen, count=1}}, Document{{_id=Pascal Greggory, count=1}}, Document{{_id=Stefano Accorsi, count=1}}, Document{{_id=Devon Anderson, count=1}}, Document{{_id=Miriam Dèaz-Aroca, count=1}}, Document{{_id=Manuela Couto, count=1}}, Document{{_id=Chico Dèaz, count=1}}, Document{{_id=Neuci de Souza, count=1}}, Document{{_id=Valentinas Masalskis, count=1}}, Document{{_id=Catarina Wallenstein, count=1}}, Document{{_id=Lila Downs, count=1}}, Document{{_id=Rui Morrison, count=1}}, Document{{_id=Oksana Chernych, count=1}}, Document{{_id=Amira Casar, count=1}}, Document{{_id=Andre Barbosa, count=1}}, Document{{_id=Clotilde Hesme, count=1}}, Document{{_id=Robert Kramer, count=1}}, Document{{_id=Ellen Page, count=1}}, Document{{_id=Chandra Malatitch, count=1}}, Document{{_id=Carloto Cotta, count=1}}, Document{{_id=Manoel de Oliveira, count=1}}, Document{{_id=Jèlia Botelho, count=1}}, Document{{_id=Diego Noguera, count=1}}, Document{{_id=Reginaldo Faria, count=1}}, Document{{_id=Julie Balloo, count=1}}, Document{{_id=Valeria Bruni Tedeschi, count=1}}, Document{{_id=Joaquim Pinto, count=1}}, Document{{_id=Tèmas Lemarquis, count=1}}, Document{{_id=Mèrcio Libar, count=1}}, Document{{_id=Rèdiger Vogler, count=1}}, Document{{_id=Christian Vadim, count=1}}, Document{{_id=Sara Carinhas, count=1}}, Document{{_id=Sebastian Laustsen, count=1}}, Document{{_id=Joèo Rui Guerra da Mata, count=1}}, Document{{_id=Micaela Cardoso, count=1}}, Document{{_id=Chiara Mastroianni, count=1}}, Document{{_id=èlex Brendemèhl, count=1}}, Document{{_id=Fernando Luès, count=1}}, Document{{_id=Katya Ladan, count=1}}, Document{{_id=Alberto San Juan, count=1}}, Document{{_id=Anna Galiena, count=1}}, Document{{_id=Ilias Stothart, count=1}}, Document{{_id=Alix Wilton Regan, count=1}}, Document{{_id=Joèo Carreira, count=1}}, Document{{_id=Marco D&apos;Almeida, count=1}}, Document{{_id=Ieronymos Kaletsanos, count=1}}, Document{{_id=Sandra Adair, count=1}}, Document{{_id=Pedro Granger, count=1}}, Document{{_id=Jèlia Buisel, count=1}}, Document{{_id=èlvaro de Luna, count=1}}, Document{{_id=August Diehl, count=1}}, Document{{_id=Maria Conchita Alonso, count=1}}, Document{{_id=Luès Melo, count=1}}, Document{{_id=Martina Gedeck, count=1}}, Document{{_id=Richard Linklater, count=1}}, Document{{_id=Fernando Fernèn Gèmez, count=1}}, Document{{_id=Juan Diego Botto, count=1}}, Document{{_id=Miguel Guilherme, count=1}}, Document{{_id=Isabel Abreu, count=1}}, Document{{_id=Mèlanie Laurent, count=1}}, Document{{_id=Ed Stoppard, count=1}}, Document{{_id=James Benning, count=1}}, Document{{_id=Romain Duris, count=1}}, Document{{_id=Nathalia Galgani, count=1}}, Document{{_id=Vicky Peèa, count=1}}, Document{{_id=Jean Luis Amorim, count=1}}, Document{{_id=Alexandre Borges, count=1}}, Document{{_id=Giuliano Gemma, count=1}}, Document{{_id=Geoffrey Carey, count=1}}, Document{{_id=Jorge Trèpa, count=1}}, Document{{_id=Carmelo Gèmez, count=1}}, Document{{_id=Aleksandre Saulov, count=1}}, Document{{_id=Andrzej Seweryn, count=1}}, Document{{_id=Stepan Nercessian, count=1}}, Document{{_id=Federico Luppi, count=1}}, Document{{_id=Cristina Cèmara, count=1}}, Document{{_id=Mercedes Sampietro, count=1}}, Document{{_id=Teresa Calado, count=1}}, Document{{_id=Rosana Pastor, count=1}}, Document{{_id=Rita Durèo, count=1}}, Document{{_id=Sènia Bandeira, count=1}}, Document{{_id=Bruno Todeschini, count=1}}, Document{{_id=Joèo Marèal, count=1}}, Document{{_id=Joao Afonso, count=1}}, Document{{_id=Jeffrey Kime, count=1}}, Document{{_id=Andrès Waas, count=1}}, Document{{_id=Pancho Garcia Aguirre, count=1}}, Document{{_id=Sarah Gadon, count=1}}, Document{{_id=Juan Echanove, count=1}}, Document{{_id=Lise Biskup, count=1}}, Document{{_id=Lou Bihler, count=1}}, Document{{_id=Alban Ukaj, count=1}}, Document{{_id=Penèlope Cruz, count=1}}, Document{{_id=Zita Duarte, count=1}}, Document{{_id=Ivo Canelas, count=1}}, Document{{_id=Iciar Bollain, count=1}}]&gt;" type="java.lang.AssertionError"><![CDATA[java.lang.AssertionError: expected:<[Document{{_id=Leonor Silveira, count=8}}, Document{{_id=Joaquim de Almeida, count=6}}, Document{{_id=Isabel Ruth, count=6}}, Document{{_id=Joèo Cèsar Monteiro, count=5}}, Document{{_id=Catherine Deneuve, count=5}}, Document{{_id=John Malkovich, count=5}}, Document{{_id=Maria de Medeiros, count=5}}, Document{{_id=Ricardo Trèpa, count=5}}, Document{{_id=Luès Miguel Cintra, count=4}}, Document{{_id=Diogo Dèria, count=4}}, Document{{_id=Ana Bustorff, count=4}}, Document{{_id=Michel Piccoli, count=3}}, Document{{_id=Rita Blanco, count=3}}, Document{{_id=Manuela de Freitas, count=3}}, Document{{_id=Beatriz Batarda, count=3}}, Document{{_id=Marcello Mastroianni, count=3}}, Document{{_id=Vanda Duarte, count=3}}, Document{{_id=Melvil Poupaud, count=3}}, Document{{_id=Leonor Baldaque, count=3}}, Document{{_id=Adriano Luz, count=3}}, Document{{_id=Karra Elejalde, count=3}}, Document{{_id=Nuno Lopes, count=2}}, Document{{_id=Miguel Gomes, count=2}}, Document{{_id=Soraia Chaves, count=2}}, Document{{_id=Daniel de Oliveira, count=2}}, Document{{_id=Louis Garrel, count=2}}, Document{{_id=Marisa Paredes, count=2}}, Document{{_id=Antoine Chappey, count=2}}, Document{{_id=Ventura, count=2}}, Document{{_id=Sergio Rubini, count=2}}, Document{{_id=Cleia Almeida, count=2}}, Document{{_id=Diogo Infante, count=2}}, Document{{_id=Joana Preiss, count=2}}, Document{{_id=Thogun, count=2}}, Document{{_id=Luis Tosar, count=2}}, Document{{_id=Ruy Furtado, count=2}}, Document{{_id=Gustavo Sumpta, count=2}}, Document{{_id=Verena Jasch, count=2}}, Document{{_id=Rogèrio Samora, count=2}}, Document{{_id=Rafael Morais, count=2}}, Document{{_id=Joana de Verona, count=2}}, Document{{_id=Isa Hochgerner, count=2}}, Document{{_id=Francisco Gaspar, count=2}}, Document{{_id=Pilar Lèpez de Ayala, count=2}}, Document{{_id=Adolfo Assor, count=2}}, Document{{_id=Canto e Castro, count=2}}, Document{{_id=Gabino Diego, count=2}}, Document{{_id=Teresa Madruga, count=2}}, Document{{_id=Thomas Baumann, count=2}}, Document{{_id=Joèo Pedro Rodrigues, count=1}}, Document{{_id=Saakanush Vanyan, count=1}}, Document{{_id=Cètia Afonso, count=1}}, Document{{_id=Joaquina Chicau, count=1}}, Document{{_id=Miguel Raposo, count=1}}, Document{{_id=Manuel Soares, count=1}}, Document{{_id=Alexandra Maria Lara, count=1}}, Document{{_id=Camanè, count=1}}, Document{{_id=Kimmo Pohjonen, count=1}}, Document{{_id=Raoul Ruiz, count=1}}, Document{{_id=Jean-Yves Gautier, count=1}}, Document{{_id=Tito Furtado, count=1}}, Document{{_id=Ruy de Carvalho, count=1}}, Document{{_id=Clèudia Teixeira, count=1}}, Document{{_id=Walter Kohut, count=1}}, Document{{_id=èric Caravaca, count=1}}, Document{{_id=Maria Joèo Bastos, count=1}}, Document{{_id=Ricardo Azevedo, count=1}}, Document{{_id=Ana Graciela, count=1}}, Document{{_id=Serge Nicolai, count=1}}, Document{{_id=Oliveira Lopes, count=1}}, Document{{_id=Nuno Porfèrio, count=1}}, Document{{_id=Serge Daney, count=1}}, Document{{_id=Elvira Mènguez, count=1}}, Document{{_id=Ricardo Pereira, count=1}}, Document{{_id=Cècile Sanz de Alba, count=1}}, Document{{_id=Beatriz Torcato, count=1}}, Document{{_id=Filipa de Almeida, count=1}}, Document{{_id=Diogo Morgado, count=1}}, Document{{_id=Ricardo Darèn, count=1}}, Document{{_id=Axel Neumann, count=1}}, Document{{_id=Lambert Wilson, count=1}}, Document{{_id=Edward Hogg, count=1}}, Document{{_id=Olivia Corsini, count=1}}, Document{{_id=Tony Ramos, count=1}}, Document{{_id=Guillermo Toledo, count=1}}, Document{{_id=Gonèalo Ferreira De Almeida, count=1}}, Document{{_id=Jonathan Genet, count=1}}, Document{{_id=Helmut Griem, count=1}}, Document{{_id=Bèatrice Dalle, count=1}}, Document{{_id=Elsa Zylberstein, count=1}}, Document{{_id=Marcelo Faria, count=1}}, Document{{_id=Clarisse Abujamra, count=1}}, Document{{_id=Jean-Franèois Balmer, count=1}}, Document{{_id=Rodrigo Perdigèo, count=1}}, Document{{_id=Amba Bihler, count=1}}, Document{{_id=Antènio Pedroso, count=1}}, Document{{_id=Manuel Gomes Miranda, count=1}}, Document{{_id=Marcos Caruso, count=1}}, Document{{_id=Bebe, count=1}}, Document{{_id=Afonso Pimentel, count=1}}, Document{{_id=Vincent Perez, count=1}}, Document{{_id=Mot Harris Dunlop Stothart, count=1}}, Document{{_id=Carlos do Carmo, count=1}}, Document{{_id=Jeremy Irons, count=1}}, Document{{_id=Derek Keurvorst, count=1}}, Document{{_id=èlodie Bouchez, count=1}}, Document{{_id=Fernando Alves Pinto, count=1}}, Document{{_id=Nuno Gil, count=1}}, Document{{_id=Marta Etura, count=1}}, Document{{_id=Alexandra Lencastre, count=1}}, Document{{_id=Skyler Day, count=1}}, Document{{_id=Eduard Fernèndez, count=1}}, Document{{_id=èngels Barcelè, count=1}}, Document{{_id=Francis Frappat, count=1}}, Document{{_id=Vitalina Varela, count=1}}, Document{{_id=Maurice Bènichou, count=1}}, Document{{_id=Paul Giamatti, count=1}}, Document{{_id=Isabelle Huppert, count=1}}, Document{{_id=Leonor Watling, count=1}}, Document{{_id=Nuno Casanovas, count=1}}, Document{{_id=Beatrice Brown, count=1}}, Document{{_id=Joana Azevedo, count=1}}, Document{{_id=Mariya Lipkina, count=1}}, Document{{_id=Melchior Derouet, count=1}}, Document{{_id=Jack Huston, count=1}}, Document{{_id=Francisco Mozos, count=1}}, Document{{_id=Guy Marchand, count=1}}, Document{{_id=Leos Carax, count=1}}, Document{{_id=Alicia Fehrmann, count=1}}, Document{{_id=Antènio Assunèèo, count=1}}, Document{{_id=Ana Padrèo, count=1}}, Document{{_id=Shaghayegh Beheshti, count=1}}, Document{{_id=Maria Flor, count=1}}, Document{{_id=Rui Gomes, count=1}}, Document{{_id=Frèdèric Pierrot, count=1}}, Document{{_id=Beatriz Duarte, count=1}}, Document{{_id=Pedro Hestnes, count=1}}, Document{{_id=Paulo Renato, count=1}}, Document{{_id=Donatello Brida, count=1}}, Document{{_id=Corey Large, count=1}}, Document{{_id=Charo Lèpez, count=1}}, Document{{_id=Raoul Bova, count=1}}, Document{{_id=Ivo Barroso, count=1}}, Document{{_id=Filippo Nigro, count=1}}, Document{{_id=Daniel Duval, count=1}}, Document{{_id=Pedro Laginha, count=1}}, Document{{_id=Bulle Ogier, count=1}}, Document{{_id=Kevin Durand, count=1}}, Document{{_id=Juan Josè Ballesta, count=1}}, Document{{_id=Fatima Ennaflaoui, count=1}}, Document{{_id=Lena Duarte, count=1}}, Document{{_id=Patrick Bauchau, count=1}}, Document{{_id=Lydie Barbara, count=1}}, Document{{_id=John Jesus Romèo, count=1}}, Document{{_id=Netinho Alves, count=1}}, Document{{_id=Emma de Caunes, count=1}}, Document{{_id=Robert Pattinson, count=1}}, Document{{_id=Arielle Dombasle, count=1}}, Document{{_id=Frank Baker, count=1}}, Document{{_id=Timo Kèmèrèinen, count=1}}, Document{{_id=Nuno Vaz, count=1}}, Document{{_id=Irène Jacob, count=1}}, Document{{_id=Manuel Manquièa, count=1}}, Document{{_id=Ana Moreira, count=1}}, Document{{_id=Cindy Scrash, count=1}}, Document{{_id=Silvia Munt, count=1}}, Document{{_id=Daniel Auteuil, count=1}}, Document{{_id=Harvey Keitel, count=1}}, Document{{_id=Isabelle Weingarten, count=1}}, Document{{_id=Clara Lago, count=1}}, Document{{_id=Nuno Markl, count=1}}, Document{{_id=Sami Kuoppamèki, count=1}}, Document{{_id=Francesca Prandi, count=1}}, Document{{_id=Maren Ade, count=1}}, Document{{_id=Joèo Cajuda, count=1}}, Document{{_id=Fernanda Torres, count=1}}, Document{{_id=Inès de Medeiros, count=1}}, Document{{_id=Nik Xhelilaj, count=1}}, Document{{_id=Antonio Santos, count=1}}, Document{{_id=Vasco Sequeira, count=1}}, Document{{_id=Brigitte Fossey, count=1}}, Document{{_id=Colm Feore, count=1}}, Document{{_id=Makena Diop, count=1}}, Document{{_id=Joèo Roldan, count=1}}, Document{{_id=Edith Scob, count=1}}, Document{{_id=Nuno Leonel, count=1}}, Document{{_id=Scott Bailey, count=1}}, Document{{_id=Josè Airosa, count=1}}, Document{{_id=Charles Berling, count=1}}, Document{{_id=Telmo Churro, count=1}}, Document{{_id=Amèrico Mota, count=1}}, Document{{_id=Massimo Girotti, count=1}}, Document{{_id=Jean-Pierre Rehm, count=1}}, Document{{_id=Stefania Goulioti, count=1}}, Document{{_id=Fèbio Oliveira, count=1}}, Document{{_id=Rebecca Gomperts, count=1}}, Document{{_id=Dmitriy Podnozov, count=1}}, Document{{_id=Raquel Ascensèo, count=1}}, Document{{_id=Daniele Liotti, count=1}}, Document{{_id=Saffron Burrows, count=1}}, Document{{_id=Emma Griffiths Malin, count=1}}, Document{{_id=Vèctor Valdivia, count=1}}, Document{{_id=Maitè Proenèa, count=1}}, Document{{_id=Richard Courcet, count=1}}, Document{{_id=Cian Barry, count=1}}, Document{{_id=Sabine Azèma, count=1}}, Document{{_id=Domingos Fernandes Fonseca, count=1}}, Document{{_id=Emmanuelle Bèart, count=1}}, Document{{_id=Rita Pereira Marques, count=1}}, Document{{_id=Pilar del Rèo, count=1}}, Document{{_id=Bruna Di Tullio, count=1}}, Document{{_id=Sophie Guillemin, count=1}}, Document{{_id=Argyris Xafis, count=1}}, Document{{_id=Dieter Laser, count=1}}, Document{{_id=Natasha Wightman, count=1}}, Document{{_id=Chico Buarque de Hollanda, count=1}}, Document{{_id=Jorge Silva Melo, count=1}}, Document{{_id=Hortèncèlio Aquina, count=1}}, Document{{_id=Anabela Moreira, count=1}}, Document{{_id=Florentina Dumitru, count=1}}, Document{{_id=Petronio Gontijo, count=1}}, Document{{_id=Erika Alexander, count=1}}, Document{{_id=Pedro Abrunhosa, count=1}}, Document{{_id=Armanda Bacelar, count=1}}, Document{{_id=Fernando Guillèn Cuervo, count=1}}, Document{{_id=Rebecca Pauly, count=1}}, Document{{_id=Thiago Justino, count=1}}, Document{{_id=Joana Santos, count=1}}, Document{{_id=Eurico Vieira, count=1}}, Document{{_id=Roschdy Zem, count=1}}, Document{{_id=Ana Cristina de Oliveira, count=1}}, Document{{_id=Antènio Pedro Cerdeira, count=1}}, Document{{_id=Giovanna Mezzogiorno, count=1}}, Document{{_id=Rebeca Close, count=1}}, Document{{_id=Michelle Mania, count=1}}, Document{{_id=Jaime Pereira, count=1}}, Document{{_id=Joaquim Carvalho, count=1}}, Document{{_id=Nuno Bernardo, count=1}}, Document{{_id=Isaach De Bankolè, count=1}}, Document{{_id=Fabienne Babe, count=1}}, Document{{_id=Crista Alfaiate, count=1}}, Document{{_id=Marèa Barranco, count=1}}, Document{{_id=Ricardo Meneses, count=1}}, Document{{_id=Juanjo Puigcorbè, count=1}}, Document{{_id=Israel Gouvea, count=1}}, Document{{_id=Roberio Lima, count=1}}, Document{{_id=Rita Klein, count=1}}, Document{{_id=Drica Moraes, count=1}}, Document{{_id=Johan Libèreau, count=1}}, Document{{_id=Andreas Wilson, count=1}}, Document{{_id=Stefano Dionisi, count=1}}, Document{{_id=Samuli Kosminen, count=1}}, Document{{_id=Pascal Greggory, count=1}}, Document{{_id=Stefano Accorsi, count=1}}, Document{{_id=Devon Anderson, count=1}}, Document{{_id=Chico Dèaz, count=1}}, Document{{_id=Miriam Dèaz-Aroca, count=1}}, Document{{_id=Manuela Couto, count=1}}, Document{{_id=Neuci de Souza, count=1}}, Document{{_id=Rui Morrison, count=1}}, Document{{_id=Valentinas Masalskis, count=1}}, Document{{_id=Catarina Wallenstein, count=1}}, Document{{_id=Lila Downs, count=1}}, Document{{_id=Oksana Chernych, count=1}}, Document{{_id=Amira Casar, count=1}}, Document{{_id=Andre Barbosa, count=1}}, Document{{_id=Clotilde Hesme, count=1}}, Document{{_id=Robert Kramer, count=1}}, Document{{_id=Ellen Page, count=1}}, Document{{_id=Chandra Malatitch, count=1}}, Document{{_id=Carloto Cotta, count=1}}, Document{{_id=Manoel de Oliveira, count=1}}, Document{{_id=Jèlia Botelho, count=1}}, Document{{_id=Diego Noguera, count=1}}, Document{{_id=Reginaldo Faria, count=1}}, Document{{_id=Julie Balloo, count=1}}, Document{{_id=Valeria Bruni Tedeschi, count=1}}, Document{{_id=Joaquim Pinto, count=1}}, Document{{_id=Tèmas Lemarquis, count=1}}, Document{{_id=Mèrcio Libar, count=1}}, Document{{_id=Rèdiger Vogler, count=1}}, Document{{_id=Christian Vadim, count=1}}, Document{{_id=Sara Carinhas, count=1}}, Document{{_id=Sebastian Laustsen, count=1}}, Document{{_id=Joèo Rui Guerra da Mata, count=1}}, Document{{_id=Chiara Mastroianni, count=1}}, Document{{_id=Micaela Cardoso, count=1}}, Document{{_id=èlex Brendemèhl, count=1}}, Document{{_id=Fernando Luès, count=1}}, Document{{_id=Katya Ladan, count=1}}, Document{{_id=Alberto San Juan, count=1}}, Document{{_id=Anna Galiena, count=1}}, Document{{_id=Ilias Stothart, count=1}}, Document{{_id=Alix Wilton Regan, count=1}}, Document{{_id=Joèo Carreira, count=1}}, Document{{_id=Marco D'Almeida, count=1}}, Document{{_id=Ieronymos Kaletsanos, count=1}}, Document{{_id=Sandra Adair, count=1}}, Document{{_id=Pedro Granger, count=1}}, Document{{_id=Jèlia Buisel, count=1}}, Document{{_id=èlvaro de Luna, count=1}}, Document{{_id=August Diehl, count=1}}, Document{{_id=Maria Conchita Alonso, count=1}}, Document{{_id=Luès Melo, count=1}}, Document{{_id=Martina Gedeck, count=1}}, Document{{_id=Richard Linklater, count=1}}, Document{{_id=Fernando Fernèn Gèmez, count=1}}, Document{{_id=Juan Diego Botto, count=1}}, Document{{_id=Miguel Guilherme, count=1}}, Document{{_id=Isabel Abreu, count=1}}, Document{{_id=Mèlanie Laurent, count=1}}, Document{{_id=Ed Stoppard, count=1}}, Document{{_id=James Benning, count=1}}, Document{{_id=Romain Duris, count=1}}, Document{{_id=Nathalia Galgani, count=1}}, Document{{_id=Vicky Peèa, count=1}}, Document{{_id=Jean Luis Amorim, count=1}}, Document{{_id=Alexandre Borges, count=1}}, Document{{_id=Giuliano Gemma, count=1}}, Document{{_id=Geoffrey Carey, count=1}}, Document{{_id=Jorge Trèpa, count=1}}, Document{{_id=Carmelo Gèmez, count=1}}, Document{{_id=Andrzej Seweryn, count=1}}, Document{{_id=Rosana Pastor, count=1}}, Document{{_id=Stepan Nercessian, count=1}}, Document{{_id=Federico Luppi, count=1}}, Document{{_id=Cristina Cèmara, count=1}}, Document{{_id=Teresa Calado, count=1}}, Document{{_id=Mercedes Sampietro, count=1}}, Document{{_id=Aleksandre Saulov, count=1}}, Document{{_id=Rita Durèo, count=1}}, Document{{_id=Sènia Bandeira, count=1}}, Document{{_id=Bruno Todeschini, count=1}}, Document{{_id=Joèo Marèal, count=1}}, Document{{_id=Joao Afonso, count=1}}, Document{{_id=Jeffrey Kime, count=1}}, Document{{_id=Andrès Waas, count=1}}, Document{{_id=Pancho Garcia Aguirre, count=1}}, Document{{_id=Sarah Gadon, count=1}}, Document{{_id=Juan Echanove, count=1}}, Document{{_id=Lise Biskup, count=1}}, Document{{_id=Lou Bihler, count=1}}, Document{{_id=Alban Ukaj, count=1}}, Document{{_id=Penèlope Cruz, count=1}}, Document{{_id=Zita Duarte, count=1}}, Document{{_id=Iciar Bollain, count=1}}, Document{{_id=Ivo Canelas, count=1}}]> but was:<[Document{{_id=Leonor Silveira, count=8}}, Document{{_id=Joaquim de Almeida, count=6}}, Document{{_id=Isabel Ruth, count=6}}, Document{{_id=Joèo Cèsar Monteiro, count=5}}, Document{{_id=Catherine Deneuve, count=5}}, Document{{_id=John Malkovich, count=5}}, Document{{_id=Maria de Medeiros, count=5}}, Document{{_id=Ricardo Trèpa, count=5}}, Document{{_id=Luès Miguel Cintra, count=4}}, Document{{_id=Diogo Dèria, count=4}}, Document{{_id=Ana Bustorff, count=4}}, Document{{_id=Michel Piccoli, count=3}}, Document{{_id=Rita Blanco, count=3}}, Document{{_id=Manuela de Freitas, count=3}}, Document{{_id=Beatriz Batarda, count=3}}, Document{{_id=Marcello Mastroianni, count=3}}, Document{{_id=Vanda Duarte, count=3}}, Document{{_id=Melvil Poupaud, count=3}}, Document{{_id=Leonor Baldaque, count=3}}, Document{{_id=Adriano Luz, count=3}}, Document{{_id=Karra Elejalde, count=3}}, Document{{_id=Nuno Lopes, count=2}}, Document{{_id=Miguel Gomes, count=2}}, Document{{_id=Soraia Chaves, count=2}}, Document{{_id=Daniel de Oliveira, count=2}}, Document{{_id=Louis Garrel, count=2}}, Document{{_id=Marisa Paredes, count=2}}, Document{{_id=Antoine Chappey, count=2}}, Document{{_id=Ventura, count=2}}, Document{{_id=Sergio Rubini, count=2}}, Document{{_id=Cleia Almeida, count=2}}, Document{{_id=Diogo Infante, count=2}}, Document{{_id=Joana Preiss, count=2}}, Document{{_id=Thogun, count=2}}, Document{{_id=Luis Tosar, count=2}}, Document{{_id=Ruy Furtado, count=2}}, Document{{_id=Gustavo Sumpta, count=2}}, Document{{_id=Verena Jasch, count=2}}, Document{{_id=Rogèrio Samora, count=2}}, Document{{_id=Rafael Morais, count=2}}, Document{{_id=Joana de Verona, count=2}}, Document{{_id=Isa Hochgerner, count=2}}, Document{{_id=Francisco Gaspar, count=2}}, Document{{_id=Pilar Lèpez de Ayala, count=2}}, Document{{_id=Adolfo Assor, count=2}}, Document{{_id=Canto e Castro, count=2}}, Document{{_id=Gabino Diego, count=2}}, Document{{_id=Teresa Madruga, count=2}}, Document{{_id=Thomas Baumann, count=2}}, Document{{_id=Joèo Pedro Rodrigues, count=1}}, Document{{_id=Saakanush Vanyan, count=1}}, Document{{_id=Cètia Afonso, count=1}}, Document{{_id=Joaquina Chicau, count=1}}, Document{{_id=Miguel Raposo, count=1}}, Document{{_id=Manuel Soares, count=1}}, Document{{_id=Alexandra Maria Lara, count=1}}, Document{{_id=Camanè, count=1}}, Document{{_id=Kimmo Pohjonen, count=1}}, Document{{_id=Raoul Ruiz, count=1}}, Document{{_id=Jean-Yves Gautier, count=1}}, Document{{_id=Tito Furtado, count=1}}, Document{{_id=Ruy de Carvalho, count=1}}, Document{{_id=Clèudia Teixeira, count=1}}, Document{{_id=Walter Kohut, count=1}}, Document{{_id=èric Caravaca, count=1}}, Document{{_id=Maria Joèo Bastos, count=1}}, Document{{_id=Ricardo Azevedo, count=1}}, Document{{_id=Ana Graciela, count=1}}, Document{{_id=Serge Nicolai, count=1}}, Document{{_id=Oliveira Lopes, count=1}}, Document{{_id=Nuno Porfèrio, count=1}}, Document{{_id=Serge Daney, count=1}}, Document{{_id=Elvira Mènguez, count=1}}, Document{{_id=Ricardo Pereira, count=1}}, Document{{_id=Cècile Sanz de Alba, count=1}}, Document{{_id=Beatriz Torcato, count=1}}, Document{{_id=Filipa de Almeida, count=1}}, Document{{_id=Diogo Morgado, count=1}}, Document{{_id=Ricardo Darèn, count=1}}, Document{{_id=Axel Neumann, count=1}}, Document{{_id=Lambert Wilson, count=1}}, Document{{_id=Edward Hogg, count=1}}, Document{{_id=Olivia Corsini, count=1}}, Document{{_id=Tony Ramos, count=1}}, Document{{_id=Guillermo Toledo, count=1}}, Document{{_id=Gonèalo Ferreira De Almeida, count=1}}, Document{{_id=Jonathan Genet, count=1}}, Document{{_id=Helmut Griem, count=1}}, Document{{_id=Bèatrice Dalle, count=1}}, Document{{_id=Elsa Zylberstein, count=1}}, Document{{_id=Marcelo Faria, count=1}}, Document{{_id=Clarisse Abujamra, count=1}}, Document{{_id=Jean-Franèois Balmer, count=1}}, Document{{_id=Rodrigo Perdigèo, count=1}}, Document{{_id=Amba Bihler, count=1}}, Document{{_id=Antènio Pedroso, count=1}}, Document{{_id=Manuel Gomes Miranda, count=1}}, Document{{_id=Marcos Caruso, count=1}}, Document{{_id=Bebe, count=1}}, Document{{_id=Afonso Pimentel, count=1}}, Document{{_id=Vincent Perez, count=1}}, Document{{_id=Mot Harris Dunlop Stothart, count=1}}, Document{{_id=Carlos do Carmo, count=1}}, Document{{_id=Jeremy Irons, count=1}}, Document{{_id=Derek Keurvorst, count=1}}, Document{{_id=èlodie Bouchez, count=1}}, Document{{_id=Fernando Alves Pinto, count=1}}, Document{{_id=Alexandra Lencastre, count=1}}, Document{{_id=Marta Etura, count=1}}, Document{{_id=Nuno Gil, count=1}}, Document{{_id=Skyler Day, count=1}}, Document{{_id=Eduard Fernèndez, count=1}}, Document{{_id=èngels Barcelè, count=1}}, Document{{_id=Francis Frappat, count=1}}, Document{{_id=Vitalina Varela, count=1}}, Document{{_id=Maurice Bènichou, count=1}}, Document{{_id=Paul Giamatti, count=1}}, Document{{_id=Isabelle Huppert, count=1}}, Document{{_id=Leonor Watling, count=1}}, Document{{_id=Nuno Casanovas, count=1}}, Document{{_id=Beatrice Brown, count=1}}, Document{{_id=Joana Azevedo, count=1}}, Document{{_id=Mariya Lipkina, count=1}}, Document{{_id=Melchior Derouet, count=1}}, Document{{_id=Jack Huston, count=1}}, Document{{_id=Francisco Mozos, count=1}}, Document{{_id=Guy Marchand, count=1}}, Document{{_id=Leos Carax, count=1}}, Document{{_id=Alicia Fehrmann, count=1}}, Document{{_id=Antènio Assunèèo, count=1}}, Document{{_id=Ana Padrèo, count=1}}, Document{{_id=Shaghayegh Beheshti, count=1}}, Document{{_id=Maria Flor, count=1}}, Document{{_id=Rui Gomes, count=1}}, Document{{_id=Frèdèric Pierrot, count=1}}, Document{{_id=Beatriz Duarte, count=1}}, Document{{_id=Pedro Hestnes, count=1}}, Document{{_id=Paulo Renato, count=1}}, Document{{_id=Donatello Brida, count=1}}, Document{{_id=Corey Large, count=1}}, Document{{_id=Charo Lèpez, count=1}}, Document{{_id=Raoul Bova, count=1}}, Document{{_id=Ivo Barroso, count=1}}, Document{{_id=Filippo Nigro, count=1}}, Document{{_id=Daniel Duval, count=1}}, Document{{_id=Pedro Laginha, count=1}}, Document{{_id=Bulle Ogier, count=1}}, Document{{_id=Kevin Durand, count=1}}, Document{{_id=Juan Josè Ballesta, count=1}}, Document{{_id=Fatima Ennaflaoui, count=1}}, Document{{_id=Lena Duarte, count=1}}, Document{{_id=Patrick Bauchau, count=1}}, Document{{_id=Lydie Barbara, count=1}}, Document{{_id=John Jesus Romèo, count=1}}, Document{{_id=Netinho Alves, count=1}}, Document{{_id=Emma de Caunes, count=1}}, Document{{_id=Robert Pattinson, count=1}}, Document{{_id=Arielle Dombasle, count=1}}, Document{{_id=Frank Baker, count=1}}, Document{{_id=Timo Kèmèrèinen, count=1}}, Document{{_id=Nuno Vaz, count=1}}, Document{{_id=Irène Jacob, count=1}}, Document{{_id=Manuel Manquièa, count=1}}, Document{{_id=Ana Moreira, count=1}}, Document{{_id=Cindy Scrash, count=1}}, Document{{_id=Silvia Munt, count=1}}, Document{{_id=Daniel Auteuil, count=1}}, Document{{_id=Harvey Keitel, count=1}}, Document{{_id=Isabelle Weingarten, count=1}}, Document{{_id=Clara Lago, count=1}}, Document{{_id=Nuno Markl, count=1}}, Document{{_id=Sami Kuoppamèki, count=1}}, Document{{_id=Francesca Prandi, count=1}}, Document{{_id=Maren Ade, count=1}}, Document{{_id=Joèo Cajuda, count=1}}, Document{{_id=Fernanda Torres, count=1}}, Document{{_id=Inès de Medeiros, count=1}}, Document{{_id=Nik Xhelilaj, count=1}}, Document{{_id=Antonio Santos, count=1}}, Document{{_id=Brigitte Fossey, count=1}}, Document{{_id=Vasco Sequeira, count=1}}, Document{{_id=Colm Feore, count=1}}, Document{{_id=Makena Diop, count=1}}, Document{{_id=Joèo Roldan, count=1}}, Document{{_id=Edith Scob, count=1}}, Document{{_id=Nuno Leonel, count=1}}, Document{{_id=Scott Bailey, count=1}}, Document{{_id=Josè Airosa, count=1}}, Document{{_id=Charles Berling, count=1}}, Document{{_id=Telmo Churro, count=1}}, Document{{_id=Amèrico Mota, count=1}}, Document{{_id=Massimo Girotti, count=1}}, Document{{_id=Jean-Pierre Rehm, count=1}}, Document{{_id=Stefania Goulioti, count=1}}, Document{{_id=Fèbio Oliveira, count=1}}, Document{{_id=Rebecca Gomperts, count=1}}, Document{{_id=Dmitriy Podnozov, count=1}}, Document{{_id=Raquel Ascensèo, count=1}}, Document{{_id=Daniele Liotti, count=1}}, Document{{_id=Saffron Burrows, count=1}}, Document{{_id=Emma Griffiths Malin, count=1}}, Document{{_id=Vèctor Valdivia, count=1}}, Document{{_id=Maitè Proenèa, count=1}}, Document{{_id=Richard Courcet, count=1}}, Document{{_id=Cian Barry, count=1}}, Document{{_id=Sabine Azèma, count=1}}, Document{{_id=Domingos Fernandes Fonseca, count=1}}, Document{{_id=Emmanuelle Bèart, count=1}}, Document{{_id=Rita Pereira Marques, count=1}}, Document{{_id=Pilar del Rèo, count=1}}, Document{{_id=Bruna Di Tullio, count=1}}, Document{{_id=Sophie Guillemin, count=1}}, Document{{_id=Argyris Xafis, count=1}}, Document{{_id=Dieter Laser, count=1}}, Document{{_id=Natasha Wightman, count=1}}, Document{{_id=Chico Buarque de Hollanda, count=1}}, Document{{_id=Jorge Silva Melo, count=1}}, Document{{_id=Hortèncèlio Aquina, count=1}}, Document{{_id=Anabela Moreira, count=1}}, Document{{_id=Florentina Dumitru, count=1}}, Document{{_id=Petronio Gontijo, count=1}}, Document{{_id=Erika Alexander, count=1}}, Document{{_id=Pedro Abrunhosa, count=1}}, Document{{_id=Armanda Bacelar, count=1}}, Document{{_id=Fernando Guillèn Cuervo, count=1}}, Document{{_id=Rebecca Pauly, count=1}}, Document{{_id=Thiago Justino, count=1}}, Document{{_id=Joana Santos, count=1}}, Document{{_id=Eurico Vieira, count=1}}, Document{{_id=Roschdy Zem, count=1}}, Document{{_id=Antènio Pedro Cerdeira, count=1}}, Document{{_id=Ana Cristina de Oliveira, count=1}}, Document{{_id=Giovanna Mezzogiorno, count=1}}, Document{{_id=Rebeca Close, count=1}}, Document{{_id=Michelle Mania, count=1}}, Document{{_id=Jaime Pereira, count=1}}, Document{{_id=Joaquim Carvalho, count=1}}, Document{{_id=Nuno Bernardo, count=1}}, Document{{_id=Isaach De Bankolè, count=1}}, Document{{_id=Fabienne Babe, count=1}}, Document{{_id=Crista Alfaiate, count=1}}, Document{{_id=Marèa Barranco, count=1}}, Document{{_id=Ricardo Meneses, count=1}}, Document{{_id=Juanjo Puigcorbè, count=1}}, Document{{_id=Israel Gouvea, count=1}}, Document{{_id=Roberio Lima, count=1}}, Document{{_id=Rita Klein, count=1}}, Document{{_id=Drica Moraes, count=1}}, Document{{_id=Johan Libèreau, count=1}}, Document{{_id=Andreas Wilson, count=1}}, Document{{_id=Stefano Dionisi, count=1}}, Document{{_id=Samuli Kosminen, count=1}}, Document{{_id=Pascal Greggory, count=1}}, Document{{_id=Stefano Accorsi, count=1}}, Document{{_id=Devon Anderson, count=1}}, Document{{_id=Miriam Dèaz-Aroca, count=1}}, Document{{_id=Manuela Couto, count=1}}, Document{{_id=Chico Dèaz, count=1}}, Document{{_id=Neuci de Souza, count=1}}, Document{{_id=Valentinas Masalskis, count=1}}, Document{{_id=Catarina Wallenstein, count=1}}, Document{{_id=Lila Downs, count=1}}, Document{{_id=Rui Morrison, count=1}}, Document{{_id=Oksana Chernych, count=1}}, Document{{_id=Amira Casar, count=1}}, Document{{_id=Andre Barbosa, count=1}}, Document{{_id=Clotilde Hesme, count=1}}, Document{{_id=Robert Kramer, count=1}}, Document{{_id=Ellen Page, count=1}}, Document{{_id=Chandra Malatitch, count=1}}, Document{{_id=Carloto Cotta, count=1}}, Document{{_id=Manoel de Oliveira, count=1}}, Document{{_id=Jèlia Botelho, count=1}}, Document{{_id=Diego Noguera, count=1}}, Document{{_id=Reginaldo Faria, count=1}}, Document{{_id=Julie Balloo, count=1}}, Document{{_id=Valeria Bruni Tedeschi, count=1}}, Document{{_id=Joaquim Pinto, count=1}}, Document{{_id=Tèmas Lemarquis, count=1}}, Document{{_id=Mèrcio Libar, count=1}}, Document{{_id=Rèdiger Vogler, count=1}}, Document{{_id=Christian Vadim, count=1}}, Document{{_id=Sara Carinhas, count=1}}, Document{{_id=Sebastian Laustsen, count=1}}, Document{{_id=Joèo Rui Guerra da Mata, count=1}}, Document{{_id=Micaela Cardoso, count=1}}, Document{{_id=Chiara Mastroianni, count=1}}, Document{{_id=èlex Brendemèhl, count=1}}, Document{{_id=Fernando Luès, count=1}}, Document{{_id=Katya Ladan, count=1}}, Document{{_id=Alberto San Juan, count=1}}, Document{{_id=Anna Galiena, count=1}}, Document{{_id=Ilias Stothart, count=1}}, Document{{_id=Alix Wilton Regan, count=1}}, Document{{_id=Joèo Carreira, count=1}}, Document{{_id=Marco D'Almeida, count=1}}, Document{{_id=Ieronymos Kaletsanos, count=1}}, Document{{_id=Sandra Adair, count=1}}, Document{{_id=Pedro Granger, count=1}}, Document{{_id=Jèlia Buisel, count=1}}, Document{{_id=èlvaro de Luna, count=1}}, Document{{_id=August Diehl, count=1}}, Document{{_id=Maria Conchita Alonso, count=1}}, Document{{_id=Luès Melo, count=1}}, Document{{_id=Martina Gedeck, count=1}}, Document{{_id=Richard Linklater, count=1}}, Document{{_id=Fernando Fernèn Gèmez, count=1}}, Document{{_id=Juan Diego Botto, count=1}}, Document{{_id=Miguel Guilherme, count=1}}, Document{{_id=Isabel Abreu, count=1}}, Document{{_id=Mèlanie Laurent, count=1}}, Document{{_id=Ed Stoppard, count=1}}, Document{{_id=James Benning, count=1}}, Document{{_id=Romain Duris, count=1}}, Document{{_id=Nathalia Galgani, count=1}}, Document{{_id=Vicky Peèa, count=1}}, Document{{_id=Jean Luis Amorim, count=1}}, Document{{_id=Alexandre Borges, count=1}}, Document{{_id=Giuliano Gemma, count=1}}, Document{{_id=Geoffrey Carey, count=1}}, Document{{_id=Jorge Trèpa, count=1}}, Document{{_id=Carmelo Gèmez, count=1}}, Document{{_id=Aleksandre Saulov, count=1}}, Document{{_id=Andrzej Seweryn, count=1}}, Document{{_id=Stepan Nercessian, count=1}}, Document{{_id=Federico Luppi, count=1}}, Document{{_id=Cristina Cèmara, count=1}}, Document{{_id=Mercedes Sampietro, count=1}}, Document{{_id=Teresa Calado, count=1}}, Document{{_id=Rosana Pastor, count=1}}, Document{{_id=Rita Durèo, count=1}}, Document{{_id=Sènia Bandeira, count=1}}, Document{{_id=Bruno Todeschini, count=1}}, Document{{_id=Joèo Marèal, count=1}}, Document{{_id=Joao Afonso, count=1}}, Document{{_id=Jeffrey Kime, count=1}}, Document{{_id=Andrès Waas, count=1}}, Document{{_id=Pancho Garcia Aguirre, count=1}}, Document{{_id=Sarah Gadon, count=1}}, Document{{_id=Juan Echanove, count=1}}, Document{{_id=Lise Biskup, count=1}}, Document{{_id=Lou Bihler, count=1}}, Document{{_id=Alban Ukaj, count=1}}, Document{{_id=Penèlope Cruz, count=1}}, Document{{_id=Zita Duarte, count=1}}, Document{{_id=Ivo Canelas, count=1}}, Document{{_id=Iciar Bollain, count=1}}]>
	at mflix.lessons.UsingAggregationBuilders.aggregateSeveralStages(UsingAggregationBuilders.java:218)
]]></failure>
    <system-out><![CDATA[14:02:54.247 [main] INFO org.mongodb.driver.cluster - Cluster created with settings {hosts=[mflix-shard-00-01-xqewh.mongodb.net:27017, mflix-shard-00-00-xqewh.mongodb.net:27017, mflix-shard-00-02-xqewh.mongodb.net:27017], mode=MULTIPLE, requiredClusterType=REPLICA_SET, serverSelectionTimeout='30000 ms', maxWaitQueueSize=500, requiredReplicaSetName='mflix-shard-0'}
14:02:54.247 [main] INFO org.mongodb.driver.cluster - Adding discovered server mflix-shard-00-01-xqewh.mongodb.net:27017 to client view of cluster
14:02:54.250 [main] INFO org.mongodb.driver.cluster - Adding discovered server mflix-shard-00-00-xqewh.mongodb.net:27017 to client view of cluster
14:02:54.253 [main] INFO org.mongodb.driver.cluster - Adding discovered server mflix-shard-00-02-xqewh.mongodb.net:27017 to client view of cluster
14:02:54.256 [main] DEBUG org.mongodb.driver.cluster - Updating cluster description to  {type=REPLICA_SET, servers=[{address=mflix-shard-00-01-xqewh.mongodb.net:27017, type=UNKNOWN, state=CONNECTING}, {address=mflix-shard-00-00-xqewh.mongodb.net:27017, type=UNKNOWN, state=CONNECTING}, {address=mflix-shard-00-02-xqewh.mongodb.net:27017, type=UNKNOWN, state=CONNECTING}]
14:02:54.259 [main] INFO org.mongodb.driver.cluster - Cluster created with settings {hosts=[mflix-shard-00-01-xqewh.mongodb.net:27017, mflix-shard-00-00-xqewh.mongodb.net:27017, mflix-shard-00-02-xqewh.mongodb.net:27017], mode=MULTIPLE, requiredClusterType=REPLICA_SET, serverSelectionTimeout='30000 ms', maxWaitQueueSize=500, requiredReplicaSetName='mflix-shard-0'}
14:02:54.259 [main] INFO org.mongodb.driver.cluster - Adding discovered server mflix-shard-00-01-xqewh.mongodb.net:27017 to client view of cluster
14:02:54.261 [main] INFO org.mongodb.driver.cluster - Adding discovered server mflix-shard-00-00-xqewh.mongodb.net:27017 to client view of cluster
14:02:54.265 [main] INFO org.mongodb.driver.cluster - Adding discovered server mflix-shard-00-02-xqewh.mongodb.net:27017 to client view of cluster
14:02:54.267 [main] DEBUG org.mongodb.driver.cluster - Updating cluster description to  {type=REPLICA_SET, servers=[{address=mflix-shard-00-01-xqewh.mongodb.net:27017, type=UNKNOWN, state=CONNECTING}, {address=mflix-shard-00-00-xqewh.mongodb.net:27017, type=UNKNOWN, state=CONNECTING}, {address=mflix-shard-00-02-xqewh.mongodb.net:27017, type=UNKNOWN, state=CONNECTING}]
14:02:54.270 [main] INFO org.mongodb.driver.cluster - No server chosen by com.mongodb.client.internal.MongoClientDelegate$1@ffaa6af from cluster description ClusterDescription{type=REPLICA_SET, connectionMode=MULTIPLE, serverDescriptions=[ServerDescription{address=mflix-shard-00-01-xqewh.mongodb.net:27017, type=UNKNOWN, state=CONNECTING}, ServerDescription{address=mflix-shard-00-00-xqewh.mongodb.net:27017, type=UNKNOWN, state=CONNECTING}, ServerDescription{address=mflix-shard-00-02-xqewh.mongodb.net:27017, type=UNKNOWN, state=CONNECTING}]}. Waiting for 30000 ms before timing out
14:02:54.736 [cluster-ClusterId{value='5eb3c7a9f83d48100fab2fca', description='null'}-mflix-shard-00-02-xqewh.mongodb.net:27017] DEBUG org.mongodb.driver.cluster - Checking status of mflix-shard-00-02-xqewh.mongodb.net:27017
14:02:54.739 [cluster-ClusterId{value='5eb3c7a9f83d48100fab2fca', description='null'}-mflix-shard-00-02-xqewh.mongodb.net:27017] DEBUG org.mongodb.driver.protocol.command - Sending command '{ "ismaster" : 1, "$db" : "admin", "$clusterTime" : { "clusterTime" : { "$timestamp" : { "t" : 1588840363, "i" : 10 } }, "signature" : { "hash" : { "$binary" : { "base64" : "Q7GVn4XYyOw3Dp7q5lcAVfYqyZQ=", "subType" : "00" } }, "keyId" : 6819605014537830403 } } }' with request id 70 to database admin on connection [connectionId{localValue:6, serverValue:191140}] to server mflix-shard-00-02-xqewh.mongodb.net:27017
14:02:54.742 [cluster-ClusterId{value='5eb3c7a9f83d48100fab2fca', description='null'}-mflix-shard-00-02-xqewh.mongodb.net:27017] DEBUG org.mongodb.driver.connection - Closing connection connectionId{localValue:6, serverValue:191140}
14:02:54.751 [cluster-ClusterId{value='5eb3c7a9f83d48100fab2fca', description='null'}-mflix-shard-00-02-xqewh.mongodb.net:27017] DEBUG org.mongodb.driver.protocol.command - Execution of command with request id 70 failed to complete successfully in 7.24 ms on connection [connectionId{localValue:6, serverValue:191140}] to server mflix-shard-00-02-xqewh.mongodb.net:27017
com.mongodb.MongoSocketReadException: Prematurely reached end of stream
	at com.mongodb.internal.connection.SocketStream.read(SocketStream.java:112)
	at com.mongodb.internal.connection.InternalStreamConnection.receiveResponseBuffers(InternalStreamConnection.java:570)
	at com.mongodb.internal.connection.InternalStreamConnection.receiveMessage(InternalStreamConnection.java:441)
	at com.mongodb.internal.connection.InternalStreamConnection.receiveCommandMessageResponse(InternalStreamConnection.java:295)
	at com.mongodb.internal.connection.InternalStreamConnection.sendAndReceive(InternalStreamConnection.java:255)
	at com.mongodb.internal.connection.CommandHelper.sendAndReceive(CommandHelper.java:83)
	at com.mongodb.internal.connection.CommandHelper.executeCommand(CommandHelper.java:38)
	at com.mongodb.internal.connection.DefaultServerMonitor$ServerMonitorRunnable.lookupServerDescription(DefaultServerMonitor.java:180)
	at com.mongodb.internal.connection.DefaultServerMonitor$ServerMonitorRunnable.run(DefaultServerMonitor.java:124)
	at java.base/java.lang.Thread.run(Thread.java:834)
14:02:54.752 [cluster-ClusterId{value='5eb3c7a9f83d48100fab2fca', description='null'}-mflix-shard-00-02-xqewh.mongodb.net:27017] DEBUG org.mongodb.driver.connection - Invalidating the connection pool
14:02:54.806 [cluster-ClusterId{value='5eb3c7a9f83d48100fab2fc9', description='null'}-mflix-shard-00-01-xqewh.mongodb.net:27017] DEBUG org.mongodb.driver.cluster - Checking status of mflix-shard-00-01-xqewh.mongodb.net:27017
14:02:54.808 [cluster-ClusterId{value='5eb3c7a9f83d48100fab2fc9', description='null'}-mflix-shard-00-01-xqewh.mongodb.net:27017] DEBUG org.mongodb.driver.protocol.command - Sending command '{ "ismaster" : 1, "$db" : "admin", "$clusterTime" : { "clusterTime" : { "$timestamp" : { "t" : 1588840363, "i" : 10 } }, "signature" : { "hash" : { "$binary" : { "base64" : "Q7GVn4XYyOw3Dp7q5lcAVfYqyZQ=", "subType" : "00" } }, "keyId" : 6819605014537830403 } } }' with request id 71 to database admin on connection [connectionId{localValue:3, serverValue:230305}] to server mflix-shard-00-01-xqewh.mongodb.net:27017
14:02:54.809 [cluster-ClusterId{value='5eb3c7a9f83d48100fab2fc9', description='null'}-mflix-shard-00-01-xqewh.mongodb.net:27017] DEBUG org.mongodb.driver.connection - Closing connection connectionId{localValue:3, serverValue:230305}
14:02:54.810 [cluster-ClusterId{value='5eb3c7a9f83d48100fab2fc9', description='null'}-mflix-shard-00-01-xqewh.mongodb.net:27017] DEBUG org.mongodb.driver.protocol.command - Execution of command with request id 71 failed to complete successfully in 2.47 ms on connection [connectionId{localValue:3, serverValue:230305}] to server mflix-shard-00-01-xqewh.mongodb.net:27017
com.mongodb.MongoSocketReadException: Prematurely reached end of stream
	at com.mongodb.internal.connection.SocketStream.read(SocketStream.java:112)
	at com.mongodb.internal.connection.InternalStreamConnection.receiveResponseBuffers(InternalStreamConnection.java:570)
	at com.mongodb.internal.connection.InternalStreamConnection.receiveMessage(InternalStreamConnection.java:441)
	at com.mongodb.internal.connection.InternalStreamConnection.receiveCommandMessageResponse(InternalStreamConnection.java:295)
	at com.mongodb.internal.connection.InternalStreamConnection.sendAndReceive(InternalStreamConnection.java:255)
	at com.mongodb.internal.connection.CommandHelper.sendAndReceive(CommandHelper.java:83)
	at com.mongodb.internal.connection.CommandHelper.executeCommand(CommandHelper.java:38)
	at com.mongodb.internal.connection.DefaultServerMonitor$ServerMonitorRunnable.lookupServerDescription(DefaultServerMonitor.java:180)
	at com.mongodb.internal.connection.DefaultServerMonitor$ServerMonitorRunnable.run(DefaultServerMonitor.java:124)
	at java.base/java.lang.Thread.run(Thread.java:834)
14:02:54.810 [cluster-ClusterId{value='5eb3c7a9f83d48100fab2fc9', description='null'}-mflix-shard-00-01-xqewh.mongodb.net:27017] DEBUG org.mongodb.driver.connection - Invalidating the connection pool
14:02:54.879 [cluster-ClusterId{value='5eb3c7a9f83d48100fab2fca', description='null'}-mflix-shard-00-00-xqewh.mongodb.net:27017] DEBUG org.mongodb.driver.cluster - Checking status of mflix-shard-00-00-xqewh.mongodb.net:27017
14:02:54.880 [cluster-ClusterId{value='5eb3c7a9f83d48100fab2fca', description='null'}-mflix-shard-00-00-xqewh.mongodb.net:27017] DEBUG org.mongodb.driver.protocol.command - Sending command '{ "ismaster" : 1, "$db" : "admin", "$clusterTime" : { "clusterTime" : { "$timestamp" : { "t" : 1588840363, "i" : 10 } }, "signature" : { "hash" : { "$binary" : { "base64" : "Q7GVn4XYyOw3Dp7q5lcAVfYqyZQ=", "subType" : "00" } }, "keyId" : 6819605014537830403 } } }' with request id 74 to database admin on connection [connectionId{localValue:5, serverValue:191473}] to server mflix-shard-00-00-xqewh.mongodb.net:27017
14:02:54.881 [cluster-ClusterId{value='5eb3c7a9f83d48100fab2fca', description='null'}-mflix-shard-00-00-xqewh.mongodb.net:27017] DEBUG org.mongodb.driver.connection - Closing connection connectionId{localValue:5, serverValue:191473}
14:02:54.882 [cluster-ClusterId{value='5eb3c7a9f83d48100fab2fca', description='null'}-mflix-shard-00-00-xqewh.mongodb.net:27017] DEBUG org.mongodb.driver.protocol.command - Execution of command with request id 74 failed to complete successfully in 2.41 ms on connection [connectionId{localValue:5, serverValue:191473}] to server mflix-shard-00-00-xqewh.mongodb.net:27017
com.mongodb.MongoSocketReadException: Prematurely reached end of stream
	at com.mongodb.internal.connection.SocketStream.read(SocketStream.java:112)
	at com.mongodb.internal.connection.InternalStreamConnection.receiveResponseBuffers(InternalStreamConnection.java:570)
	at com.mongodb.internal.connection.InternalStreamConnection.receiveMessage(InternalStreamConnection.java:441)
	at com.mongodb.internal.connection.InternalStreamConnection.receiveCommandMessageResponse(InternalStreamConnection.java:295)
	at com.mongodb.internal.connection.InternalStreamConnection.sendAndReceive(InternalStreamConnection.java:255)
	at com.mongodb.internal.connection.CommandHelper.sendAndReceive(CommandHelper.java:83)
	at com.mongodb.internal.connection.CommandHelper.executeCommand(CommandHelper.java:38)
	at com.mongodb.internal.connection.DefaultServerMonitor$ServerMonitorRunnable.lookupServerDescription(DefaultServerMonitor.java:180)
	at com.mongodb.internal.connection.DefaultServerMonitor$ServerMonitorRunnable.run(DefaultServerMonitor.java:124)
	at java.base/java.lang.Thread.run(Thread.java:834)
14:02:54.882 [cluster-ClusterId{value='5eb3c7a9f83d48100fab2fca', description='null'}-mflix-shard-00-00-xqewh.mongodb.net:27017] DEBUG org.mongodb.driver.connection - Invalidating the connection pool
14:02:54.949 [cluster-ClusterId{value='5eb3c7a9f83d48100fab2fca', description='null'}-mflix-shard-00-01-xqewh.mongodb.net:27017] DEBUG org.mongodb.driver.cluster - Checking status of mflix-shard-00-01-xqewh.mongodb.net:27017
14:02:54.950 [cluster-ClusterId{value='5eb3c7a9f83d48100fab2fca', description='null'}-mflix-shard-00-01-xqewh.mongodb.net:27017] DEBUG org.mongodb.driver.protocol.command - Sending command '{ "ismaster" : 1, "$db" : "admin", "$clusterTime" : { "clusterTime" : { "$timestamp" : { "t" : 1588840363, "i" : 10 } }, "signature" : { "hash" : { "$binary" : { "base64" : "Q7GVn4XYyOw3Dp7q5lcAVfYqyZQ=", "subType" : "00" } }, "keyId" : 6819605014537830403 } } }' with request id 76 to database admin on connection [connectionId{localValue:4, serverValue:230305}] to server mflix-shard-00-01-xqewh.mongodb.net:27017
14:02:54.951 [cluster-ClusterId{value='5eb3c7a9f83d48100fab2fca', description='null'}-mflix-shard-00-01-xqewh.mongodb.net:27017] DEBUG org.mongodb.driver.connection - Closing connection connectionId{localValue:4, serverValue:230305}
14:02:54.952 [cluster-ClusterId{value='5eb3c7a9f83d48100fab2fca', description='null'}-mflix-shard-00-01-xqewh.mongodb.net:27017] DEBUG org.mongodb.driver.protocol.command - Execution of command with request id 76 failed to complete successfully in 2.62 ms on connection [connectionId{localValue:4, serverValue:230305}] to server mflix-shard-00-01-xqewh.mongodb.net:27017
com.mongodb.MongoSocketReadException: Prematurely reached end of stream
	at com.mongodb.internal.connection.SocketStream.read(SocketStream.java:112)
	at com.mongodb.internal.connection.InternalStreamConnection.receiveResponseBuffers(InternalStreamConnection.java:570)
	at com.mongodb.internal.connection.InternalStreamConnection.receiveMessage(InternalStreamConnection.java:441)
	at com.mongodb.internal.connection.InternalStreamConnection.receiveCommandMessageResponse(InternalStreamConnection.java:295)
	at com.mongodb.internal.connection.InternalStreamConnection.sendAndReceive(InternalStreamConnection.java:255)
	at com.mongodb.internal.connection.CommandHelper.sendAndReceive(CommandHelper.java:83)
	at com.mongodb.internal.connection.CommandHelper.executeCommand(CommandHelper.java:38)
	at com.mongodb.internal.connection.DefaultServerMonitor$ServerMonitorRunnable.lookupServerDescription(DefaultServerMonitor.java:180)
	at com.mongodb.internal.connection.DefaultServerMonitor$ServerMonitorRunnable.run(DefaultServerMonitor.java:124)
	at java.base/java.lang.Thread.run(Thread.java:834)
14:02:54.953 [cluster-ClusterId{value='5eb3c7a9f83d48100fab2fca', description='null'}-mflix-shard-00-01-xqewh.mongodb.net:27017] DEBUG org.mongodb.driver.connection - Invalidating the connection pool
14:02:54.997 [cluster-ClusterId{value='5eb3c7a9f83d48100fab2fc9', description='null'}-mflix-shard-00-00-xqewh.mongodb.net:27017] DEBUG org.mongodb.driver.cluster - Checking status of mflix-shard-00-00-xqewh.mongodb.net:27017
14:02:54.999 [cluster-ClusterId{value='5eb3c7a9f83d48100fab2fc9', description='null'}-mflix-shard-00-00-xqewh.mongodb.net:27017] DEBUG org.mongodb.driver.protocol.command - Sending command '{ "ismaster" : 1, "$db" : "admin", "$clusterTime" : { "clusterTime" : { "$timestamp" : { "t" : 1588840363, "i" : 10 } }, "signature" : { "hash" : { "$binary" : { "base64" : "Q7GVn4XYyOw3Dp7q5lcAVfYqyZQ=", "subType" : "00" } }, "keyId" : 6819605014537830403 } } }' with request id 77 to database admin on connection [connectionId{localValue:2, serverValue:191473}] to server mflix-shard-00-00-xqewh.mongodb.net:27017
14:02:55.000 [cluster-ClusterId{value='5eb3c7a9f83d48100fab2fc9', description='null'}-mflix-shard-00-00-xqewh.mongodb.net:27017] DEBUG org.mongodb.driver.connection - Closing connection connectionId{localValue:2, serverValue:191473}
14:02:55.000 [cluster-ClusterId{value='5eb3c7a9f83d48100fab2fc9', description='null'}-mflix-shard-00-00-xqewh.mongodb.net:27017] DEBUG org.mongodb.driver.protocol.command - Execution of command with request id 77 failed to complete successfully in 2.19 ms on connection [connectionId{localValue:2, serverValue:191473}] to server mflix-shard-00-00-xqewh.mongodb.net:27017
com.mongodb.MongoSocketReadException: Prematurely reached end of stream
	at com.mongodb.internal.connection.SocketStream.read(SocketStream.java:112)
	at com.mongodb.internal.connection.InternalStreamConnection.receiveResponseBuffers(InternalStreamConnection.java:570)
	at com.mongodb.internal.connection.InternalStreamConnection.receiveMessage(InternalStreamConnection.java:441)
	at com.mongodb.internal.connection.InternalStreamConnection.receiveCommandMessageResponse(InternalStreamConnection.java:295)
	at com.mongodb.internal.connection.InternalStreamConnection.sendAndReceive(InternalStreamConnection.java:255)
	at com.mongodb.internal.connection.CommandHelper.sendAndReceive(CommandHelper.java:83)
	at com.mongodb.internal.connection.CommandHelper.executeCommand(CommandHelper.java:38)
	at com.mongodb.internal.connection.DefaultServerMonitor$ServerMonitorRunnable.lookupServerDescription(DefaultServerMonitor.java:180)
	at com.mongodb.internal.connection.DefaultServerMonitor$ServerMonitorRunnable.run(DefaultServerMonitor.java:124)
	at java.base/java.lang.Thread.run(Thread.java:834)
14:02:55.001 [cluster-ClusterId{value='5eb3c7a9f83d48100fab2fc9', description='null'}-mflix-shard-00-00-xqewh.mongodb.net:27017] DEBUG org.mongodb.driver.connection - Invalidating the connection pool
14:02:55.009 [cluster-ClusterId{value='5eb3c7a9f83d48100fab2fc9', description='null'}-mflix-shard-00-02-xqewh.mongodb.net:27017] DEBUG org.mongodb.driver.cluster - Checking status of mflix-shard-00-02-xqewh.mongodb.net:27017
14:02:55.010 [cluster-ClusterId{value='5eb3c7a9f83d48100fab2fc9', description='null'}-mflix-shard-00-02-xqewh.mongodb.net:27017] DEBUG org.mongodb.driver.protocol.command - Sending command '{ "ismaster" : 1, "$db" : "admin", "$clusterTime" : { "clusterTime" : { "$timestamp" : { "t" : 1588840363, "i" : 10 } }, "signature" : { "hash" : { "$binary" : { "base64" : "Q7GVn4XYyOw3Dp7q5lcAVfYqyZQ=", "subType" : "00" } }, "keyId" : 6819605014537830403 } } }' with request id 78 to database admin on connection [connectionId{localValue:1, serverValue:191140}] to server mflix-shard-00-02-xqewh.mongodb.net:27017
14:02:55.011 [cluster-ClusterId{value='5eb3c7a9f83d48100fab2fc9', description='null'}-mflix-shard-00-02-xqewh.mongodb.net:27017] DEBUG org.mongodb.driver.connection - Closing connection connectionId{localValue:1, serverValue:191140}
14:02:55.012 [cluster-ClusterId{value='5eb3c7a9f83d48100fab2fc9', description='null'}-mflix-shard-00-02-xqewh.mongodb.net:27017] DEBUG org.mongodb.driver.protocol.command - Execution of command with request id 78 failed to complete successfully in 2.11 ms on connection [connectionId{localValue:1, serverValue:191140}] to server mflix-shard-00-02-xqewh.mongodb.net:27017
com.mongodb.MongoSocketReadException: Prematurely reached end of stream
	at com.mongodb.internal.connection.SocketStream.read(SocketStream.java:112)
	at com.mongodb.internal.connection.InternalStreamConnection.receiveResponseBuffers(InternalStreamConnection.java:570)
	at com.mongodb.internal.connection.InternalStreamConnection.receiveMessage(InternalStreamConnection.java:441)
	at com.mongodb.internal.connection.InternalStreamConnection.receiveCommandMessageResponse(InternalStreamConnection.java:295)
	at com.mongodb.internal.connection.InternalStreamConnection.sendAndReceive(InternalStreamConnection.java:255)
	at com.mongodb.internal.connection.CommandHelper.sendAndReceive(CommandHelper.java:83)
	at com.mongodb.internal.connection.CommandHelper.executeCommand(CommandHelper.java:38)
	at com.mongodb.internal.connection.DefaultServerMonitor$ServerMonitorRunnable.lookupServerDescription(DefaultServerMonitor.java:180)
	at com.mongodb.internal.connection.DefaultServerMonitor$ServerMonitorRunnable.run(DefaultServerMonitor.java:124)
	at java.base/java.lang.Thread.run(Thread.java:834)
14:02:55.012 [cluster-ClusterId{value='5eb3c7a9f83d48100fab2fc9', description='null'}-mflix-shard-00-02-xqewh.mongodb.net:27017] DEBUG org.mongodb.driver.connection - Invalidating the connection pool
14:02:55.853 [cluster-ClusterId{value='5eb3c7b6f83d48100fab2fce', description='null'}-mflix-shard-00-01-xqewh.mongodb.net:27017] INFO org.mongodb.driver.connection - Opened connection [connectionId{localValue:18, serverValue:221814}] to mflix-shard-00-01-xqewh.mongodb.net:27017
14:02:55.853 [cluster-ClusterId{value='5eb3c7b6f83d48100fab2fce', description='null'}-mflix-shard-00-01-xqewh.mongodb.net:27017] DEBUG org.mongodb.driver.cluster - Checking status of mflix-shard-00-01-xqewh.mongodb.net:27017
14:02:55.855 [cluster-ClusterId{value='5eb3c7b6f83d48100fab2fce', description='null'}-mflix-shard-00-01-xqewh.mongodb.net:27017] DEBUG org.mongodb.driver.protocol.command - Sending command '{ "ismaster" : 1, "$db" : "admin" }' with request id 95 to database admin on connection [connectionId{localValue:18, serverValue:221814}] to server mflix-shard-00-01-xqewh.mongodb.net:27017
14:02:55.891 [cluster-ClusterId{value='5eb3c7b6f83d48100fab2fce', description='null'}-mflix-shard-00-00-xqewh.mongodb.net:27017] INFO org.mongodb.driver.connection - Opened connection [connectionId{localValue:19, serverValue:187581}] to mflix-shard-00-00-xqewh.mongodb.net:27017
14:02:55.891 [cluster-ClusterId{value='5eb3c7b6f83d48100fab2fcd', description='null'}-mflix-shard-00-01-xqewh.mongodb.net:27017] INFO org.mongodb.driver.connection - Opened connection [connectionId{localValue:15, serverValue:221814}] to mflix-shard-00-01-xqewh.mongodb.net:27017
14:02:55.891 [cluster-ClusterId{value='5eb3c7b6f83d48100fab2fce', description='null'}-mflix-shard-00-02-xqewh.mongodb.net:27017] INFO org.mongodb.driver.connection - Opened connection [connectionId{localValue:20, serverValue:191140}] to mflix-shard-00-02-xqewh.mongodb.net:27017
14:02:55.892 [cluster-ClusterId{value='5eb3c7b6f83d48100fab2fce', description='null'}-mflix-shard-00-00-xqewh.mongodb.net:27017] DEBUG org.mongodb.driver.cluster - Checking status of mflix-shard-00-00-xqewh.mongodb.net:27017
14:02:55.892 [cluster-ClusterId{value='5eb3c7b6f83d48100fab2fcd', description='null'}-mflix-shard-00-01-xqewh.mongodb.net:27017] DEBUG org.mongodb.driver.cluster - Checking status of mflix-shard-00-01-xqewh.mongodb.net:27017
14:02:55.892 [cluster-ClusterId{value='5eb3c7b6f83d48100fab2fce', description='null'}-mflix-shard-00-02-xqewh.mongodb.net:27017] DEBUG org.mongodb.driver.cluster - Checking status of mflix-shard-00-02-xqewh.mongodb.net:27017
14:02:55.893 [cluster-ClusterId{value='5eb3c7b6f83d48100fab2fce', description='null'}-mflix-shard-00-00-xqewh.mongodb.net:27017] DEBUG org.mongodb.driver.protocol.command - Sending command '{ "ismaster" : 1, "$db" : "admin" }' with request id 98 to database admin on connection [connectionId{localValue:19, serverValue:187581}] to server mflix-shard-00-00-xqewh.mongodb.net:27017
14:02:55.893 [cluster-ClusterId{value='5eb3c7b6f83d48100fab2fce', description='null'}-mflix-shard-00-02-xqewh.mongodb.net:27017] DEBUG org.mongodb.driver.protocol.command - Sending command '{ "ismaster" : 1, "$db" : "admin" }' with request id 100 to database admin on connection [connectionId{localValue:20, serverValue:191140}] to server mflix-shard-00-02-xqewh.mongodb.net:27017
14:02:55.894 [cluster-ClusterId{value='5eb3c7b6f83d48100fab2fcd', description='null'}-mflix-shard-00-01-xqewh.mongodb.net:27017] DEBUG org.mongodb.driver.protocol.command - Sending command '{ "ismaster" : 1, "$db" : "admin" }' with request id 99 to database admin on connection [connectionId{localValue:15, serverValue:221814}] to server mflix-shard-00-01-xqewh.mongodb.net:27017
14:02:55.938 [cluster-ClusterId{value='5eb3c7b6f83d48100fab2fcd', description='null'}-mflix-shard-00-00-xqewh.mongodb.net:27017] INFO org.mongodb.driver.connection - Opened connection [connectionId{localValue:16, serverValue:187581}] to mflix-shard-00-00-xqewh.mongodb.net:27017
14:02:55.938 [cluster-ClusterId{value='5eb3c7b6f83d48100fab2fcd', description='null'}-mflix-shard-00-02-xqewh.mongodb.net:27017] INFO org.mongodb.driver.connection - Opened connection [connectionId{localValue:17, serverValue:191140}] to mflix-shard-00-02-xqewh.mongodb.net:27017
14:02:55.938 [cluster-ClusterId{value='5eb3c7b6f83d48100fab2fcd', description='null'}-mflix-shard-00-00-xqewh.mongodb.net:27017] DEBUG org.mongodb.driver.cluster - Checking status of mflix-shard-00-00-xqewh.mongodb.net:27017
14:02:55.938 [cluster-ClusterId{value='5eb3c7b6f83d48100fab2fcd', description='null'}-mflix-shard-00-02-xqewh.mongodb.net:27017] DEBUG org.mongodb.driver.cluster - Checking status of mflix-shard-00-02-xqewh.mongodb.net:27017
14:02:55.940 [cluster-ClusterId{value='5eb3c7b6f83d48100fab2fcd', description='null'}-mflix-shard-00-02-xqewh.mongodb.net:27017] DEBUG org.mongodb.driver.protocol.command - Sending command '{ "ismaster" : 1, "$db" : "admin" }' with request id 102 to database admin on connection [connectionId{localValue:17, serverValue:191140}] to server mflix-shard-00-02-xqewh.mongodb.net:27017
14:02:55.940 [cluster-ClusterId{value='5eb3c7b6f83d48100fab2fcd', description='null'}-mflix-shard-00-00-xqewh.mongodb.net:27017] DEBUG org.mongodb.driver.protocol.command - Sending command '{ "ismaster" : 1, "$db" : "admin" }' with request id 101 to database admin on connection [connectionId{localValue:16, serverValue:187581}] to server mflix-shard-00-00-xqewh.mongodb.net:27017
14:02:56.109 [cluster-ClusterId{value='5eb3c7b6f83d48100fab2fce', description='null'}-mflix-shard-00-01-xqewh.mongodb.net:27017] DEBUG org.mongodb.driver.protocol.command - Execution of command with request id 95 completed successfully in 254.66 ms on connection [connectionId{localValue:18, serverValue:221814}] to server mflix-shard-00-01-xqewh.mongodb.net:27017
14:02:56.111 [cluster-ClusterId{value='5eb3c7b6f83d48100fab2fce', description='null'}-mflix-shard-00-01-xqewh.mongodb.net:27017] INFO org.mongodb.driver.cluster - Monitor thread successfully connected to server with description ServerDescription{address=mflix-shard-00-01-xqewh.mongodb.net:27017, type=REPLICA_SET_PRIMARY, state=CONNECTED, ok=true, version=ServerVersion{versionList=[4, 2, 6]}, minWireVersion=0, maxWireVersion=8, maxDocumentSize=16777216, logicalSessionTimeoutMinutes=30, roundTripTimeNanos=256809903, setName='mflix-shard-0', canonicalAddress=mflix-shard-00-01-xqewh.mongodb.net:27017, hosts=[mflix-shard-00-02-xqewh.mongodb.net:27017, mflix-shard-00-01-xqewh.mongodb.net:27017, mflix-shard-00-00-xqewh.mongodb.net:27017], passives=[], arbiters=[], primary='mflix-shard-00-01-xqewh.mongodb.net:27017', tagSet=TagSet{[Tag{name='nodeType', value='ELECTABLE'}, Tag{name='provider', value='AWS'}, Tag{name='region', value='US_EAST_1'}]}, electionId=7fffffff0000000000000003, setVersion=2, lastWriteDate=Thu May 07 14:02:54 IST 2020, lastUpdateTimeNanos=2323246611913}
14:02:56.113 [cluster-ClusterId{value='5eb3c7b6f83d48100fab2fce', description='null'}-mflix-shard-00-01-xqewh.mongodb.net:27017] INFO org.mongodb.driver.cluster - Setting max election id to 7fffffff0000000000000003 from replica set primary mflix-shard-00-01-xqewh.mongodb.net:27017
14:02:56.114 [cluster-ClusterId{value='5eb3c7b6f83d48100fab2fce', description='null'}-mflix-shard-00-01-xqewh.mongodb.net:27017] INFO org.mongodb.driver.cluster - Setting max set version to 2 from replica set primary mflix-shard-00-01-xqewh.mongodb.net:27017
14:02:56.114 [cluster-ClusterId{value='5eb3c7b6f83d48100fab2fce', description='null'}-mflix-shard-00-01-xqewh.mongodb.net:27017] INFO org.mongodb.driver.cluster - Discovered replica set primary mflix-shard-00-01-xqewh.mongodb.net:27017
14:02:56.115 [cluster-ClusterId{value='5eb3c7b6f83d48100fab2fce', description='null'}-mflix-shard-00-01-xqewh.mongodb.net:27017] DEBUG org.mongodb.driver.cluster - Updating cluster description to  {type=REPLICA_SET, servers=[{address=mflix-shard-00-01-xqewh.mongodb.net:27017, type=REPLICA_SET_PRIMARY, TagSet{[Tag{name='nodeType', value='ELECTABLE'}, Tag{name='provider', value='AWS'}, Tag{name='region', value='US_EAST_1'}]}, roundTripTime=256.8 ms, state=CONNECTED}, {address=mflix-shard-00-00-xqewh.mongodb.net:27017, type=UNKNOWN, state=CONNECTING}, {address=mflix-shard-00-02-xqewh.mongodb.net:27017, type=UNKNOWN, state=CONNECTING}]
14:02:56.150 [cluster-ClusterId{value='5eb3c7b6f83d48100fab2fce', description='null'}-mflix-shard-00-00-xqewh.mongodb.net:27017] DEBUG org.mongodb.driver.protocol.command - Execution of command with request id 98 completed successfully in 256.98 ms on connection [connectionId{localValue:19, serverValue:187581}] to server mflix-shard-00-00-xqewh.mongodb.net:27017
14:02:56.151 [cluster-ClusterId{value='5eb3c7b6f83d48100fab2fce', description='null'}-mflix-shard-00-00-xqewh.mongodb.net:27017] INFO org.mongodb.driver.cluster - Monitor thread successfully connected to server with description ServerDescription{address=mflix-shard-00-00-xqewh.mongodb.net:27017, type=REPLICA_SET_SECONDARY, state=CONNECTED, ok=true, version=ServerVersion{versionList=[4, 2, 6]}, minWireVersion=0, maxWireVersion=8, maxDocumentSize=16777216, logicalSessionTimeoutMinutes=30, roundTripTimeNanos=258237434, setName='mflix-shard-0', canonicalAddress=mflix-shard-00-00-xqewh.mongodb.net:27017, hosts=[mflix-shard-00-02-xqewh.mongodb.net:27017, mflix-shard-00-01-xqewh.mongodb.net:27017, mflix-shard-00-00-xqewh.mongodb.net:27017], passives=[], arbiters=[], primary='mflix-shard-00-01-xqewh.mongodb.net:27017', tagSet=TagSet{[Tag{name='provider', value='AWS'}, Tag{name='nodeType', value='ELECTABLE'}, Tag{name='region', value='US_EAST_1'}]}, electionId=null, setVersion=2, lastWriteDate=Thu May 07 14:02:54 IST 2020, lastUpdateTimeNanos=2323286707412}
14:02:56.151 [cluster-ClusterId{value='5eb3c7b6f83d48100fab2fce', description='null'}-mflix-shard-00-00-xqewh.mongodb.net:27017] DEBUG org.mongodb.driver.cluster - Updating cluster description to  {type=REPLICA_SET, servers=[{address=mflix-shard-00-01-xqewh.mongodb.net:27017, type=REPLICA_SET_PRIMARY, TagSet{[Tag{name='nodeType', value='ELECTABLE'}, Tag{name='provider', value='AWS'}, Tag{name='region', value='US_EAST_1'}]}, roundTripTime=256.8 ms, state=CONNECTED}, {address=mflix-shard-00-00-xqewh.mongodb.net:27017, type=REPLICA_SET_SECONDARY, TagSet{[Tag{name='provider', value='AWS'}, Tag{name='nodeType', value='ELECTABLE'}, Tag{name='region', value='US_EAST_1'}]}, roundTripTime=258.2 ms, state=CONNECTED}, {address=mflix-shard-00-02-xqewh.mongodb.net:27017, type=UNKNOWN, state=CONNECTING}]
14:02:56.155 [cluster-ClusterId{value='5eb3c7a9f83d48100fab2fca', description='null'}-mflix-shard-00-02-xqewh.mongodb.net:27017] INFO org.mongodb.driver.connection - Opened connection [connectionId{localValue:21, serverValue:191140}] to mflix-shard-00-02-xqewh.mongodb.net:27017
14:02:56.155 [cluster-ClusterId{value='5eb3c7b6f83d48100fab2fce', description='null'}-mflix-shard-00-02-xqewh.mongodb.net:27017] DEBUG org.mongodb.driver.protocol.command - Execution of command with request id 100 completed successfully in 261.92 ms on connection [connectionId{localValue:20, serverValue:191140}] to server mflix-shard-00-02-xqewh.mongodb.net:27017
14:02:56.156 [cluster-ClusterId{value='5eb3c7a9f83d48100fab2fca', description='null'}-mflix-shard-00-02-xqewh.mongodb.net:27017] DEBUG org.mongodb.driver.cluster - Checking status of mflix-shard-00-02-xqewh.mongodb.net:27017
14:02:56.156 [cluster-ClusterId{value='5eb3c7b6f83d48100fab2fce', description='null'}-mflix-shard-00-02-xqewh.mongodb.net:27017] INFO org.mongodb.driver.cluster - Monitor thread successfully connected to server with description ServerDescription{address=mflix-shard-00-02-xqewh.mongodb.net:27017, type=REPLICA_SET_SECONDARY, state=CONNECTED, ok=true, version=ServerVersion{versionList=[4, 2, 6]}, minWireVersion=0, maxWireVersion=8, maxDocumentSize=16777216, logicalSessionTimeoutMinutes=30, roundTripTimeNanos=262961758, setName='mflix-shard-0', canonicalAddress=mflix-shard-00-02-xqewh.mongodb.net:27017, hosts=[mflix-shard-00-02-xqewh.mongodb.net:27017, mflix-shard-00-01-xqewh.mongodb.net:27017, mflix-shard-00-00-xqewh.mongodb.net:27017], passives=[], arbiters=[], primary='mflix-shard-00-01-xqewh.mongodb.net:27017', tagSet=TagSet{[Tag{name='nodeType', value='ELECTABLE'}, Tag{name='region', value='US_EAST_1'}, Tag{name='provider', value='AWS'}]}, electionId=null, setVersion=2, lastWriteDate=Thu May 07 14:02:54 IST 2020, lastUpdateTimeNanos=2323292373094}
14:02:56.157 [cluster-ClusterId{value='5eb3c7b6f83d48100fab2fce', description='null'}-mflix-shard-00-02-xqewh.mongodb.net:27017] DEBUG org.mongodb.driver.cluster - Updating cluster description to  {type=REPLICA_SET, servers=[{address=mflix-shard-00-01-xqewh.mongodb.net:27017, type=REPLICA_SET_PRIMARY, TagSet{[Tag{name='nodeType', value='ELECTABLE'}, Tag{name='provider', value='AWS'}, Tag{name='region', value='US_EAST_1'}]}, roundTripTime=256.8 ms, state=CONNECTED}, {address=mflix-shard-00-00-xqewh.mongodb.net:27017, type=REPLICA_SET_SECONDARY, TagSet{[Tag{name='provider', value='AWS'}, Tag{name='nodeType', value='ELECTABLE'}, Tag{name='region', value='US_EAST_1'}]}, roundTripTime=258.2 ms, state=CONNECTED}, {address=mflix-shard-00-02-xqewh.mongodb.net:27017, type=REPLICA_SET_SECONDARY, TagSet{[Tag{name='nodeType', value='ELECTABLE'}, Tag{name='region', value='US_EAST_1'}, Tag{name='provider', value='AWS'}]}, roundTripTime=263.0 ms, state=CONNECTED}]
14:02:56.158 [cluster-ClusterId{value='5eb3c7a9f83d48100fab2fca', description='null'}-mflix-shard-00-02-xqewh.mongodb.net:27017] DEBUG org.mongodb.driver.protocol.command - Sending command '{ "ismaster" : 1, "$db" : "admin", "$clusterTime" : { "clusterTime" : { "$timestamp" : { "t" : 1588840363, "i" : 10 } }, "signature" : { "hash" : { "$binary" : { "base64" : "Q7GVn4XYyOw3Dp7q5lcAVfYqyZQ=", "subType" : "00" } }, "keyId" : 6819605014537830403 } } }' with request id 108 to database admin on connection [connectionId{localValue:21, serverValue:191140}] to server mflix-shard-00-02-xqewh.mongodb.net:27017
14:02:56.161 [cluster-ClusterId{value='5eb3c7b6f83d48100fab2fcd', description='null'}-mflix-shard-00-01-xqewh.mongodb.net:27017] DEBUG org.mongodb.driver.protocol.command - Execution of command with request id 99 completed successfully in 267.81 ms on connection [connectionId{localValue:15, serverValue:221814}] to server mflix-shard-00-01-xqewh.mongodb.net:27017
14:02:56.163 [cluster-ClusterId{value='5eb3c7b6f83d48100fab2fcd', description='null'}-mflix-shard-00-01-xqewh.mongodb.net:27017] INFO org.mongodb.driver.cluster - Monitor thread successfully connected to server with description ServerDescription{address=mflix-shard-00-01-xqewh.mongodb.net:27017, type=REPLICA_SET_PRIMARY, state=CONNECTED, ok=true, version=ServerVersion{versionList=[4, 2, 6]}, minWireVersion=0, maxWireVersion=8, maxDocumentSize=16777216, logicalSessionTimeoutMinutes=30, roundTripTimeNanos=269801236, setName='mflix-shard-0', canonicalAddress=mflix-shard-00-01-xqewh.mongodb.net:27017, hosts=[mflix-shard-00-02-xqewh.mongodb.net:27017, mflix-shard-00-01-xqewh.mongodb.net:27017, mflix-shard-00-00-xqewh.mongodb.net:27017], passives=[], arbiters=[], primary='mflix-shard-00-01-xqewh.mongodb.net:27017', tagSet=TagSet{[Tag{name='nodeType', value='ELECTABLE'}, Tag{name='provider', value='AWS'}, Tag{name='region', value='US_EAST_1'}]}, electionId=7fffffff0000000000000003, setVersion=2, lastWriteDate=Thu May 07 14:02:54 IST 2020, lastUpdateTimeNanos=2323298331555}
14:02:56.164 [cluster-ClusterId{value='5eb3c7b6f83d48100fab2fcd', description='null'}-mflix-shard-00-01-xqewh.mongodb.net:27017] INFO org.mongodb.driver.cluster - Setting max election id to 7fffffff0000000000000003 from replica set primary mflix-shard-00-01-xqewh.mongodb.net:27017
14:02:56.164 [cluster-ClusterId{value='5eb3c7b6f83d48100fab2fcd', description='null'}-mflix-shard-00-01-xqewh.mongodb.net:27017] INFO org.mongodb.driver.cluster - Setting max set version to 2 from replica set primary mflix-shard-00-01-xqewh.mongodb.net:27017
14:02:56.164 [cluster-ClusterId{value='5eb3c7b6f83d48100fab2fcd', description='null'}-mflix-shard-00-01-xqewh.mongodb.net:27017] INFO org.mongodb.driver.cluster - Discovered replica set primary mflix-shard-00-01-xqewh.mongodb.net:27017
14:02:56.165 [cluster-ClusterId{value='5eb3c7b6f83d48100fab2fcd', description='null'}-mflix-shard-00-01-xqewh.mongodb.net:27017] DEBUG org.mongodb.driver.cluster - Updating cluster description to  {type=REPLICA_SET, servers=[{address=mflix-shard-00-01-xqewh.mongodb.net:27017, type=REPLICA_SET_PRIMARY, TagSet{[Tag{name='nodeType', value='ELECTABLE'}, Tag{name='provider', value='AWS'}, Tag{name='region', value='US_EAST_1'}]}, roundTripTime=269.8 ms, state=CONNECTED}, {address=mflix-shard-00-00-xqewh.mongodb.net:27017, type=UNKNOWN, state=CONNECTING}, {address=mflix-shard-00-02-xqewh.mongodb.net:27017, type=UNKNOWN, state=CONNECTING}]
14:02:56.208 [cluster-ClusterId{value='5eb3c7b6f83d48100fab2fcd', description='null'}-mflix-shard-00-02-xqewh.mongodb.net:27017] DEBUG org.mongodb.driver.protocol.command - Execution of command with request id 102 completed successfully in 268.33 ms on connection [connectionId{localValue:17, serverValue:191140}] to server mflix-shard-00-02-xqewh.mongodb.net:27017
14:02:56.208 [cluster-ClusterId{value='5eb3c7b6f83d48100fab2fcd', description='null'}-mflix-shard-00-02-xqewh.mongodb.net:27017] INFO org.mongodb.driver.cluster - Monitor thread successfully connected to server with description ServerDescription{address=mflix-shard-00-02-xqewh.mongodb.net:27017, type=REPLICA_SET_SECONDARY, state=CONNECTED, ok=true, version=ServerVersion{versionList=[4, 2, 6]}, minWireVersion=0, maxWireVersion=8, maxDocumentSize=16777216, logicalSessionTimeoutMinutes=30, roundTripTimeNanos=269757383, setName='mflix-shard-0', canonicalAddress=mflix-shard-00-02-xqewh.mongodb.net:27017, hosts=[mflix-shard-00-02-xqewh.mongodb.net:27017, mflix-shard-00-01-xqewh.mongodb.net:27017, mflix-shard-00-00-xqewh.mongodb.net:27017], passives=[], arbiters=[], primary='mflix-shard-00-01-xqewh.mongodb.net:27017', tagSet=TagSet{[Tag{name='nodeType', value='ELECTABLE'}, Tag{name='region', value='US_EAST_1'}, Tag{name='provider', value='AWS'}]}, electionId=null, setVersion=2, lastWriteDate=Thu May 07 14:02:54 IST 2020, lastUpdateTimeNanos=2323344510147}
14:02:56.209 [cluster-ClusterId{value='5eb3c7b6f83d48100fab2fcd', description='null'}-mflix-shard-00-02-xqewh.mongodb.net:27017] DEBUG org.mongodb.driver.cluster - Updating cluster description to  {type=REPLICA_SET, servers=[{address=mflix-shard-00-01-xqewh.mongodb.net:27017, type=REPLICA_SET_PRIMARY, TagSet{[Tag{name='nodeType', value='ELECTABLE'}, Tag{name='provider', value='AWS'}, Tag{name='region', value='US_EAST_1'}]}, roundTripTime=269.8 ms, state=CONNECTED}, {address=mflix-shard-00-00-xqewh.mongodb.net:27017, type=UNKNOWN, state=CONNECTING}, {address=mflix-shard-00-02-xqewh.mongodb.net:27017, type=REPLICA_SET_SECONDARY, TagSet{[Tag{name='nodeType', value='ELECTABLE'}, Tag{name='region', value='US_EAST_1'}, Tag{name='provider', value='AWS'}]}, roundTripTime=269.8 ms, state=CONNECTED}]
14:02:56.211 [cluster-ClusterId{value='5eb3c7b6f83d48100fab2fcd', description='null'}-mflix-shard-00-00-xqewh.mongodb.net:27017] DEBUG org.mongodb.driver.protocol.command - Execution of command with request id 101 completed successfully in 272.07 ms on connection [connectionId{localValue:16, serverValue:187581}] to server mflix-shard-00-00-xqewh.mongodb.net:27017
14:02:56.213 [cluster-ClusterId{value='5eb3c7b6f83d48100fab2fcd', description='null'}-mflix-shard-00-00-xqewh.mongodb.net:27017] INFO org.mongodb.driver.cluster - Monitor thread successfully connected to server with description ServerDescription{address=mflix-shard-00-00-xqewh.mongodb.net:27017, type=REPLICA_SET_SECONDARY, state=CONNECTED, ok=true, version=ServerVersion{versionList=[4, 2, 6]}, minWireVersion=0, maxWireVersion=8, maxDocumentSize=16777216, logicalSessionTimeoutMinutes=30, roundTripTimeNanos=273736607, setName='mflix-shard-0', canonicalAddress=mflix-shard-00-00-xqewh.mongodb.net:27017, hosts=[mflix-shard-00-02-xqewh.mongodb.net:27017, mflix-shard-00-01-xqewh.mongodb.net:27017, mflix-shard-00-00-xqewh.mongodb.net:27017], passives=[], arbiters=[], primary='mflix-shard-00-01-xqewh.mongodb.net:27017', tagSet=TagSet{[Tag{name='provider', value='AWS'}, Tag{name='nodeType', value='ELECTABLE'}, Tag{name='region', value='US_EAST_1'}]}, electionId=null, setVersion=2, lastWriteDate=Thu May 07 14:02:54 IST 2020, lastUpdateTimeNanos=2323348405739}
14:02:56.214 [cluster-ClusterId{value='5eb3c7b6f83d48100fab2fcd', description='null'}-mflix-shard-00-00-xqewh.mongodb.net:27017] DEBUG org.mongodb.driver.cluster - Updating cluster description to  {type=REPLICA_SET, servers=[{address=mflix-shard-00-01-xqewh.mongodb.net:27017, type=REPLICA_SET_PRIMARY, TagSet{[Tag{name='nodeType', value='ELECTABLE'}, Tag{name='provider', value='AWS'}, Tag{name='region', value='US_EAST_1'}]}, roundTripTime=269.8 ms, state=CONNECTED}, {address=mflix-shard-00-00-xqewh.mongodb.net:27017, type=REPLICA_SET_SECONDARY, TagSet{[Tag{name='provider', value='AWS'}, Tag{name='nodeType', value='ELECTABLE'}, Tag{name='region', value='US_EAST_1'}]}, roundTripTime=273.7 ms, state=CONNECTED}, {address=mflix-shard-00-02-xqewh.mongodb.net:27017, type=REPLICA_SET_SECONDARY, TagSet{[Tag{name='nodeType', value='ELECTABLE'}, Tag{name='region', value='US_EAST_1'}, Tag{name='provider', value='AWS'}]}, roundTripTime=269.8 ms, state=CONNECTED}]
14:02:56.419 [cluster-ClusterId{value='5eb3c7a9f83d48100fab2fc9', description='null'}-mflix-shard-00-01-xqewh.mongodb.net:27017] INFO org.mongodb.driver.connection - Opened connection [connectionId{localValue:22, serverValue:221814}] to mflix-shard-00-01-xqewh.mongodb.net:27017
14:02:56.420 [cluster-ClusterId{value='5eb3c7a9f83d48100fab2fc9', description='null'}-mflix-shard-00-01-xqewh.mongodb.net:27017] DEBUG org.mongodb.driver.cluster - Checking status of mflix-shard-00-01-xqewh.mongodb.net:27017
14:02:56.423 [cluster-ClusterId{value='5eb3c7a9f83d48100fab2fc9', description='null'}-mflix-shard-00-01-xqewh.mongodb.net:27017] DEBUG org.mongodb.driver.protocol.command - Sending command '{ "ismaster" : 1, "$db" : "admin", "$clusterTime" : { "clusterTime" : { "$timestamp" : { "t" : 1588840363, "i" : 10 } }, "signature" : { "hash" : { "$binary" : { "base64" : "Q7GVn4XYyOw3Dp7q5lcAVfYqyZQ=", "subType" : "00" } }, "keyId" : 6819605014537830403 } } }' with request id 114 to database admin on connection [connectionId{localValue:22, serverValue:221814}] to server mflix-shard-00-01-xqewh.mongodb.net:27017
14:02:56.426 [cluster-ClusterId{value='5eb3c7a9f83d48100fab2fca', description='null'}-mflix-shard-00-02-xqewh.mongodb.net:27017] DEBUG org.mongodb.driver.protocol.command - Execution of command with request id 108 completed successfully in 269.06 ms on connection [connectionId{localValue:21, serverValue:191140}] to server mflix-shard-00-02-xqewh.mongodb.net:27017
14:02:56.428 [cluster-ClusterId{value='5eb3c7a9f83d48100fab2fca', description='null'}-mflix-shard-00-02-xqewh.mongodb.net:27017] DEBUG org.mongodb.driver.cluster - Updating cluster description to  {type=REPLICA_SET, servers=[{address=mflix-shard-00-01-xqewh.mongodb.net:27017, type=REPLICA_SET_PRIMARY, TagSet{[Tag{name='provider', value='AWS'}, Tag{name='region', value='US_EAST_1'}, Tag{name='nodeType', value='ELECTABLE'}]}, roundTripTime=265.6 ms, state=CONNECTED}, {address=mflix-shard-00-00-xqewh.mongodb.net:27017, type=REPLICA_SET_SECONDARY, TagSet{[Tag{name='nodeType', value='ELECTABLE'}, Tag{name='provider', value='AWS'}, Tag{name='region', value='US_EAST_1'}]}, roundTripTime=276.7 ms, state=CONNECTED}, {address=mflix-shard-00-02-xqewh.mongodb.net:27017, type=REPLICA_SET_SECONDARY, TagSet{[Tag{name='nodeType', value='ELECTABLE'}, Tag{name='region', value='US_EAST_1'}, Tag{name='provider', value='AWS'}]}, roundTripTime=326.0 ms, state=CONNECTED}]
14:02:56.478 [cluster-ClusterId{value='5eb3c7a9f83d48100fab2fca', description='null'}-mflix-shard-00-00-xqewh.mongodb.net:27017] INFO org.mongodb.driver.connection - Opened connection [connectionId{localValue:23, serverValue:187581}] to mflix-shard-00-00-xqewh.mongodb.net:27017
14:02:56.478 [cluster-ClusterId{value='5eb3c7a9f83d48100fab2fca', description='null'}-mflix-shard-00-00-xqewh.mongodb.net:27017] DEBUG org.mongodb.driver.cluster - Checking status of mflix-shard-00-00-xqewh.mongodb.net:27017
14:02:56.480 [cluster-ClusterId{value='5eb3c7a9f83d48100fab2fca', description='null'}-mflix-shard-00-00-xqewh.mongodb.net:27017] DEBUG org.mongodb.driver.protocol.command - Sending command '{ "ismaster" : 1, "$db" : "admin", "$clusterTime" : { "clusterTime" : { "$timestamp" : { "t" : 1588840374, "i" : 2 } }, "signature" : { "hash" : { "$binary" : { "base64" : "35k9dspfBybwmypU65mSaBx0K4M=", "subType" : "00" } }, "keyId" : 6819605014537830403 } } }' with request id 115 to database admin on connection [connectionId{localValue:23, serverValue:187581}] to server mflix-shard-00-00-xqewh.mongodb.net:27017
14:02:56.607 [cluster-ClusterId{value='5eb3c7a9f83d48100fab2fc9', description='null'}-mflix-shard-00-02-xqewh.mongodb.net:27017] INFO org.mongodb.driver.connection - Opened connection [connectionId{localValue:26, serverValue:191140}] to mflix-shard-00-02-xqewh.mongodb.net:27017
14:02:56.607 [cluster-ClusterId{value='5eb3c7a9f83d48100fab2fc9', description='null'}-mflix-shard-00-02-xqewh.mongodb.net:27017] DEBUG org.mongodb.driver.cluster - Checking status of mflix-shard-00-02-xqewh.mongodb.net:27017
14:02:56.608 [cluster-ClusterId{value='5eb3c7a9f83d48100fab2fc9', description='null'}-mflix-shard-00-00-xqewh.mongodb.net:27017] INFO org.mongodb.driver.connection - Opened connection [connectionId{localValue:25, serverValue:187581}] to mflix-shard-00-00-xqewh.mongodb.net:27017
14:02:56.608 [cluster-ClusterId{value='5eb3c7a9f83d48100fab2fc9', description='null'}-mflix-shard-00-00-xqewh.mongodb.net:27017] DEBUG org.mongodb.driver.cluster - Checking status of mflix-shard-00-00-xqewh.mongodb.net:27017
14:02:56.609 [cluster-ClusterId{value='5eb3c7a9f83d48100fab2fc9', description='null'}-mflix-shard-00-00-xqewh.mongodb.net:27017] DEBUG org.mongodb.driver.protocol.command - Sending command '{ "ismaster" : 1, "$db" : "admin", "$clusterTime" : { "clusterTime" : { "$timestamp" : { "t" : 1588840363, "i" : 10 } }, "signature" : { "hash" : { "$binary" : { "base64" : "Q7GVn4XYyOw3Dp7q5lcAVfYqyZQ=", "subType" : "00" } }, "keyId" : 6819605014537830403 } } }' with request id 117 to database admin on connection [connectionId{localValue:25, serverValue:187581}] to server mflix-shard-00-00-xqewh.mongodb.net:27017
14:02:56.609 [cluster-ClusterId{value='5eb3c7a9f83d48100fab2fc9', description='null'}-mflix-shard-00-02-xqewh.mongodb.net:27017] DEBUG org.mongodb.driver.protocol.command - Sending command '{ "ismaster" : 1, "$db" : "admin", "$clusterTime" : { "clusterTime" : { "$timestamp" : { "t" : 1588840363, "i" : 10 } }, "signature" : { "hash" : { "$binary" : { "base64" : "Q7GVn4XYyOw3Dp7q5lcAVfYqyZQ=", "subType" : "00" } }, "keyId" : 6819605014537830403 } } }' with request id 116 to database admin on connection [connectionId{localValue:26, serverValue:191140}] to server mflix-shard-00-02-xqewh.mongodb.net:27017
14:02:56.620 [cluster-ClusterId{value='5eb3c7a9f83d48100fab2fca', description='null'}-mflix-shard-00-01-xqewh.mongodb.net:27017] INFO org.mongodb.driver.connection - Opened connection [connectionId{localValue:24, serverValue:221814}] to mflix-shard-00-01-xqewh.mongodb.net:27017
14:02:56.620 [cluster-ClusterId{value='5eb3c7a9f83d48100fab2fca', description='null'}-mflix-shard-00-01-xqewh.mongodb.net:27017] DEBUG org.mongodb.driver.cluster - Checking status of mflix-shard-00-01-xqewh.mongodb.net:27017
14:02:56.621 [cluster-ClusterId{value='5eb3c7a9f83d48100fab2fca', description='null'}-mflix-shard-00-01-xqewh.mongodb.net:27017] DEBUG org.mongodb.driver.protocol.command - Sending command '{ "ismaster" : 1, "$db" : "admin", "$clusterTime" : { "clusterTime" : { "$timestamp" : { "t" : 1588840374, "i" : 2 } }, "signature" : { "hash" : { "$binary" : { "base64" : "35k9dspfBybwmypU65mSaBx0K4M=", "subType" : "00" } }, "keyId" : 6819605014537830403 } } }' with request id 118 to database admin on connection [connectionId{localValue:24, serverValue:221814}] to server mflix-shard-00-01-xqewh.mongodb.net:27017
14:02:56.676 [cluster-ClusterId{value='5eb3c7a9f83d48100fab2fc9', description='null'}-mflix-shard-00-01-xqewh.mongodb.net:27017] DEBUG org.mongodb.driver.protocol.command - Execution of command with request id 114 completed successfully in 255.32 ms on connection [connectionId{localValue:22, serverValue:221814}] to server mflix-shard-00-01-xqewh.mongodb.net:27017
14:02:56.677 [cluster-ClusterId{value='5eb3c7a9f83d48100fab2fc9', description='null'}-mflix-shard-00-01-xqewh.mongodb.net:27017] DEBUG org.mongodb.driver.cluster - Updating cluster description to  {type=REPLICA_SET, servers=[{address=mflix-shard-00-01-xqewh.mongodb.net:27017, type=REPLICA_SET_PRIMARY, TagSet{[Tag{name='provider', value='AWS'}, Tag{name='region', value='US_EAST_1'}, Tag{name='nodeType', value='ELECTABLE'}]}, roundTripTime=271.9 ms, state=CONNECTED}, {address=mflix-shard-00-00-xqewh.mongodb.net:27017, type=REPLICA_SET_SECONDARY, TagSet{[Tag{name='nodeType', value='ELECTABLE'}, Tag{name='provider', value='AWS'}, Tag{name='region', value='US_EAST_1'}]}, roundTripTime=302.8 ms, state=CONNECTED}, {address=mflix-shard-00-02-xqewh.mongodb.net:27017, type=REPLICA_SET_SECONDARY, TagSet{[Tag{name='nodeType', value='ELECTABLE'}, Tag{name='region', value='US_EAST_1'}, Tag{name='provider', value='AWS'}]}, roundTripTime=292.9 ms, state=CONNECTED}]
14:02:56.736 [cluster-ClusterId{value='5eb3c7a9f83d48100fab2fca', description='null'}-mflix-shard-00-00-xqewh.mongodb.net:27017] DEBUG org.mongodb.driver.protocol.command - Execution of command with request id 115 completed successfully in 256.81 ms on connection [connectionId{localValue:23, serverValue:187581}] to server mflix-shard-00-00-xqewh.mongodb.net:27017
14:02:56.738 [cluster-ClusterId{value='5eb3c7a9f83d48100fab2fca', description='null'}-mflix-shard-00-00-xqewh.mongodb.net:27017] INFO org.mongodb.driver.cluster - Monitor thread successfully connected to server with description ServerDescription{address=mflix-shard-00-00-xqewh.mongodb.net:27017, type=REPLICA_SET_SECONDARY, state=CONNECTED, ok=true, version=ServerVersion{versionList=[4, 2, 6]}, minWireVersion=0, maxWireVersion=8, maxDocumentSize=16777216, logicalSessionTimeoutMinutes=30, roundTripTimeNanos=273115900, setName='mflix-shard-0', canonicalAddress=mflix-shard-00-00-xqewh.mongodb.net:27017, hosts=[mflix-shard-00-02-xqewh.mongodb.net:27017, mflix-shard-00-01-xqewh.mongodb.net:27017, mflix-shard-00-00-xqewh.mongodb.net:27017], passives=[], arbiters=[], primary='mflix-shard-00-01-xqewh.mongodb.net:27017', tagSet=TagSet{[Tag{name='provider', value='AWS'}, Tag{name='nodeType', value='ELECTABLE'}, Tag{name='region', value='US_EAST_1'}]}, electionId=null, setVersion=2, lastWriteDate=Thu May 07 14:02:54 IST 2020, lastUpdateTimeNanos=2323873432216}
14:02:56.739 [cluster-ClusterId{value='5eb3c7a9f83d48100fab2fca', description='null'}-mflix-shard-00-00-xqewh.mongodb.net:27017] DEBUG org.mongodb.driver.cluster - Updating cluster description to  {type=REPLICA_SET, servers=[{address=mflix-shard-00-01-xqewh.mongodb.net:27017, type=REPLICA_SET_PRIMARY, TagSet{[Tag{name='provider', value='AWS'}, Tag{name='region', value='US_EAST_1'}, Tag{name='nodeType', value='ELECTABLE'}]}, roundTripTime=265.6 ms, state=CONNECTED}, {address=mflix-shard-00-00-xqewh.mongodb.net:27017, type=REPLICA_SET_SECONDARY, TagSet{[Tag{name='provider', value='AWS'}, Tag{name='nodeType', value='ELECTABLE'}, Tag{name='region', value='US_EAST_1'}]}, roundTripTime=273.1 ms, state=CONNECTED}, {address=mflix-shard-00-02-xqewh.mongodb.net:27017, type=REPLICA_SET_SECONDARY, TagSet{[Tag{name='nodeType', value='ELECTABLE'}, Tag{name='region', value='US_EAST_1'}, Tag{name='provider', value='AWS'}]}, roundTripTime=326.0 ms, state=CONNECTED}]
14:02:56.863 [cluster-ClusterId{value='5eb3c7a9f83d48100fab2fc9', description='null'}-mflix-shard-00-02-xqewh.mongodb.net:27017] DEBUG org.mongodb.driver.protocol.command - Execution of command with request id 116 completed successfully in 254.22 ms on connection [connectionId{localValue:26, serverValue:191140}] to server mflix-shard-00-02-xqewh.mongodb.net:27017
14:02:56.865 [cluster-ClusterId{value='5eb3c7a9f83d48100fab2fc9', description='null'}-mflix-shard-00-00-xqewh.mongodb.net:27017] DEBUG org.mongodb.driver.protocol.command - Execution of command with request id 117 completed successfully in 256.75 ms on connection [connectionId{localValue:25, serverValue:187581}] to server mflix-shard-00-00-xqewh.mongodb.net:27017
14:02:56.866 [cluster-ClusterId{value='5eb3c7a9f83d48100fab2fc9', description='null'}-mflix-shard-00-02-xqewh.mongodb.net:27017] DEBUG org.mongodb.driver.cluster - Updating cluster description to  {type=REPLICA_SET, servers=[{address=mflix-shard-00-01-xqewh.mongodb.net:27017, type=REPLICA_SET_PRIMARY, TagSet{[Tag{name='provider', value='AWS'}, Tag{name='region', value='US_EAST_1'}, Tag{name='nodeType', value='ELECTABLE'}]}, roundTripTime=271.9 ms, state=CONNECTED}, {address=mflix-shard-00-00-xqewh.mongodb.net:27017, type=REPLICA_SET_SECONDARY, TagSet{[Tag{name='nodeType', value='ELECTABLE'}, Tag{name='provider', value='AWS'}, Tag{name='region', value='US_EAST_1'}]}, roundTripTime=302.8 ms, state=CONNECTED}, {address=mflix-shard-00-02-xqewh.mongodb.net:27017, type=REPLICA_SET_SECONDARY, TagSet{[Tag{name='nodeType', value='ELECTABLE'}, Tag{name='region', value='US_EAST_1'}, Tag{name='provider', value='AWS'}]}, roundTripTime=285.4 ms, state=CONNECTED}]
14:02:56.867 [cluster-ClusterId{value='5eb3c7a9f83d48100fab2fc9', description='null'}-mflix-shard-00-00-xqewh.mongodb.net:27017] INFO org.mongodb.driver.cluster - Monitor thread successfully connected to server with description ServerDescription{address=mflix-shard-00-00-xqewh.mongodb.net:27017, type=REPLICA_SET_SECONDARY, state=CONNECTED, ok=true, version=ServerVersion{versionList=[4, 2, 6]}, minWireVersion=0, maxWireVersion=8, maxDocumentSize=16777216, logicalSessionTimeoutMinutes=30, roundTripTimeNanos=293893973, setName='mflix-shard-0', canonicalAddress=mflix-shard-00-00-xqewh.mongodb.net:27017, hosts=[mflix-shard-00-02-xqewh.mongodb.net:27017, mflix-shard-00-01-xqewh.mongodb.net:27017, mflix-shard-00-00-xqewh.mongodb.net:27017], passives=[], arbiters=[], primary='mflix-shard-00-01-xqewh.mongodb.net:27017', tagSet=TagSet{[Tag{name='provider', value='AWS'}, Tag{name='nodeType', value='ELECTABLE'}, Tag{name='region', value='US_EAST_1'}]}, electionId=null, setVersion=2, lastWriteDate=Thu May 07 14:02:54 IST 2020, lastUpdateTimeNanos=2324002800086}
14:02:56.869 [cluster-ClusterId{value='5eb3c7a9f83d48100fab2fc9', description='null'}-mflix-shard-00-00-xqewh.mongodb.net:27017] DEBUG org.mongodb.driver.cluster - Updating cluster description to  {type=REPLICA_SET, servers=[{address=mflix-shard-00-01-xqewh.mongodb.net:27017, type=REPLICA_SET_PRIMARY, TagSet{[Tag{name='provider', value='AWS'}, Tag{name='region', value='US_EAST_1'}, Tag{name='nodeType', value='ELECTABLE'}]}, roundTripTime=271.9 ms, state=CONNECTED}, {address=mflix-shard-00-00-xqewh.mongodb.net:27017, type=REPLICA_SET_SECONDARY, TagSet{[Tag{name='provider', value='AWS'}, Tag{name='nodeType', value='ELECTABLE'}, Tag{name='region', value='US_EAST_1'}]}, roundTripTime=293.9 ms, state=CONNECTED}, {address=mflix-shard-00-02-xqewh.mongodb.net:27017, type=REPLICA_SET_SECONDARY, TagSet{[Tag{name='nodeType', value='ELECTABLE'}, Tag{name='region', value='US_EAST_1'}, Tag{name='provider', value='AWS'}]}, roundTripTime=285.4 ms, state=CONNECTED}]
14:02:56.877 [cluster-ClusterId{value='5eb3c7a9f83d48100fab2fca', description='null'}-mflix-shard-00-01-xqewh.mongodb.net:27017] DEBUG org.mongodb.driver.protocol.command - Execution of command with request id 118 completed successfully in 256.76 ms on connection [connectionId{localValue:24, serverValue:221814}] to server mflix-shard-00-01-xqewh.mongodb.net:27017
14:02:56.878 [cluster-ClusterId{value='5eb3c7a9f83d48100fab2fca', description='null'}-mflix-shard-00-01-xqewh.mongodb.net:27017] DEBUG org.mongodb.driver.cluster - Updating cluster description to  {type=REPLICA_SET, servers=[{address=mflix-shard-00-01-xqewh.mongodb.net:27017, type=REPLICA_SET_PRIMARY, TagSet{[Tag{name='provider', value='AWS'}, Tag{name='region', value='US_EAST_1'}, Tag{name='nodeType', value='ELECTABLE'}]}, roundTripTime=264.0 ms, state=CONNECTED}, {address=mflix-shard-00-00-xqewh.mongodb.net:27017, type=REPLICA_SET_SECONDARY, TagSet{[Tag{name='provider', value='AWS'}, Tag{name='nodeType', value='ELECTABLE'}, Tag{name='region', value='US_EAST_1'}]}, roundTripTime=273.1 ms, state=CONNECTED}, {address=mflix-shard-00-02-xqewh.mongodb.net:27017, type=REPLICA_SET_SECONDARY, TagSet{[Tag{name='nodeType', value='ELECTABLE'}, Tag{name='region', value='US_EAST_1'}, Tag{name='provider', value='AWS'}]}, roundTripTime=326.0 ms, state=CONNECTED}]
14:02:58.668 [main] INFO org.mongodb.driver.connection - Opened connection [connectionId{localValue:27, serverValue:230305}] to mflix-shard-00-01-xqewh.mongodb.net:27017
14:02:58.673 [main] DEBUG org.mongodb.driver.protocol.command - Sending command '{ "aggregate" : "movies", "pipeline" : [{ "$match" : { "countries" : "Portugal" } }, { "$unwind" : "$cast" }, { "$group" : { "_id" : "$cast", "count" : { "$sum" : 1 } } }, { "$sort" : { "count" : -1 } }], "cursor" : { }, "$db" : "sample_mflix", "$clusterTime" : { "clusterTime" : { "$timestamp" : { "t" : 1588840374, "i" : 2 } }, "signature" : { "hash" : { "$binary" : { "base64" : "35k9dspfBybwmypU65mSaBx0K4M=", "subType" : "00" } }, "keyId" : 6819605014537830403 } }, "lsid" : { "id" : { "$binary" : { "base64" : "Arg+I6vjQCCa1u1ApoULdQ==", "subType" : "04" } } } }' with request id 124 to database sample_mflix on connection [connectionId{localValue:27, serverValue:230305}] to server mflix-shard-00-01-xqewh.mongodb.net:27017
14:02:58.985 [main] DEBUG org.mongodb.driver.protocol.command - Execution of command with request id 124 completed successfully in 315.33 ms on connection [connectionId{localValue:27, serverValue:230305}] to server mflix-shard-00-01-xqewh.mongodb.net:27017
Document{{_id=Leonor Silveira, count=8}}
Document{{_id=Joaquim de Almeida, count=6}}
Document{{_id=Isabel Ruth, count=6}}
Document{{_id=Joèo Cèsar Monteiro, count=5}}
Document{{_id=Catherine Deneuve, count=5}}
Document{{_id=John Malkovich, count=5}}
Document{{_id=Maria de Medeiros, count=5}}
Document{{_id=Ricardo Trèpa, count=5}}
Document{{_id=Luès Miguel Cintra, count=4}}
Document{{_id=Diogo Dèria, count=4}}
Document{{_id=Ana Bustorff, count=4}}
Document{{_id=Michel Piccoli, count=3}}
Document{{_id=Rita Blanco, count=3}}
Document{{_id=Manuela de Freitas, count=3}}
Document{{_id=Beatriz Batarda, count=3}}
Document{{_id=Marcello Mastroianni, count=3}}
Document{{_id=Vanda Duarte, count=3}}
Document{{_id=Melvil Poupaud, count=3}}
Document{{_id=Leonor Baldaque, count=3}}
Document{{_id=Adriano Luz, count=3}}
Document{{_id=Karra Elejalde, count=3}}
Document{{_id=Nuno Lopes, count=2}}
Document{{_id=Miguel Gomes, count=2}}
Document{{_id=Soraia Chaves, count=2}}
Document{{_id=Daniel de Oliveira, count=2}}
Document{{_id=Louis Garrel, count=2}}
Document{{_id=Marisa Paredes, count=2}}
Document{{_id=Antoine Chappey, count=2}}
Document{{_id=Ventura, count=2}}
Document{{_id=Sergio Rubini, count=2}}
Document{{_id=Cleia Almeida, count=2}}
Document{{_id=Diogo Infante, count=2}}
Document{{_id=Joana Preiss, count=2}}
Document{{_id=Thogun, count=2}}
Document{{_id=Luis Tosar, count=2}}
Document{{_id=Ruy Furtado, count=2}}
Document{{_id=Gustavo Sumpta, count=2}}
Document{{_id=Verena Jasch, count=2}}
Document{{_id=Rogèrio Samora, count=2}}
Document{{_id=Rafael Morais, count=2}}
Document{{_id=Joana de Verona, count=2}}
Document{{_id=Isa Hochgerner, count=2}}
Document{{_id=Francisco Gaspar, count=2}}
Document{{_id=Pilar Lèpez de Ayala, count=2}}
Document{{_id=Adolfo Assor, count=2}}
Document{{_id=Canto e Castro, count=2}}
Document{{_id=Gabino Diego, count=2}}
Document{{_id=Teresa Madruga, count=2}}
Document{{_id=Thomas Baumann, count=2}}
Document{{_id=Joèo Pedro Rodrigues, count=1}}
Document{{_id=Saakanush Vanyan, count=1}}
Document{{_id=Cètia Afonso, count=1}}
Document{{_id=Joaquina Chicau, count=1}}
Document{{_id=Miguel Raposo, count=1}}
Document{{_id=Manuel Soares, count=1}}
Document{{_id=Alexandra Maria Lara, count=1}}
Document{{_id=Camanè, count=1}}
Document{{_id=Kimmo Pohjonen, count=1}}
Document{{_id=Raoul Ruiz, count=1}}
Document{{_id=Jean-Yves Gautier, count=1}}
Document{{_id=Tito Furtado, count=1}}
Document{{_id=Ruy de Carvalho, count=1}}
Document{{_id=Clèudia Teixeira, count=1}}
Document{{_id=Walter Kohut, count=1}}
Document{{_id=èric Caravaca, count=1}}
Document{{_id=Maria Joèo Bastos, count=1}}
Document{{_id=Ricardo Azevedo, count=1}}
Document{{_id=Ana Graciela, count=1}}
Document{{_id=Serge Nicolai, count=1}}
Document{{_id=Oliveira Lopes, count=1}}
Document{{_id=Nuno Porfèrio, count=1}}
Document{{_id=Serge Daney, count=1}}
Document{{_id=Elvira Mènguez, count=1}}
Document{{_id=Ricardo Pereira, count=1}}
Document{{_id=Cècile Sanz de Alba, count=1}}
Document{{_id=Beatriz Torcato, count=1}}
Document{{_id=Filipa de Almeida, count=1}}
Document{{_id=Diogo Morgado, count=1}}
Document{{_id=Ricardo Darèn, count=1}}
Document{{_id=Axel Neumann, count=1}}
Document{{_id=Lambert Wilson, count=1}}
Document{{_id=Edward Hogg, count=1}}
Document{{_id=Olivia Corsini, count=1}}
Document{{_id=Tony Ramos, count=1}}
Document{{_id=Guillermo Toledo, count=1}}
Document{{_id=Gonèalo Ferreira De Almeida, count=1}}
Document{{_id=Jonathan Genet, count=1}}
Document{{_id=Helmut Griem, count=1}}
Document{{_id=Bèatrice Dalle, count=1}}
Document{{_id=Elsa Zylberstein, count=1}}
Document{{_id=Marcelo Faria, count=1}}
Document{{_id=Clarisse Abujamra, count=1}}
Document{{_id=Jean-Franèois Balmer, count=1}}
Document{{_id=Rodrigo Perdigèo, count=1}}
Document{{_id=Amba Bihler, count=1}}
Document{{_id=Antènio Pedroso, count=1}}
Document{{_id=Manuel Gomes Miranda, count=1}}
Document{{_id=Marcos Caruso, count=1}}
Document{{_id=Bebe, count=1}}
Document{{_id=Afonso Pimentel, count=1}}
Document{{_id=Vincent Perez, count=1}}
14:02:59.011 [main] DEBUG org.mongodb.driver.protocol.command - Sending command '{ "getMore" : 3221299612109513331, "collection" : "movies", "$db" : "sample_mflix", "$clusterTime" : { "clusterTime" : { "$timestamp" : { "t" : 1588840376, "i" : 1 } }, "signature" : { "hash" : { "$binary" : { "base64" : "A4rL4Ej2pzT4rYcZVp82UORuR9k=", "subType" : "00" } }, "keyId" : 6819605014537830403 } }, "lsid" : { "id" : { "$binary" : { "base64" : "Arg+I6vjQCCa1u1ApoULdQ==", "subType" : "04" } } } }' with request id 125 to database sample_mflix on connection [connectionId{localValue:27, serverValue:230305}] to server mflix-shard-00-01-xqewh.mongodb.net:27017
14:02:59.309 [main] DEBUG org.mongodb.driver.protocol.command - Execution of command with request id 125 completed successfully in 299.93 ms on connection [connectionId{localValue:27, serverValue:230305}] to server mflix-shard-00-01-xqewh.mongodb.net:27017
Document{{_id=Mot Harris Dunlop Stothart, count=1}}
Document{{_id=Carlos do Carmo, count=1}}
Document{{_id=Jeremy Irons, count=1}}
Document{{_id=Derek Keurvorst, count=1}}
Document{{_id=èlodie Bouchez, count=1}}
Document{{_id=Fernando Alves Pinto, count=1}}
Document{{_id=Nuno Gil, count=1}}
Document{{_id=Marta Etura, count=1}}
Document{{_id=Alexandra Lencastre, count=1}}
Document{{_id=Skyler Day, count=1}}
Document{{_id=Eduard Fernèndez, count=1}}
Document{{_id=èngels Barcelè, count=1}}
Document{{_id=Francis Frappat, count=1}}
Document{{_id=Vitalina Varela, count=1}}
Document{{_id=Maurice Bènichou, count=1}}
Document{{_id=Paul Giamatti, count=1}}
Document{{_id=Isabelle Huppert, count=1}}
Document{{_id=Leonor Watling, count=1}}
Document{{_id=Nuno Casanovas, count=1}}
Document{{_id=Beatrice Brown, count=1}}
Document{{_id=Joana Azevedo, count=1}}
Document{{_id=Mariya Lipkina, count=1}}
Document{{_id=Melchior Derouet, count=1}}
Document{{_id=Jack Huston, count=1}}
Document{{_id=Francisco Mozos, count=1}}
Document{{_id=Guy Marchand, count=1}}
Document{{_id=Leos Carax, count=1}}
Document{{_id=Alicia Fehrmann, count=1}}
Document{{_id=Antènio Assunèèo, count=1}}
Document{{_id=Ana Padrèo, count=1}}
Document{{_id=Shaghayegh Beheshti, count=1}}
Document{{_id=Maria Flor, count=1}}
Document{{_id=Rui Gomes, count=1}}
Document{{_id=Frèdèric Pierrot, count=1}}
Document{{_id=Beatriz Duarte, count=1}}
Document{{_id=Pedro Hestnes, count=1}}
Document{{_id=Paulo Renato, count=1}}
Document{{_id=Donatello Brida, count=1}}
Document{{_id=Corey Large, count=1}}
Document{{_id=Charo Lèpez, count=1}}
Document{{_id=Raoul Bova, count=1}}
Document{{_id=Ivo Barroso, count=1}}
Document{{_id=Filippo Nigro, count=1}}
Document{{_id=Daniel Duval, count=1}}
Document{{_id=Pedro Laginha, count=1}}
Document{{_id=Bulle Ogier, count=1}}
Document{{_id=Kevin Durand, count=1}}
Document{{_id=Juan Josè Ballesta, count=1}}
Document{{_id=Fatima Ennaflaoui, count=1}}
Document{{_id=Lena Duarte, count=1}}
Document{{_id=Patrick Bauchau, count=1}}
Document{{_id=Lydie Barbara, count=1}}
Document{{_id=John Jesus Romèo, count=1}}
Document{{_id=Netinho Alves, count=1}}
Document{{_id=Emma de Caunes, count=1}}
Document{{_id=Robert Pattinson, count=1}}
Document{{_id=Arielle Dombasle, count=1}}
Document{{_id=Frank Baker, count=1}}
Document{{_id=Timo Kèmèrèinen, count=1}}
Document{{_id=Nuno Vaz, count=1}}
Document{{_id=Irène Jacob, count=1}}
Document{{_id=Manuel Manquièa, count=1}}
Document{{_id=Ana Moreira, count=1}}
Document{{_id=Cindy Scrash, count=1}}
Document{{_id=Silvia Munt, count=1}}
Document{{_id=Daniel Auteuil, count=1}}
Document{{_id=Harvey Keitel, count=1}}
Document{{_id=Isabelle Weingarten, count=1}}
Document{{_id=Clara Lago, count=1}}
Document{{_id=Nuno Markl, count=1}}
Document{{_id=Sami Kuoppamèki, count=1}}
Document{{_id=Francesca Prandi, count=1}}
Document{{_id=Maren Ade, count=1}}
Document{{_id=Joèo Cajuda, count=1}}
Document{{_id=Fernanda Torres, count=1}}
Document{{_id=Inès de Medeiros, count=1}}
Document{{_id=Nik Xhelilaj, count=1}}
Document{{_id=Antonio Santos, count=1}}
Document{{_id=Vasco Sequeira, count=1}}
Document{{_id=Brigitte Fossey, count=1}}
Document{{_id=Colm Feore, count=1}}
Document{{_id=Makena Diop, count=1}}
Document{{_id=Joèo Roldan, count=1}}
Document{{_id=Edith Scob, count=1}}
Document{{_id=Nuno Leonel, count=1}}
Document{{_id=Scott Bailey, count=1}}
Document{{_id=Josè Airosa, count=1}}
Document{{_id=Charles Berling, count=1}}
Document{{_id=Telmo Churro, count=1}}
Document{{_id=Amèrico Mota, count=1}}
Document{{_id=Massimo Girotti, count=1}}
Document{{_id=Jean-Pierre Rehm, count=1}}
Document{{_id=Stefania Goulioti, count=1}}
Document{{_id=Fèbio Oliveira, count=1}}
Document{{_id=Rebecca Gomperts, count=1}}
Document{{_id=Dmitriy Podnozov, count=1}}
Document{{_id=Raquel Ascensèo, count=1}}
Document{{_id=Daniele Liotti, count=1}}
Document{{_id=Saffron Burrows, count=1}}
Document{{_id=Emma Griffiths Malin, count=1}}
Document{{_id=Vèctor Valdivia, count=1}}
Document{{_id=Maitè Proenèa, count=1}}
Document{{_id=Richard Courcet, count=1}}
Document{{_id=Cian Barry, count=1}}
Document{{_id=Sabine Azèma, count=1}}
Document{{_id=Domingos Fernandes Fonseca, count=1}}
Document{{_id=Emmanuelle Bèart, count=1}}
Document{{_id=Rita Pereira Marques, count=1}}
Document{{_id=Pilar del Rèo, count=1}}
Document{{_id=Bruna Di Tullio, count=1}}
Document{{_id=Sophie Guillemin, count=1}}
Document{{_id=Argyris Xafis, count=1}}
Document{{_id=Dieter Laser, count=1}}
Document{{_id=Natasha Wightman, count=1}}
Document{{_id=Chico Buarque de Hollanda, count=1}}
Document{{_id=Jorge Silva Melo, count=1}}
Document{{_id=Hortèncèlio Aquina, count=1}}
Document{{_id=Anabela Moreira, count=1}}
Document{{_id=Florentina Dumitru, count=1}}
Document{{_id=Petronio Gontijo, count=1}}
Document{{_id=Erika Alexander, count=1}}
Document{{_id=Pedro Abrunhosa, count=1}}
Document{{_id=Armanda Bacelar, count=1}}
Document{{_id=Fernando Guillèn Cuervo, count=1}}
Document{{_id=Rebecca Pauly, count=1}}
Document{{_id=Thiago Justino, count=1}}
Document{{_id=Joana Santos, count=1}}
Document{{_id=Eurico Vieira, count=1}}
Document{{_id=Roschdy Zem, count=1}}
Document{{_id=Ana Cristina de Oliveira, count=1}}
Document{{_id=Antènio Pedro Cerdeira, count=1}}
Document{{_id=Giovanna Mezzogiorno, count=1}}
Document{{_id=Rebeca Close, count=1}}
Document{{_id=Michelle Mania, count=1}}
Document{{_id=Jaime Pereira, count=1}}
Document{{_id=Joaquim Carvalho, count=1}}
Document{{_id=Nuno Bernardo, count=1}}
Document{{_id=Isaach De Bankolè, count=1}}
Document{{_id=Fabienne Babe, count=1}}
Document{{_id=Crista Alfaiate, count=1}}
Document{{_id=Marèa Barranco, count=1}}
Document{{_id=Ricardo Meneses, count=1}}
Document{{_id=Juanjo Puigcorbè, count=1}}
Document{{_id=Israel Gouvea, count=1}}
Document{{_id=Roberio Lima, count=1}}
Document{{_id=Rita Klein, count=1}}
Document{{_id=Drica Moraes, count=1}}
Document{{_id=Johan Libèreau, count=1}}
Document{{_id=Andreas Wilson, count=1}}
Document{{_id=Stefano Dionisi, count=1}}
Document{{_id=Samuli Kosminen, count=1}}
Document{{_id=Pascal Greggory, count=1}}
Document{{_id=Stefano Accorsi, count=1}}
Document{{_id=Devon Anderson, count=1}}
Document{{_id=Chico Dèaz, count=1}}
Document{{_id=Miriam Dèaz-Aroca, count=1}}
Document{{_id=Manuela Couto, count=1}}
Document{{_id=Neuci de Souza, count=1}}
Document{{_id=Rui Morrison, count=1}}
Document{{_id=Valentinas Masalskis, count=1}}
Document{{_id=Catarina Wallenstein, count=1}}
Document{{_id=Lila Downs, count=1}}
Document{{_id=Oksana Chernych, count=1}}
Document{{_id=Amira Casar, count=1}}
Document{{_id=Andre Barbosa, count=1}}
Document{{_id=Clotilde Hesme, count=1}}
Document{{_id=Robert Kramer, count=1}}
Document{{_id=Ellen Page, count=1}}
Document{{_id=Chandra Malatitch, count=1}}
Document{{_id=Carloto Cotta, count=1}}
Document{{_id=Manoel de Oliveira, count=1}}
Document{{_id=Jèlia Botelho, count=1}}
Document{{_id=Diego Noguera, count=1}}
Document{{_id=Reginaldo Faria, count=1}}
Document{{_id=Julie Balloo, count=1}}
Document{{_id=Valeria Bruni Tedeschi, count=1}}
Document{{_id=Joaquim Pinto, count=1}}
Document{{_id=Tèmas Lemarquis, count=1}}
Document{{_id=Mèrcio Libar, count=1}}
Document{{_id=Rèdiger Vogler, count=1}}
Document{{_id=Christian Vadim, count=1}}
Document{{_id=Sara Carinhas, count=1}}
Document{{_id=Sebastian Laustsen, count=1}}
Document{{_id=Joèo Rui Guerra da Mata, count=1}}
Document{{_id=Chiara Mastroianni, count=1}}
Document{{_id=Micaela Cardoso, count=1}}
Document{{_id=èlex Brendemèhl, count=1}}
Document{{_id=Fernando Luès, count=1}}
Document{{_id=Katya Ladan, count=1}}
Document{{_id=Alberto San Juan, count=1}}
Document{{_id=Anna Galiena, count=1}}
Document{{_id=Ilias Stothart, count=1}}
Document{{_id=Alix Wilton Regan, count=1}}
Document{{_id=Joèo Carreira, count=1}}
Document{{_id=Marco D'Almeida, count=1}}
Document{{_id=Ieronymos Kaletsanos, count=1}}
Document{{_id=Sandra Adair, count=1}}
Document{{_id=Pedro Granger, count=1}}
Document{{_id=Jèlia Buisel, count=1}}
Document{{_id=èlvaro de Luna, count=1}}
Document{{_id=August Diehl, count=1}}
Document{{_id=Maria Conchita Alonso, count=1}}
Document{{_id=Luès Melo, count=1}}
Document{{_id=Martina Gedeck, count=1}}
Document{{_id=Richard Linklater, count=1}}
Document{{_id=Fernando Fernèn Gèmez, count=1}}
Document{{_id=Juan Diego Botto, count=1}}
Document{{_id=Miguel Guilherme, count=1}}
Document{{_id=Isabel Abreu, count=1}}
Document{{_id=Mèlanie Laurent, count=1}}
Document{{_id=Ed Stoppard, count=1}}
Document{{_id=James Benning, count=1}}
Document{{_id=Romain Duris, count=1}}
Document{{_id=Nathalia Galgani, count=1}}
Document{{_id=Vicky Peèa, count=1}}
Document{{_id=Jean Luis Amorim, count=1}}
Document{{_id=Alexandre Borges, count=1}}
Document{{_id=Giuliano Gemma, count=1}}
Document{{_id=Geoffrey Carey, count=1}}
Document{{_id=Jorge Trèpa, count=1}}
Document{{_id=Carmelo Gèmez, count=1}}
Document{{_id=Andrzej Seweryn, count=1}}
Document{{_id=Rosana Pastor, count=1}}
Document{{_id=Stepan Nercessian, count=1}}
Document{{_id=Federico Luppi, count=1}}
Document{{_id=Cristina Cèmara, count=1}}
Document{{_id=Teresa Calado, count=1}}
Document{{_id=Mercedes Sampietro, count=1}}
Document{{_id=Aleksandre Saulov, count=1}}
Document{{_id=Rita Durèo, count=1}}
Document{{_id=Sènia Bandeira, count=1}}
Document{{_id=Bruno Todeschini, count=1}}
Document{{_id=Joèo Marèal, count=1}}
Document{{_id=Joao Afonso, count=1}}
Document{{_id=Jeffrey Kime, count=1}}
Document{{_id=Andrès Waas, count=1}}
Document{{_id=Pancho Garcia Aguirre, count=1}}
Document{{_id=Sarah Gadon, count=1}}
Document{{_id=Juan Echanove, count=1}}
Document{{_id=Lise Biskup, count=1}}
Document{{_id=Lou Bihler, count=1}}
Document{{_id=Alban Ukaj, count=1}}
Document{{_id=Penèlope Cruz, count=1}}
Document{{_id=Zita Duarte, count=1}}
Document{{_id=Iciar Bollain, count=1}}
Document{{_id=Ivo Canelas, count=1}}
14:02:59.342 [main] DEBUG org.mongodb.driver.protocol.command - Sending command '{ "aggregate" : "movies", "pipeline" : [{ "$match" : { "countries" : "Portugal" } }, { "$unwind" : "$cast" }, { "$sortByCount" : "$cast" }], "cursor" : { }, "$db" : "sample_mflix", "$clusterTime" : { "clusterTime" : { "$timestamp" : { "t" : 1588840376, "i" : 1 } }, "signature" : { "hash" : { "$binary" : { "base64" : "A4rL4Ej2pzT4rYcZVp82UORuR9k=", "subType" : "00" } }, "keyId" : 6819605014537830403 } }, "lsid" : { "id" : { "$binary" : { "base64" : "Arg+I6vjQCCa1u1ApoULdQ==", "subType" : "04" } } } }' with request id 126 to database sample_mflix on connection [connectionId{localValue:27, serverValue:230305}] to server mflix-shard-00-01-xqewh.mongodb.net:27017
14:02:59.637 [main] DEBUG org.mongodb.driver.protocol.command - Execution of command with request id 126 completed successfully in 296.15 ms on connection [connectionId{localValue:27, serverValue:230305}] to server mflix-shard-00-01-xqewh.mongodb.net:27017
Document{{_id=Leonor Silveira, count=8}}
Document{{_id=Joaquim de Almeida, count=6}}
Document{{_id=Isabel Ruth, count=6}}
Document{{_id=Joèo Cèsar Monteiro, count=5}}
Document{{_id=Catherine Deneuve, count=5}}
Document{{_id=John Malkovich, count=5}}
Document{{_id=Maria de Medeiros, count=5}}
Document{{_id=Ricardo Trèpa, count=5}}
Document{{_id=Luès Miguel Cintra, count=4}}
Document{{_id=Diogo Dèria, count=4}}
Document{{_id=Ana Bustorff, count=4}}
Document{{_id=Michel Piccoli, count=3}}
Document{{_id=Rita Blanco, count=3}}
Document{{_id=Manuela de Freitas, count=3}}
Document{{_id=Beatriz Batarda, count=3}}
Document{{_id=Marcello Mastroianni, count=3}}
Document{{_id=Vanda Duarte, count=3}}
Document{{_id=Melvil Poupaud, count=3}}
Document{{_id=Leonor Baldaque, count=3}}
Document{{_id=Adriano Luz, count=3}}
Document{{_id=Karra Elejalde, count=3}}
Document{{_id=Nuno Lopes, count=2}}
Document{{_id=Miguel Gomes, count=2}}
Document{{_id=Soraia Chaves, count=2}}
Document{{_id=Daniel de Oliveira, count=2}}
Document{{_id=Louis Garrel, count=2}}
Document{{_id=Marisa Paredes, count=2}}
Document{{_id=Antoine Chappey, count=2}}
Document{{_id=Ventura, count=2}}
Document{{_id=Sergio Rubini, count=2}}
Document{{_id=Cleia Almeida, count=2}}
Document{{_id=Diogo Infante, count=2}}
Document{{_id=Joana Preiss, count=2}}
Document{{_id=Thogun, count=2}}
Document{{_id=Luis Tosar, count=2}}
Document{{_id=Ruy Furtado, count=2}}
Document{{_id=Gustavo Sumpta, count=2}}
Document{{_id=Verena Jasch, count=2}}
Document{{_id=Rogèrio Samora, count=2}}
Document{{_id=Rafael Morais, count=2}}
Document{{_id=Joana de Verona, count=2}}
Document{{_id=Isa Hochgerner, count=2}}
Document{{_id=Francisco Gaspar, count=2}}
Document{{_id=Pilar Lèpez de Ayala, count=2}}
Document{{_id=Adolfo Assor, count=2}}
Document{{_id=Canto e Castro, count=2}}
Document{{_id=Gabino Diego, count=2}}
Document{{_id=Teresa Madruga, count=2}}
Document{{_id=Thomas Baumann, count=2}}
Document{{_id=Joèo Pedro Rodrigues, count=1}}
Document{{_id=Saakanush Vanyan, count=1}}
Document{{_id=Cètia Afonso, count=1}}
Document{{_id=Joaquina Chicau, count=1}}
Document{{_id=Miguel Raposo, count=1}}
Document{{_id=Manuel Soares, count=1}}
Document{{_id=Alexandra Maria Lara, count=1}}
Document{{_id=Camanè, count=1}}
Document{{_id=Kimmo Pohjonen, count=1}}
Document{{_id=Raoul Ruiz, count=1}}
Document{{_id=Jean-Yves Gautier, count=1}}
Document{{_id=Tito Furtado, count=1}}
Document{{_id=Ruy de Carvalho, count=1}}
Document{{_id=Clèudia Teixeira, count=1}}
Document{{_id=Walter Kohut, count=1}}
Document{{_id=èric Caravaca, count=1}}
Document{{_id=Maria Joèo Bastos, count=1}}
Document{{_id=Ricardo Azevedo, count=1}}
Document{{_id=Ana Graciela, count=1}}
Document{{_id=Serge Nicolai, count=1}}
Document{{_id=Oliveira Lopes, count=1}}
Document{{_id=Nuno Porfèrio, count=1}}
Document{{_id=Serge Daney, count=1}}
Document{{_id=Elvira Mènguez, count=1}}
Document{{_id=Ricardo Pereira, count=1}}
Document{{_id=Cècile Sanz de Alba, count=1}}
Document{{_id=Beatriz Torcato, count=1}}
Document{{_id=Filipa de Almeida, count=1}}
Document{{_id=Diogo Morgado, count=1}}
Document{{_id=Ricardo Darèn, count=1}}
Document{{_id=Axel Neumann, count=1}}
Document{{_id=Lambert Wilson, count=1}}
Document{{_id=Edward Hogg, count=1}}
Document{{_id=Olivia Corsini, count=1}}
Document{{_id=Tony Ramos, count=1}}
Document{{_id=Guillermo Toledo, count=1}}
Document{{_id=Gonèalo Ferreira De Almeida, count=1}}
Document{{_id=Jonathan Genet, count=1}}
Document{{_id=Helmut Griem, count=1}}
Document{{_id=Bèatrice Dalle, count=1}}
Document{{_id=Elsa Zylberstein, count=1}}
Document{{_id=Marcelo Faria, count=1}}
Document{{_id=Clarisse Abujamra, count=1}}
Document{{_id=Jean-Franèois Balmer, count=1}}
Document{{_id=Rodrigo Perdigèo, count=1}}
Document{{_id=Amba Bihler, count=1}}
Document{{_id=Antènio Pedroso, count=1}}
Document{{_id=Manuel Gomes Miranda, count=1}}
Document{{_id=Marcos Caruso, count=1}}
Document{{_id=Bebe, count=1}}
Document{{_id=Afonso Pimentel, count=1}}
Document{{_id=Vincent Perez, count=1}}
14:02:59.649 [main] DEBUG org.mongodb.driver.protocol.command - Sending command '{ "getMore" : 628153626594310289, "collection" : "movies", "$db" : "sample_mflix", "$clusterTime" : { "clusterTime" : { "$timestamp" : { "t" : 1588840376, "i" : 1 } }, "signature" : { "hash" : { "$binary" : { "base64" : "A4rL4Ej2pzT4rYcZVp82UORuR9k=", "subType" : "00" } }, "keyId" : 6819605014537830403 } }, "lsid" : { "id" : { "$binary" : { "base64" : "Arg+I6vjQCCa1u1ApoULdQ==", "subType" : "04" } } } }' with request id 127 to database sample_mflix on connection [connectionId{localValue:27, serverValue:230305}] to server mflix-shard-00-01-xqewh.mongodb.net:27017
14:03:00.008 [main] DEBUG org.mongodb.driver.protocol.command - Execution of command with request id 127 completed successfully in 360.50 ms on connection [connectionId{localValue:27, serverValue:230305}] to server mflix-shard-00-01-xqewh.mongodb.net:27017
Document{{_id=Mot Harris Dunlop Stothart, count=1}}
Document{{_id=Carlos do Carmo, count=1}}
Document{{_id=Jeremy Irons, count=1}}
Document{{_id=Derek Keurvorst, count=1}}
Document{{_id=èlodie Bouchez, count=1}}
Document{{_id=Fernando Alves Pinto, count=1}}
Document{{_id=Alexandra Lencastre, count=1}}
Document{{_id=Marta Etura, count=1}}
Document{{_id=Nuno Gil, count=1}}
Document{{_id=Skyler Day, count=1}}
Document{{_id=Eduard Fernèndez, count=1}}
Document{{_id=èngels Barcelè, count=1}}
Document{{_id=Francis Frappat, count=1}}
Document{{_id=Vitalina Varela, count=1}}
Document{{_id=Maurice Bènichou, count=1}}
Document{{_id=Paul Giamatti, count=1}}
Document{{_id=Isabelle Huppert, count=1}}
Document{{_id=Leonor Watling, count=1}}
Document{{_id=Nuno Casanovas, count=1}}
Document{{_id=Beatrice Brown, count=1}}
Document{{_id=Joana Azevedo, count=1}}
Document{{_id=Mariya Lipkina, count=1}}
Document{{_id=Melchior Derouet, count=1}}
Document{{_id=Jack Huston, count=1}}
Document{{_id=Francisco Mozos, count=1}}
Document{{_id=Guy Marchand, count=1}}
Document{{_id=Leos Carax, count=1}}
Document{{_id=Alicia Fehrmann, count=1}}
Document{{_id=Antènio Assunèèo, count=1}}
Document{{_id=Ana Padrèo, count=1}}
Document{{_id=Shaghayegh Beheshti, count=1}}
Document{{_id=Maria Flor, count=1}}
Document{{_id=Rui Gomes, count=1}}
Document{{_id=Frèdèric Pierrot, count=1}}
Document{{_id=Beatriz Duarte, count=1}}
Document{{_id=Pedro Hestnes, count=1}}
Document{{_id=Paulo Renato, count=1}}
Document{{_id=Donatello Brida, count=1}}
Document{{_id=Corey Large, count=1}}
Document{{_id=Charo Lèpez, count=1}}
Document{{_id=Raoul Bova, count=1}}
Document{{_id=Ivo Barroso, count=1}}
Document{{_id=Filippo Nigro, count=1}}
Document{{_id=Daniel Duval, count=1}}
Document{{_id=Pedro Laginha, count=1}}
Document{{_id=Bulle Ogier, count=1}}
Document{{_id=Kevin Durand, count=1}}
Document{{_id=Juan Josè Ballesta, count=1}}
Document{{_id=Fatima Ennaflaoui, count=1}}
Document{{_id=Lena Duarte, count=1}}
Document{{_id=Patrick Bauchau, count=1}}
Document{{_id=Lydie Barbara, count=1}}
Document{{_id=John Jesus Romèo, count=1}}
Document{{_id=Netinho Alves, count=1}}
Document{{_id=Emma de Caunes, count=1}}
Document{{_id=Robert Pattinson, count=1}}
Document{{_id=Arielle Dombasle, count=1}}
Document{{_id=Frank Baker, count=1}}
Document{{_id=Timo Kèmèrèinen, count=1}}
Document{{_id=Nuno Vaz, count=1}}
Document{{_id=Irène Jacob, count=1}}
Document{{_id=Manuel Manquièa, count=1}}
Document{{_id=Ana Moreira, count=1}}
Document{{_id=Cindy Scrash, count=1}}
Document{{_id=Silvia Munt, count=1}}
Document{{_id=Daniel Auteuil, count=1}}
Document{{_id=Harvey Keitel, count=1}}
Document{{_id=Isabelle Weingarten, count=1}}
Document{{_id=Clara Lago, count=1}}
Document{{_id=Nuno Markl, count=1}}
Document{{_id=Sami Kuoppamèki, count=1}}
Document{{_id=Francesca Prandi, count=1}}
Document{{_id=Maren Ade, count=1}}
Document{{_id=Joèo Cajuda, count=1}}
Document{{_id=Fernanda Torres, count=1}}
Document{{_id=Inès de Medeiros, count=1}}
Document{{_id=Nik Xhelilaj, count=1}}
Document{{_id=Antonio Santos, count=1}}
Document{{_id=Brigitte Fossey, count=1}}
Document{{_id=Vasco Sequeira, count=1}}
Document{{_id=Colm Feore, count=1}}
Document{{_id=Makena Diop, count=1}}
Document{{_id=Joèo Roldan, count=1}}
Document{{_id=Edith Scob, count=1}}
Document{{_id=Nuno Leonel, count=1}}
Document{{_id=Scott Bailey, count=1}}
Document{{_id=Josè Airosa, count=1}}
Document{{_id=Charles Berling, count=1}}
Document{{_id=Telmo Churro, count=1}}
Document{{_id=Amèrico Mota, count=1}}
Document{{_id=Massimo Girotti, count=1}}
Document{{_id=Jean-Pierre Rehm, count=1}}
Document{{_id=Stefania Goulioti, count=1}}
Document{{_id=Fèbio Oliveira, count=1}}
Document{{_id=Rebecca Gomperts, count=1}}
Document{{_id=Dmitriy Podnozov, count=1}}
Document{{_id=Raquel Ascensèo, count=1}}
Document{{_id=Daniele Liotti, count=1}}
Document{{_id=Saffron Burrows, count=1}}
Document{{_id=Emma Griffiths Malin, count=1}}
Document{{_id=Vèctor Valdivia, count=1}}
Document{{_id=Maitè Proenèa, count=1}}
Document{{_id=Richard Courcet, count=1}}
Document{{_id=Cian Barry, count=1}}
Document{{_id=Sabine Azèma, count=1}}
Document{{_id=Domingos Fernandes Fonseca, count=1}}
Document{{_id=Emmanuelle Bèart, count=1}}
Document{{_id=Rita Pereira Marques, count=1}}
Document{{_id=Pilar del Rèo, count=1}}
Document{{_id=Bruna Di Tullio, count=1}}
Document{{_id=Sophie Guillemin, count=1}}
Document{{_id=Argyris Xafis, count=1}}
Document{{_id=Dieter Laser, count=1}}
Document{{_id=Natasha Wightman, count=1}}
Document{{_id=Chico Buarque de Hollanda, count=1}}
Document{{_id=Jorge Silva Melo, count=1}}
Document{{_id=Hortèncèlio Aquina, count=1}}
Document{{_id=Anabela Moreira, count=1}}
Document{{_id=Florentina Dumitru, count=1}}
Document{{_id=Petronio Gontijo, count=1}}
Document{{_id=Erika Alexander, count=1}}
Document{{_id=Pedro Abrunhosa, count=1}}
Document{{_id=Armanda Bacelar, count=1}}
Document{{_id=Fernando Guillèn Cuervo, count=1}}
Document{{_id=Rebecca Pauly, count=1}}
Document{{_id=Thiago Justino, count=1}}
Document{{_id=Joana Santos, count=1}}
Document{{_id=Eurico Vieira, count=1}}
Document{{_id=Roschdy Zem, count=1}}
Document{{_id=Antènio Pedro Cerdeira, count=1}}
Document{{_id=Ana Cristina de Oliveira, count=1}}
Document{{_id=Giovanna Mezzogiorno, count=1}}
Document{{_id=Rebeca Close, count=1}}
Document{{_id=Michelle Mania, count=1}}
Document{{_id=Jaime Pereira, count=1}}
Document{{_id=Joaquim Carvalho, count=1}}
Document{{_id=Nuno Bernardo, count=1}}
Document{{_id=Isaach De Bankolè, count=1}}
Document{{_id=Fabienne Babe, count=1}}
Document{{_id=Crista Alfaiate, count=1}}
Document{{_id=Marèa Barranco, count=1}}
Document{{_id=Ricardo Meneses, count=1}}
Document{{_id=Juanjo Puigcorbè, count=1}}
Document{{_id=Israel Gouvea, count=1}}
Document{{_id=Roberio Lima, count=1}}
Document{{_id=Rita Klein, count=1}}
Document{{_id=Drica Moraes, count=1}}
Document{{_id=Johan Libèreau, count=1}}
Document{{_id=Andreas Wilson, count=1}}
Document{{_id=Stefano Dionisi, count=1}}
Document{{_id=Samuli Kosminen, count=1}}
Document{{_id=Pascal Greggory, count=1}}
Document{{_id=Stefano Accorsi, count=1}}
Document{{_id=Devon Anderson, count=1}}
Document{{_id=Miriam Dèaz-Aroca, count=1}}
Document{{_id=Manuela Couto, count=1}}
Document{{_id=Chico Dèaz, count=1}}
Document{{_id=Neuci de Souza, count=1}}
Document{{_id=Valentinas Masalskis, count=1}}
Document{{_id=Catarina Wallenstein, count=1}}
Document{{_id=Lila Downs, count=1}}
Document{{_id=Rui Morrison, count=1}}
Document{{_id=Oksana Chernych, count=1}}
Document{{_id=Amira Casar, count=1}}
Document{{_id=Andre Barbosa, count=1}}
Document{{_id=Clotilde Hesme, count=1}}
Document{{_id=Robert Kramer, count=1}}
Document{{_id=Ellen Page, count=1}}
Document{{_id=Chandra Malatitch, count=1}}
Document{{_id=Carloto Cotta, count=1}}
Document{{_id=Manoel de Oliveira, count=1}}
Document{{_id=Jèlia Botelho, count=1}}
Document{{_id=Diego Noguera, count=1}}
Document{{_id=Reginaldo Faria, count=1}}
Document{{_id=Julie Balloo, count=1}}
Document{{_id=Valeria Bruni Tedeschi, count=1}}
Document{{_id=Joaquim Pinto, count=1}}
Document{{_id=Tèmas Lemarquis, count=1}}
Document{{_id=Mèrcio Libar, count=1}}
Document{{_id=Rèdiger Vogler, count=1}}
Document{{_id=Christian Vadim, count=1}}
Document{{_id=Sara Carinhas, count=1}}
Document{{_id=Sebastian Laustsen, count=1}}
Document{{_id=Joèo Rui Guerra da Mata, count=1}}
Document{{_id=Micaela Cardoso, count=1}}
Document{{_id=Chiara Mastroianni, count=1}}
Document{{_id=èlex Brendemèhl, count=1}}
Document{{_id=Fernando Luès, count=1}}
Document{{_id=Katya Ladan, count=1}}
Document{{_id=Alberto San Juan, count=1}}
Document{{_id=Anna Galiena, count=1}}
Document{{_id=Ilias Stothart, count=1}}
Document{{_id=Alix Wilton Regan, count=1}}
Document{{_id=Joèo Carreira, count=1}}
Document{{_id=Marco D'Almeida, count=1}}
Document{{_id=Ieronymos Kaletsanos, count=1}}
Document{{_id=Sandra Adair, count=1}}
Document{{_id=Pedro Granger, count=1}}
Document{{_id=Jèlia Buisel, count=1}}
Document{{_id=èlvaro de Luna, count=1}}
Document{{_id=August Diehl, count=1}}
Document{{_id=Maria Conchita Alonso, count=1}}
Document{{_id=Luès Melo, count=1}}
Document{{_id=Martina Gedeck, count=1}}
Document{{_id=Richard Linklater, count=1}}
Document{{_id=Fernando Fernèn Gèmez, count=1}}
Document{{_id=Juan Diego Botto, count=1}}
Document{{_id=Miguel Guilherme, count=1}}
Document{{_id=Isabel Abreu, count=1}}
Document{{_id=Mèlanie Laurent, count=1}}
Document{{_id=Ed Stoppard, count=1}}
Document{{_id=James Benning, count=1}}
Document{{_id=Romain Duris, count=1}}
Document{{_id=Nathalia Galgani, count=1}}
Document{{_id=Vicky Peèa, count=1}}
Document{{_id=Jean Luis Amorim, count=1}}
Document{{_id=Alexandre Borges, count=1}}
Document{{_id=Giuliano Gemma, count=1}}
Document{{_id=Geoffrey Carey, count=1}}
Document{{_id=Jorge Trèpa, count=1}}
Document{{_id=Carmelo Gèmez, count=1}}
Document{{_id=Aleksandre Saulov, count=1}}
Document{{_id=Andrzej Seweryn, count=1}}
Document{{_id=Stepan Nercessian, count=1}}
Document{{_id=Federico Luppi, count=1}}
Document{{_id=Cristina Cèmara, count=1}}
Document{{_id=Mercedes Sampietro, count=1}}
Document{{_id=Teresa Calado, count=1}}
Document{{_id=Rosana Pastor, count=1}}
Document{{_id=Rita Durèo, count=1}}
Document{{_id=Sènia Bandeira, count=1}}
Document{{_id=Bruno Todeschini, count=1}}
Document{{_id=Joèo Marèal, count=1}}
Document{{_id=Joao Afonso, count=1}}
Document{{_id=Jeffrey Kime, count=1}}
Document{{_id=Andrès Waas, count=1}}
Document{{_id=Pancho Garcia Aguirre, count=1}}
Document{{_id=Sarah Gadon, count=1}}
Document{{_id=Juan Echanove, count=1}}
Document{{_id=Lise Biskup, count=1}}
Document{{_id=Lou Bihler, count=1}}
Document{{_id=Alban Ukaj, count=1}}
Document{{_id=Penèlope Cruz, count=1}}
Document{{_id=Zita Duarte, count=1}}
Document{{_id=Ivo Canelas, count=1}}
Document{{_id=Iciar Bollain, count=1}}
]]></system-out>
  </testcase>
</testsuite>